**LOG BEGUN     2024-12-31 11:31:38,673
loading C:eftlink.log4j2.xml
2024-12-31 11:31:38,895 INFO  [WrapperSimpleAppMain] (EFTLink:340) -  EftlinkConfig.properties found on classpath, already in local folder - update check n/a
2024-12-31 11:31:38,917 INFO  [WrapperSimpleAppMain] (EPSFileProperties:65) -  loading properties file EftlinkConfig.properties from C:\eftlink
2024-12-31 11:31:38,929 INFO  [WrapperSimpleAppMain] (OPIServer:3444) - EF/8007 OPI Server v23.0.0.14 20230719-1616 primary root C:\eftlink instance root C:\eftlink
2024-12-31 11:31:39,591 INFO  [WrapperSimpleAppMain] (EPSFileProperties:65) - EF/8007 loading properties file comms.keystore.properties from C:\eftlink\keys
2024-12-31 11:31:40,122 INFO  [WrapperSimpleAppMain] (OPIMessageServer:118) - EF/8007 executing OPIMessageServer for eftlink application/service
2024-12-31 11:31:40,414 INFO  [WrapperSimpleAppMain] (OPIServer:3591) - EF/8007 deferring all initialisation till POS type is known
2024-12-31 11:31:40,674 INFO  [WrapperSimpleAppMain] (Utils:701) - EF/8007 Startup information 
  System hardware / OS information 
   OS name                 Windows 10
   OS arch                 amd64
   OS version              10.0
   Available CPU cores     8
   Free memory bytes       12813248
   Max memory bytes        268435456
   encoding                UTF8
  File system      
   File system root        C:\
   Usable space bytes      66865979392
   File system root        D:\
   Usable space bytes      ########6672
  Java information 
   Java version            11.0.3
   Java home               c:\jre
   Java path               null
  Total memory available to JVM (bytes): 27262976
   Available JVM mem bytes 27262976
  User information 
   User name               AT20315667
  Libraries versions - class path 
   lib/angus-activation-1.0.0.jar                              1.0.0              
   lib/gson-2.10.1.jar                                         2.10.1             
   lib/jakarta.activation-api-2.1.1.jar                        2.1.1              
   lib/jakarta.json-1.1.1.jar                                  1.1.1              
   lib/jakarta.servlet-api-4.0.4.jar                           4.0.0              
   lib/jakarta.xml.bind-api-4.0.0.jar                          4.0.0              
   lib/jakarta.xml.soap-api-3.0.0.jar                          3.0.0              
   lib/jetty-client-9.4.51.v20230217.jar                       9.4.51.v20230217   
   lib/jetty-http-9.4.51.v20230217.jar                         9.4.51.v20230217   
   lib/jetty-io-9.4.51.v20230217.jar                           9.4.51.v20230217   
   lib/jetty-security-9.4.51.v20230217.jar                     9.4.51.v20230217   
   lib/jetty-server-9.4.51.v20230217.jar                       9.4.51.v20230217   
   lib/jetty-servlet-9.4.51.v20230217.jar                      9.4.51.v20230217   
   lib/jetty-util-9.4.51.v20230217.jar                         9.4.51.v20230217   
   lib/jetty-util-ajax-9.4.51.v20230217.jar                    9.4.51.v20230217   
   lib/jetty-xml-9.4.51.v20230217.jar                          9.4.51.v20230217   
   lib/log4j-api-2.20.0.jar                                    2.20.0             
   lib/log4j-core-2.20.0.jar                                   2.20.0             
   lib/saaj-impl-3.0.0.jar                                     3.0.0              
   lib/stax-ex-2.1.0.jar                                       2.1.0              
   lib/websocket-api-9.4.51.v20230217.jar                      9.4.51.v20230217   
   lib/websocket-client-9.4.51.v20230217.jar                   9.4.51.v20230217   
   lib/websocket-common-9.4.51.v20230217.jar                   9.4.51.v20230217   
   lib/websocket-server-9.4.51.v20230217.jar                   9.4.51.v20230217   
   lib/websocket-servlet-9.4.51.v20230217.jar                  9.4.51.v20230217   
   lib/wrapper.jar                                             3.5.53             
   cores/Adyen/AdyenCore.jar                                   v23.0.0.5           EFTLink v23.0.0.5-141        
   cores/Cayan/cayancore.jar                                   v23.0.0.3           EFTLink v23.0.0.3-141        
   cores/FIPay/FIPayCore.jar                                   v23.0.0.2           EFTLink v23.0.0.2-141        
   cores/OciusSentinel/ociussentinelcore.jar                   v23.0.0.2           EFTLink v23.0.0.2-141        
   cores/opiRetail/opiretail.jar                               v23.0.0.24          EFTLink v23.0.0.24-141       
   cores/paybylink/paybylink.jar                               v23.0.0.2           EFTLink v23.0.0.2-141        
   cores/PointUS/Pointuscore.jar                               v23.0.0.4           EFTLink v23.0.0.4-141        
   cores/SixPay/sixpaycore.jar                                 v23.0.0.1           EFTLink v23.0.0.1-141        
   cores/SolveConnect/SolveConnect.jar                         v23.0.0.1           EFTLink v23.0.0.1-141        
   cores/TenderRetail/epstenderretail.jar                      v23.0.0.2           EFTLink v23.0.0.2-141        
   cores/WorldPay/worldpaycore.jar                             v23.0.0.1           EFTLink v23.0.0.1-141        
   cores/PayPal/PayPalCore.jar                                 v23.0.0.1           EFTLink v23.0.0.1-141        
   cores/Geidea/GeideaCore.jar                                 1.0                
2024-12-31 11:31:40,675 INFO  [WrapperSimpleAppMain] (OPIMessageServer:349) - EF/8007 starting TLS message server localhost/10100
2024-12-31 11:31:40,700 INFO  [WrapperSimpleAppMain] (OPIMessageServer$ConnectionHandler:687) - EF/8007 starting connection handler on 10100/1659999783
2024-12-31 11:31:40,702 INFO  [OPIMessageServer[1659999783]] (OPIMessageServer$ConnectionHandler:714) -  Configured to check for expired TLS certificates, TLSExpiryWarningLogDays: 90
2024-12-31 11:32:38,075 INFO  [OPIMessageServer[1659999783]] (OPIMessageServer$ConnectionHandler:811) -  connection accepted from 127.0.0.1/10100/61644-TLS starting message session 1874496873/673327536
2024-12-31 11:32:38,076 INFO  [OPIMessageServerSession[1874496873]] (OPIServer:569) -  POS connected - message session 1874496873 socket 10100/61644-TLS
2024-12-31 11:32:38,128 INFO  [OPIMessageServerSession[1874496873]] (OPISession:744) -  received from 10100/61644-TLS:
<?xml version='1.0' encoding='UTF-8'?>
<ServiceRequest RequestType="Login" ApplicationSender="XSTORE" WorkstationID="1" RequestID="1">
  <POSdata LanguageCode="eng">
    <POSTimeStamp>2024-12-31T11:32:37</POSTimeStamp>
    <StoreID>11347</StoreID>
    <StoreName>Salama Centre Showroom - Jeddah</StoreName>
    <StoreAddress1>30500 Bruce Industrial Pkwy</StoreAddress1>
    <StoreCity>Jeddah</StoreCity>
    <StoreCountry>SA</StoreCountry>
    <StoreLatitude>0.0</StoreLatitude>
    <StoreLongitude>0.0</StoreLongitude>
  </POSdata>
</ServiceRequest>
2024-12-31 11:32:38,135 INFO  [OPIMessageServer MessageEvent[1434164407]] (OPIServer:3308) -  pre-initialisation for POS type: xstore
2024-12-31 11:32:38,136 INFO  [OPIMessageServer MessageEvent[1434164407]] (OPIServer:3344) -  PosType set to 6
2024-12-31 11:32:38,136 INFO  [OPIMessageServer MessageEvent[1434164407]] (OPIServer:3365) -  PosIfsfCompliance set to 0
2024-12-31 11:32:38,136 INFO  [OPIMessageServer MessageEvent[1434164407]] (OPIServer:3368) -  Adopting Comms Language <eng> from POS message
2024-12-31 11:32:38,143 INFO  [OPIMessageServer MessageEvent[1434164407]] (DeviceAccessHandler:162) -  DeviceAccessHandler loaded
2024-12-31 11:32:38,144 INFO  [OPIMessageServer MessageEvent[1434164407]] (DataAccessHandler:34) -  DataAccessHandler loaded
2024-12-31 11:32:38,147 INFO  [OPIMessageServer MessageEvent[1434164407]] (Text:81) -  found local translation file C:\eftlink\LangEN.properties
2024-12-31 11:32:38,147 INFO  [OPIMessageServer MessageEvent[1434164407]] (EPSFileProperties:65) -  loading properties file LangEN.properties from C:\eftlink
2024-12-31 11:32:38,150 INFO  [OPIMessageServer MessageEvent[1434164407]] (EPSProduct:226) -  fuel product codes: ,0,1,2,3,4,5,6,8,10,11,12,13,14,15,16,17,18,19,20,21,22,23,28,30,31,
2024-12-31 11:32:38,152 INFO  [OPIMessageServer MessageEvent[1434164407]] (EPSProduct:231) -  dispensable fuel product codes: ,1,2,3,4,5,6,20,21,22,23,28,30,31,
2024-12-31 11:32:38,152 INFO  [OPIMessageServer MessageEvent[1434164407]] (OPIServer:2943) -  setting 2 decimal places
2024-12-31 11:32:38,156 ERROR [OPIMessageServer MessageEvent[1434164407]] (EPSCoreFactory:240) -  failed to instantiate core com.asq.geidea.AsqGeideaCore: 
java.lang.NoClassDefFoundError: net/geidea/ecr/ECRWrapper
	at com.asq.geidea.AsqGeideaCore.<clinit>(AsqGeideaCore.java:22) ~[GeideaCore.jar:?]
	at java.lang.Class.forName0(Native Method) ~[?:?]
	at java.lang.Class.forName(Class.java:315) ~[?:?]
	at manito.eft.common.EPSCoreFactory.instantiateCore(EPSCoreFactory.java:217) [eftlink.jar:?]
	at manito.eft.common.EPSCoreFactory.getCores(EPSCoreFactory.java:135) [eftlink.jar:?]
	at manito.eft.common.EPSCoreFactory.getCores(EPSCoreFactory.java:51) [eftlink.jar:?]
	at manito.eft.opi.server.OPIServer.completeInitialisation(OPIServer.java:2967) [eftlink.jar:?]
	at manito.eft.opi.server.OPIServer.messageReceived(OPIServer.java:1087) [eftlink.jar:?]
	at manito.eft.opi.messages.OPIMessageServer$MessageEvent.run(OPIMessageServer.java:894) [eftlink.jar:?]
	at java.lang.Thread.run(Thread.java:834) [?:?]
Caused by: java.lang.ClassNotFoundException: net.geidea.ecr.ECRWrapper
	at jdk.internal.loader.BuiltinClassLoader.loadClass(BuiltinClassLoader.java:583) ~[?:?]
	at jdk.internal.loader.ClassLoaders$AppClassLoader.loadClass(ClassLoaders.java:178) ~[?:?]
	at java.lang.ClassLoader.loadClass(ClassLoader.java:521) ~[?:?]
	... 10 more
2024-12-31 11:32:38,161 ERROR [OPIMessageServer MessageEvent[1434164407]] (EPSCoreFactory:144) -  primary core failed - aborting initialisation
2024-12-31 11:32:38,172 INFO  [OPIMessageServer MessageEvent[1434164407]] (CardRangeBuilder:245) -  Loading card ranges from C:\eftlink\CardRange.xml
2024-12-31 11:32:38,193 INFO  [OPIMessageServer MessageEvent[1434164407]] (CardRangeBuilder:322) -  attributes set for card type 80: [[Attribute: CardType="80"], [Attribute: MaskTo="12"], [Attribute: MaskFrom="7"], [Attribute: LoyaltyEligible="true"]]
2024-12-31 11:32:38,193 INFO  [OPIMessageServer MessageEvent[1434164407]] (CardRangeBuilder:430) -  Card Range: 650611+-659999+ "DISCOVER" card type 80
2024-12-31 11:32:38,194 INFO  [OPIMessageServer MessageEvent[1434164407]] (CardRangeBuilder:430) -  Card Range: 650601+-650609+ "DISCOVER" card type 80
2024-12-31 11:32:38,194 INFO  [OPIMessageServer MessageEvent[1434164407]] (CardRangeBuilder:430) -  Card Range: 650000+-650600+ "DISCOVER" card type 80
2024-12-31 11:32:38,194 INFO  [OPIMessageServer MessageEvent[1434164407]] (CardRangeBuilder:430) -  Card Range: 6440+-6499+ "DISCOVER" card type 80
2024-12-31 11:32:38,194 INFO  [OPIMessageServer MessageEvent[1434164407]] (CardRangeBuilder:430) -  Card Range: 6282+-6288+ "UNIONPAY" card type 80
2024-12-31 11:32:38,194 INFO  [OPIMessageServer MessageEvent[1434164407]] (CardRangeBuilder:430) -  Card Range: 6240+-6269+ "UNIONPAY" card type 80
2024-12-31 11:32:38,195 INFO  [OPIMessageServer MessageEvent[1434164407]] (CardRangeBuilder:430) -  Card Range: 622126+-622925+ "UNIONPAY" card type 80
2024-12-31 11:32:38,195 INFO  [OPIMessageServer MessageEvent[1434164407]] (CardRangeBuilder:430) -  Card Range: 601105+-601199+ "DISCOVER" card type 80
2024-12-31 11:32:38,195 INFO  [OPIMessageServer MessageEvent[1434164407]] (CardRangeBuilder:430) -  Card Range: 601100+-601103+ "DISCOVER" card type 80
2024-12-31 11:32:38,195 INFO  [OPIMessageServer MessageEvent[1434164407]] (CardRangeBuilder:430) -  Card Range: 51+-55+ "MASTERCARD" card type 80
2024-12-31 11:32:38,196 INFO  [OPIMessageServer MessageEvent[1434164407]] (CardRangeBuilder:430) -  Card Range: 222100+-272099+ "MASTERCARD" card type 80
2024-12-31 11:32:38,196 INFO  [OPIMessageServer MessageEvent[1434164407]] (CardRangeBuilder:430) -  Card Range: 3528+-3589+ "JCB" card type 80
2024-12-31 11:32:38,196 INFO  [OPIMessageServer MessageEvent[1434164407]] (CardRangeBuilder:430) -  Card Range: 4+-4+ "VISA" card type 80
2024-12-31 11:32:38,196 INFO  [OPIMessageServer MessageEvent[1434164407]] (CardRangeBuilder:430) -  Card Range: 37+-37+ "AMERICAN_EXPRESS" card type 80
2024-12-31 11:32:38,196 INFO  [OPIMessageServer MessageEvent[1434164407]] (CardRangeBuilder:430) -  Card Range: 38+-39+ "DINERS_CLUB" card type 80
2024-12-31 11:32:38,197 INFO  [OPIMessageServer MessageEvent[1434164407]] (CardRangeBuilder:430) -  Card Range: 36+-36+ "DINERS_CLUB" card type 80
2024-12-31 11:32:38,197 INFO  [OPIMessageServer MessageEvent[1434164407]] (CardRangeBuilder:430) -  Card Range: 3095+-3095+ "DINERS_CLUB" card type 80
2024-12-31 11:32:38,197 INFO  [OPIMessageServer MessageEvent[1434164407]] (CardRangeBuilder:430) -  Card Range: 300+-305+ "DINERS_CLUB" card type 80
2024-12-31 11:32:38,197 INFO  [OPIMessageServer MessageEvent[1434164407]] (CardRangeBuilder:430) -  Card Range: 34+-34+ "AMERICAN_EXPRESS" card type 80
2024-12-31 11:32:38,197 INFO  [OPIMessageServer MessageEvent[1434164407]] (CardRangeBuilder:435) -  Card Range: <(?i)m.*card.*> "MASTERCARD" card type 80
2024-12-31 11:32:38,198 INFO  [OPIMessageServer MessageEvent[1434164407]] (CardRangeBuilder:435) -  Card Range: <(?i)disc.*> "DISCOVER" card type 80
2024-12-31 11:32:38,199 INFO  [OPIMessageServer MessageEvent[1434164407]] (CardRangeBuilder:435) -  Card Range: <(?i)visa.*> "VISA" card type 80
2024-12-31 11:32:38,199 INFO  [OPIMessageServer MessageEvent[1434164407]] (CardRangeBuilder:435) -  Card Range: <(?i)reserve.*10.*> "RESERVE_10" card type 80
2024-12-31 11:32:38,199 INFO  [OPIMessageServer MessageEvent[1434164407]] (CardRangeBuilder:435) -  Card Range: <(?i)reserve.*11.*> "RESERVE_11" card type 80
2024-12-31 11:32:38,200 INFO  [OPIMessageServer MessageEvent[1434164407]] (CardRangeBuilder:435) -  Card Range: <(?i)reserve.*12.*> "RESERVE_12" card type 80
2024-12-31 11:32:38,200 INFO  [OPIMessageServer MessageEvent[1434164407]] (CardRangeBuilder:435) -  Card Range: <(?i)reserve.*13.*> "RESERVE_13" card type 80
2024-12-31 11:32:38,200 INFO  [OPIMessageServer MessageEvent[1434164407]] (CardRangeBuilder:435) -  Card Range: <(?i)reserve.*14.*> "RESERVE_14" card type 80
2024-12-31 11:32:38,200 INFO  [OPIMessageServer MessageEvent[1434164407]] (CardRangeBuilder:435) -  Card Range: <(?i)reserve.*15.*> "RESERVE_15" card type 80
2024-12-31 11:32:38,201 INFO  [OPIMessageServer MessageEvent[1434164407]] (CardRangeBuilder:435) -  Card Range: <(?i)reserve.*16.*> "RESERVE_16" card type 80
2024-12-31 11:32:38,201 INFO  [OPIMessageServer MessageEvent[1434164407]] (CardRangeBuilder:435) -  Card Range: <(?i)reserve.*17.*> "RESERVE_17" card type 80
2024-12-31 11:32:38,201 INFO  [OPIMessageServer MessageEvent[1434164407]] (CardRangeBuilder:435) -  Card Range: <(?i)reserve.*18.*> "RESERVE_18" card type 80
2024-12-31 11:32:38,202 INFO  [OPIMessageServer MessageEvent[1434164407]] (CardRangeBuilder:435) -  Card Range: <(?i)reserve.*19.*> "RESERVE_19" card type 80
2024-12-31 11:32:38,202 INFO  [OPIMessageServer MessageEvent[1434164407]] (CardRangeBuilder:435) -  Card Range: <(?i)reserve.*20.*> "RESERVE_20" card type 80
2024-12-31 11:32:38,202 INFO  [OPIMessageServer MessageEvent[1434164407]] (CardRangeBuilder:435) -  Card Range: <(?i)reserve.*21.*> "RESERVE_21" card type 80
2024-12-31 11:32:38,202 INFO  [OPIMessageServer MessageEvent[1434164407]] (CardRangeBuilder:435) -  Card Range: <(?i)reserve.*22.*> "RESERVE_22" card type 80
2024-12-31 11:32:38,202 INFO  [OPIMessageServer MessageEvent[1434164407]] (CardRangeBuilder:435) -  Card Range: <(?i)reserve.*23.*> "RESERVE_23" card type 80
2024-12-31 11:32:38,203 INFO  [OPIMessageServer MessageEvent[1434164407]] (CardRangeBuilder:435) -  Card Range: <(?i)reserve.*24.*> "RESERVE_24" card type 80
2024-12-31 11:32:38,203 INFO  [OPIMessageServer MessageEvent[1434164407]] (CardRangeBuilder:435) -  Card Range: <(?i)reserve.*25.*> "RESERVE_25" card type 80
2024-12-31 11:32:38,203 INFO  [OPIMessageServer MessageEvent[1434164407]] (CardRangeBuilder:435) -  Card Range: <(?i)reserve.*26.*> "RESERVE_26" card type 80
2024-12-31 11:32:38,203 INFO  [OPIMessageServer MessageEvent[1434164407]] (CardRangeBuilder:435) -  Card Range: <(?i)reserve.*27.*> "RESERVE_27" card type 80
2024-12-31 11:32:38,204 INFO  [OPIMessageServer MessageEvent[1434164407]] (CardRangeBuilder:435) -  Card Range: <(?i)reserve.*28.*> "RESERVE_28" card type 80
2024-12-31 11:32:38,204 INFO  [OPIMessageServer MessageEvent[1434164407]] (CardRangeBuilder:435) -  Card Range: <(?i)reserve.*29.*> "RESERVE_29" card type 80
2024-12-31 11:32:38,204 INFO  [OPIMessageServer MessageEvent[1434164407]] (CardRangeBuilder:435) -  Card Range: <(?i)alipay.*> "ALIPAY" card type 88
2024-12-31 11:32:38,205 INFO  [OPIMessageServer MessageEvent[1434164407]] (CardRangeBuilder:435) -  Card Range: <(?i)wechat.*> "WECHAT_PAY" card type 88
2024-12-31 11:32:38,205 INFO  [OPIMessageServer MessageEvent[1434164407]] (CardRangeBuilder:435) -  Card Range: <(?i)paypal.*> "PAYPAL" card type 88
2024-12-31 11:32:38,205 INFO  [OPIMessageServer MessageEvent[1434164407]] (CardRangeBuilder:435) -  Card Range: <(?i)apple.*> "APPLE_PAY" card type 88
2024-12-31 11:32:38,206 INFO  [OPIMessageServer MessageEvent[1434164407]] (CardRangeBuilder:435) -  Card Range: <(?i)samsung.*> "SAMSUNG_PAY" card type 88
2024-12-31 11:32:38,206 INFO  [OPIMessageServer MessageEvent[1434164407]] (CardRangeBuilder:435) -  Card Range: <(?i)android.*> "ANDROID_PAY" card type 88
2024-12-31 11:32:38,206 INFO  [OPIMessageServer MessageEvent[1434164407]] (CardRangeBuilder:435) -  Card Range: <(?i)google.*> "GOOGLE_PAY" card type 88
2024-12-31 11:32:38,206 INFO  [OPIMessageServer MessageEvent[1434164407]] (CardRangeBuilder:435) -  Card Range: <(?i)m.*pass.*> "MASTERPASS" card type 88
2024-12-31 11:32:38,207 INFO  [OPIMessageServer MessageEvent[1434164407]] (CardRangeBuilder:435) -  Card Range: <(?i)paylib.*> "PAYLIB" card type 88
2024-12-31 11:32:38,208 INFO  [OPIMessageServer MessageEvent[1434164407]] (CardRangeBuilder:435) -  Card Range: <(?i)amazon.*> "AMAZON_PAY" card type 88
2024-12-31 11:32:38,208 INFO  [OPIMessageServer MessageEvent[1434164407]] (CardRangeBuilder:435) -  Card Range: <(?i)seqr.*> "SEQR" card type 88
2024-12-31 11:32:38,208 INFO  [OPIMessageServer MessageEvent[1434164407]] (CardRangeBuilder:435) -  Card Range: <(?i)mobile.*> "MOBILEPAY" card type 88
2024-12-31 11:32:38,209 INFO  [OPIMessageServer MessageEvent[1434164407]] (CardRangeBuilder:435) -  Card Range: <(?i)lyf.*> "LYF_PAY" card type 88
2024-12-31 11:32:38,209 INFO  [OPIMessageServer MessageEvent[1434164407]] (CardRangeBuilder:435) -  Card Range: <(?i)yoyo.*> "YOYO_WALLET" card type 88
2024-12-31 11:32:38,210 INFO  [OPIMessageServer MessageEvent[1434164407]] (CardRangeBuilder:435) -  Card Range: <(?i)chase.*> "CHASE_PAY" card type 88
2024-12-31 11:32:38,210 INFO  [OPIMessageServer MessageEvent[1434164407]] (CardRangeBuilder:435) -  Card Range: <(?i)allied.*> "ALLIED_WALLET" card type 88
2024-12-31 11:32:38,211 INFO  [OPIMessageServer MessageEvent[1434164407]] (CardRangeBuilder:435) -  Card Range: <(?i)dwolla.*> "DWOLLA" card type 88
2024-12-31 11:32:38,211 INFO  [OPIMessageServer MessageEvent[1434164407]] (CardRangeBuilder:435) -  Card Range: <(?i)paytm.*> "PAYTM" card type 88
2024-12-31 11:32:38,211 INFO  [OPIMessageServer MessageEvent[1434164407]] (CardRangeBuilder:435) -  Card Range: <(?i)mobikwik.*> "MOBIKWIK" card type 88
2024-12-31 11:32:38,211 INFO  [OPIMessageServer MessageEvent[1434164407]] (CardRangeBuilder:435) -  Card Range: <(?i).*bank.*> "PAY_BY_BANK_APP" card type 88
2024-12-31 11:32:38,212 INFO  [OPIMessageServer MessageEvent[1434164407]] (CardRangeBuilder:435) -  Card Range: <(?i)payback.*> "PAYBACK" card type 88
2024-12-31 11:32:38,212 INFO  [OPIMessageServer MessageEvent[1434164407]] (CardRangeBuilder:435) -  Card Range: <(?i)after.*> "AFTERPAY" card type 88
2024-12-31 11:32:38,213 INFO  [OPIMessageServer MessageEvent[1434164407]] (CardRangeBuilder:435) -  Card Range: <(?i)affirm.*> "AFFIRM" card type 88
2024-12-31 11:32:38,214 INFO  [OPIMessageServer MessageEvent[1434164407]] (CardRangeBuilder:435) -  Card Range: <(?i)venmo.*> "VENMO" card type 88
2024-12-31 11:32:38,215 INFO  [OPIMessageServer MessageEvent[1434164407]] (CardRangeBuilder:435) -  Card Range: <(?i)klarna.*> "KLARNA" card type 88
2024-12-31 11:32:38,215 INFO  [OPIMessageServer MessageEvent[1434164407]] (CardRangeBuilder:435) -  Card Range: <(?i)sezzle.*> "SEZZLE" card type 88
2024-12-31 11:32:38,215 INFO  [OPIMessageServer MessageEvent[1434164407]] (CardRangeBuilder:435) -  Card Range: <(?i)quad.*> "QUADPAY" card type 88
2024-12-31 11:32:38,216 INFO  [OPIMessageServer MessageEvent[1434164407]] (CardRangeBuilder:435) -  Card Range: <(?i)laybuy.*> "LAYBUY" card type 88
2024-12-31 11:32:38,216 INFO  [OPIMessageServer MessageEvent[1434164407]] (CardRangeBuilder:435) -  Card Range: <(?i)zip.*> "ZIP" card type 88
2024-12-31 11:32:38,216 INFO  [OPIMessageServer MessageEvent[1434164407]] (CardRangeBuilder:435) -  Card Range: <(?i)open.*> "OPENPAY" card type 88
2024-12-31 11:32:38,217 INFO  [OPIMessageServer MessageEvent[1434164407]] (CardRangeBuilder:435) -  Card Range: <(?i)splitit.*> "SPLITIT" card type 88
2024-12-31 11:32:38,217 INFO  [OPIMessageServer MessageEvent[1434164407]] (CardRangeBuilder:435) -  Card Range: <(?i)swish.*> "SWISH" card type 88
2024-12-31 11:32:38,217 INFO  [OPIMessageServer MessageEvent[1434164407]] (CardRangeBuilder:435) -  Card Range: <(?i)twint.*> "TWINT" card type 88
2024-12-31 11:32:38,217 INFO  [OPIMessageServer MessageEvent[1434164407]] (CardRangeBuilder:435) -  Card Range: <(?i)line.*> "LINE" card type 88
2024-12-31 11:32:38,218 INFO  [OPIMessageServer MessageEvent[1434164407]] (CardRangeBuilder:435) -  Card Range: <(?i)airtel.*> "AIRTEL" card type 88
2024-12-31 11:32:38,218 INFO  [OPIMessageServer MessageEvent[1434164407]] (CardRangeBuilder:435) -  Card Range: <(?i)african.*> "AFRICAN_EWALLETS" card type 88
2024-12-31 11:32:38,219 INFO  [OPIMessageServer MessageEvent[1434164407]] (CardRangeBuilder:435) -  Card Range: <(?i)dana.*> "DANA" card type 88
2024-12-31 11:32:38,219 INFO  [OPIMessageServer MessageEvent[1434164407]] (CardRangeBuilder:435) -  Card Range: <(?i)gcash.*> "GCASH" card type 88
2024-12-31 11:32:38,219 INFO  [OPIMessageServer MessageEvent[1434164407]] (CardRangeBuilder:435) -  Card Range: <(?i)grab.*> "GRAB_PAY" card type 88
2024-12-31 11:32:38,220 INFO  [OPIMessageServer MessageEvent[1434164407]] (CardRangeBuilder:435) -  Card Range: <(?i)kakao.*> "KAKAO_PAY" card type 88
2024-12-31 11:32:38,220 INFO  [OPIMessageServer MessageEvent[1434164407]] (CardRangeBuilder:435) -  Card Range: <(?i)momo.*> "MOMO_WALLET" card type 88
2024-12-31 11:32:38,221 INFO  [OPIMessageServer MessageEvent[1434164407]] (CardRangeBuilder:435) -  Card Range: <(?i).*maya.*> "PAYMAYA" card type 88
2024-12-31 11:32:38,222 INFO  [OPIMessageServer MessageEvent[1434164407]] (CardRangeBuilder:435) -  Card Range: <(?i)vipps.*> "VIPPS" card type 88
2024-12-31 11:32:38,222 INFO  [OPIMessageServer MessageEvent[1434164407]] (CardRangeBuilder:435) -  Card Range: <(?i)pix.*> "PIX" card type 88
2024-12-31 11:32:38,222 INFO  [OPIMessageServer MessageEvent[1434164407]] (CardRangeBuilder:435) -  Card Range: <(?i)aci.*> "ACIPAYAFTER" card type 88
2024-12-31 11:32:38,222 INFO  [OPIMessageServer MessageEvent[1434164407]] (CardRangeBuilder:435) -  Card Range: <(?i)ame.*> "AME" card type 88
2024-12-31 11:32:38,223 INFO  [OPIMessageServer MessageEvent[1434164407]] (CardRangeBuilder:435) -  Card Range: <(?i)atome.*> "ATOME" card type 88
2024-12-31 11:32:38,223 INFO  [OPIMessageServer MessageEvent[1434164407]] (CardRangeBuilder:435) -  Card Range: <(?i)fourall.*> "FOURALL" card type 88
2024-12-31 11:32:38,223 INFO  [OPIMessageServer MessageEvent[1434164407]] (CardRangeBuilder:435) -  Card Range: <(?i)izpay.*> "IZPAY" card type 88
2024-12-31 11:32:38,224 INFO  [OPIMessageServer MessageEvent[1434164407]] (CardRangeBuilder:435) -  Card Range: <(?i)mercado.*> "MERCADO_PAGO" card type 88
2024-12-31 11:32:38,224 INFO  [OPIMessageServer MessageEvent[1434164407]] (CardRangeBuilder:435) -  Card Range: <(?i)pagseguro.*> "PAGSEGURO" card type 88
2024-12-31 11:32:38,225 INFO  [OPIMessageServer MessageEvent[1434164407]] (CardRangeBuilder:435) -  Card Range: <(?i)payunique.*> "PAYUNIQUE" card type 88
2024-12-31 11:32:38,225 INFO  [OPIMessageServer MessageEvent[1434164407]] (CardRangeBuilder:435) -  Card Range: <(?i)picpay.*> "PICPAY" card type 88
2024-12-31 11:32:38,225 INFO  [OPIMessageServer MessageEvent[1434164407]] (CardRangeBuilder:435) -  Card Range: <(?i)riachuelo.*> "RIACHUELO" card type 88
2024-12-31 11:32:38,226 INFO  [OPIMessageServer MessageEvent[1434164407]] (CardRangeBuilder:435) -  Card Range: <(?i)semparar.*> "SEMPARAR" card type 88
2024-12-31 11:32:38,226 INFO  [OPIMessageServer MessageEvent[1434164407]] (CardRangeBuilder:435) -  Card Range: <(?i)tapago.*> "TAPAGO" card type 88
2024-12-31 11:32:38,227 INFO  [OPIMessageServer MessageEvent[1434164407]] (CardRangeBuilder:435) -  Card Range: <(?i)ticketlog.*> "TICKETLOG" card type 88
2024-12-31 11:32:38,227 INFO  [OPIMessageServer MessageEvent[1434164407]] (CardRangeBuilder:435) -  Card Range: <(?i)troco.*> "TROCO_SIMPLES" card type 88
2024-12-31 11:32:38,228 INFO  [OPIMessageServer MessageEvent[1434164407]] (CardRangeBuilder:435) -  Card Range: <(?i)veedigital.*> "VEEDIGITAL" card type 88
2024-12-31 11:32:38,228 INFO  [OPIMessageServer MessageEvent[1434164407]] (CardRangeBuilder:435) -  Card Range: <(?i)generic.*ewallet> "GENERIC_EWALLET" card type 88
2024-12-31 11:32:38,229 INFO  [OPIMessageServer MessageEvent[1434164407]] (CardRangeBuilder:435) -  Card Range: <(?i)reserve.*1.*> "RESERVE_1" card type 88
2024-12-31 11:32:38,229 INFO  [OPIMessageServer MessageEvent[1434164407]] (CardRangeBuilder:435) -  Card Range: <(?i)reserve.*2.*> "RESERVE_2" card type 88
2024-12-31 11:32:38,229 INFO  [OPIMessageServer MessageEvent[1434164407]] (CardRangeBuilder:435) -  Card Range: <(?i)reserve.*3.*> "RESERVE_3" card type 88
2024-12-31 11:32:38,230 INFO  [OPIMessageServer MessageEvent[1434164407]] (CardRangeBuilder:435) -  Card Range: <(?i)reserve.*4.*> "RESERVE_4" card type 88
2024-12-31 11:32:38,230 INFO  [OPIMessageServer MessageEvent[1434164407]] (CardRangeBuilder:435) -  Card Range: <(?i)reserve.*5.*> "RESERVE_5" card type 88
2024-12-31 11:32:38,231 INFO  [OPIMessageServer MessageEvent[1434164407]] (CardRangeBuilder:435) -  Card Range: <(?i)reserve.*6.*> "RESERVE_6" card type 88
2024-12-31 11:32:38,232 INFO  [OPIMessageServer MessageEvent[1434164407]] (CardRangeBuilder:435) -  Card Range: <(?i)reserve.*7.*> "RESERVE_7" card type 88
2024-12-31 11:32:38,233 INFO  [OPIMessageServer MessageEvent[1434164407]] (CardRangeBuilder:435) -  Card Range: <(?i)reserve.*8.*> "RESERVE_8" card type 88
2024-12-31 11:32:38,233 INFO  [OPIMessageServer MessageEvent[1434164407]] (CardRangeBuilder:435) -  Card Range: <(?i)reserve.*9.*> "RESERVE_9" card type 88
2024-12-31 11:32:38,234 INFO  [OPIMessageServer MessageEvent[1434164407]] (CardRangeBuilder:435) -  Card Range: <.+> "UNKNOWN CARD" card type 80
2024-12-31 11:32:38,235 INFO  [OPIMessageServer MessageEvent[1434164407]] (CardRangeBuilder:611) -  MaskingCRC matches
2024-12-31 11:32:38,235 INFO  [OPIMessageServer MessageEvent[1434164407]] (OPIServer:1318) -  > POS: ServiceRequest/Login/1
2024-12-31 11:32:38,243 INFO  [OPIMessageServer MessageEvent[1434164407]] (OPISession:888) -  sending to 10100/61644-TLS:
<?xml version="1.0" encoding="UTF-8"?>
<ServiceResponse RequestID="1" WorkstationID="1" OverallResult="Uninitialised" ApplicationSender="XSTORE" RequestType="Login"/>
2024-12-31 11:32:38,259 INFO  [OPIMessageServerSession[1874496873]] (OPISession:970) -  socket 10100/61644-TLS closed at other end (bytes read 0)
2024-12-31 11:32:38,263 INFO  [OPIMessageServerSession[1874496873]] (OPIServer:757) -  POS disconnected - message session 1874496873 socket 10100/61644-TLS
2024-12-31 11:32:38,264 INFO  [OPIMessageServer[1659999783]] (OPIMessageServer$ConnectionHandler:819) -  messageSession 127.0.0.1/10100/61644-TLS starting message session 1874496873/673327536 terminated
2024-12-31 11:32:38,449 INFO  [OPIMessageServer[1659999783]] (OPIMessageServer$ConnectionHandler:811) -  connection accepted from 127.0.0.1/10100/61649-TLS starting message session 423698534/894135504
2024-12-31 11:32:38,450 INFO  [OPIMessageServerSession[423698534]] (OPIServer:569) -  POS connected - message session 423698534 socket 10100/61649-TLS
2024-12-31 11:32:38,455 INFO  [OPIMessageServerSession[423698534]] (OPISession:744) -  received from 10100/61649-TLS:
<?xml version='1.0' encoding='UTF-8'?>
<ServiceRequest RequestType="Login" ApplicationSender="XSTORE" WorkstationID="1" RequestID="1">
  <POSdata LanguageCode="eng">
    <POSTimeStamp>2024-12-31T11:32:37</POSTimeStamp>
    <StoreID>11347</StoreID>
    <StoreName>Salama Centre Showroom - Jeddah</StoreName>
    <StoreAddress1>30500 Bruce Industrial Pkwy</StoreAddress1>
    <StoreCity>Jeddah</StoreCity>
    <StoreCountry>SA</StoreCountry>
    <StoreLatitude>0.0</StoreLatitude>
    <StoreLongitude>0.0</StoreLongitude>
  </POSdata>
</ServiceRequest>
2024-12-31 11:32:38,458 INFO  [OPIMessageServer MessageEvent[1714713135]] (DeviceAccessHandler:162) -  DeviceAccessHandler loaded
2024-12-31 11:32:38,459 INFO  [OPIMessageServer MessageEvent[1714713135]] (DataAccessHandler:34) -  DataAccessHandler loaded
2024-12-31 11:32:38,460 INFO  [OPIMessageServer MessageEvent[1714713135]] (Text:81) -  found local translation file C:\eftlink\LangEN.properties
2024-12-31 11:32:38,460 INFO  [OPIMessageServer MessageEvent[1714713135]] (EPSFileProperties:65) -  loading properties file LangEN.properties from C:\eftlink
2024-12-31 11:32:38,462 INFO  [OPIMessageServer MessageEvent[1714713135]] (EPSProduct:226) -  fuel product codes: ,0,1,2,3,4,5,6,8,10,11,12,13,14,15,16,17,18,19,20,21,22,23,28,30,31,
2024-12-31 11:32:38,462 INFO  [OPIMessageServer MessageEvent[1714713135]] (EPSProduct:231) -  dispensable fuel product codes: ,1,2,3,4,5,6,20,21,22,23,28,30,31,
2024-12-31 11:32:38,462 INFO  [OPIMessageServer MessageEvent[1714713135]] (OPIServer:2943) -  setting 2 decimal places
2024-12-31 11:32:38,462 ERROR [OPIMessageServer MessageEvent[1714713135]] (EPSCoreFactory:240) -  failed to instantiate core com.asq.geidea.AsqGeideaCore: 
java.lang.NoClassDefFoundError: Could not initialize class com.asq.geidea.AsqGeideaCore
	at java.lang.Class.forName0(Native Method) ~[?:?]
	at java.lang.Class.forName(Class.java:315) ~[?:?]
	at manito.eft.common.EPSCoreFactory.instantiateCore(EPSCoreFactory.java:217) [eftlink.jar:?]
	at manito.eft.common.EPSCoreFactory.getCores(EPSCoreFactory.java:135) [eftlink.jar:?]
	at manito.eft.common.EPSCoreFactory.getCores(EPSCoreFactory.java:51) [eftlink.jar:?]
	at manito.eft.opi.server.OPIServer.completeInitialisation(OPIServer.java:2967) [eftlink.jar:?]
	at manito.eft.opi.server.OPIServer.messageReceived(OPIServer.java:1087) [eftlink.jar:?]
	at manito.eft.opi.messages.OPIMessageServer$MessageEvent.run(OPIMessageServer.java:894) [eftlink.jar:?]
	at java.lang.Thread.run(Thread.java:834) [?:?]
2024-12-31 11:32:38,463 ERROR [OPIMessageServer MessageEvent[1714713135]] (EPSCoreFactory:144) -  primary core failed - aborting initialisation
2024-12-31 11:32:38,465 INFO  [OPIMessageServer MessageEvent[1714713135]] (CardRangeBuilder:245) -  Loading card ranges from C:\eftlink\CardRange.xml
2024-12-31 11:32:38,475 INFO  [OPIMessageServer MessageEvent[1714713135]] (CardRangeBuilder:322) -  attributes set for card type 80: [[Attribute: CardType="80"], [Attribute: MaskTo="12"], [Attribute: MaskFrom="7"], [Attribute: LoyaltyEligible="true"]]
2024-12-31 11:32:38,475 INFO  [OPIMessageServer MessageEvent[1714713135]] (CardRangeBuilder:430) -  Card Range: 650611+-659999+ "DISCOVER" card type 80
2024-12-31 11:32:38,476 INFO  [OPIMessageServer MessageEvent[1714713135]] (CardRangeBuilder:430) -  Card Range: 650601+-650609+ "DISCOVER" card type 80
2024-12-31 11:32:38,476 INFO  [OPIMessageServer MessageEvent[1714713135]] (CardRangeBuilder:430) -  Card Range: 650000+-650600+ "DISCOVER" card type 80
2024-12-31 11:32:38,476 INFO  [OPIMessageServer MessageEvent[1714713135]] (CardRangeBuilder:430) -  Card Range: 6440+-6499+ "DISCOVER" card type 80
2024-12-31 11:32:38,476 INFO  [OPIMessageServer MessageEvent[1714713135]] (CardRangeBuilder:430) -  Card Range: 6282+-6288+ "UNIONPAY" card type 80
2024-12-31 11:32:38,476 INFO  [OPIMessageServer MessageEvent[1714713135]] (CardRangeBuilder:430) -  Card Range: 6240+-6269+ "UNIONPAY" card type 80
2024-12-31 11:32:38,476 INFO  [OPIMessageServer MessageEvent[1714713135]] (CardRangeBuilder:430) -  Card Range: 622126+-622925+ "UNIONPAY" card type 80
2024-12-31 11:32:38,476 INFO  [OPIMessageServer MessageEvent[1714713135]] (CardRangeBuilder:430) -  Card Range: 601105+-601199+ "DISCOVER" card type 80
2024-12-31 11:32:38,476 INFO  [OPIMessageServer MessageEvent[1714713135]] (CardRangeBuilder:430) -  Card Range: 601100+-601103+ "DISCOVER" card type 80
2024-12-31 11:32:38,477 INFO  [OPIMessageServer MessageEvent[1714713135]] (CardRangeBuilder:430) -  Card Range: 51+-55+ "MASTERCARD" card type 80
2024-12-31 11:32:38,477 INFO  [OPIMessageServer MessageEvent[1714713135]] (CardRangeBuilder:430) -  Card Range: 222100+-272099+ "MASTERCARD" card type 80
2024-12-31 11:32:38,477 INFO  [OPIMessageServer MessageEvent[1714713135]] (CardRangeBuilder:430) -  Card Range: 3528+-3589+ "JCB" card type 80
2024-12-31 11:32:38,477 INFO  [OPIMessageServer MessageEvent[1714713135]] (CardRangeBuilder:430) -  Card Range: 4+-4+ "VISA" card type 80
2024-12-31 11:32:38,477 INFO  [OPIMessageServer MessageEvent[1714713135]] (CardRangeBuilder:430) -  Card Range: 37+-37+ "AMERICAN_EXPRESS" card type 80
2024-12-31 11:32:38,477 INFO  [OPIMessageServer MessageEvent[1714713135]] (CardRangeBuilder:430) -  Card Range: 38+-39+ "DINERS_CLUB" card type 80
2024-12-31 11:32:38,477 INFO  [OPIMessageServer MessageEvent[1714713135]] (CardRangeBuilder:430) -  Card Range: 36+-36+ "DINERS_CLUB" card type 80
2024-12-31 11:32:38,477 INFO  [OPIMessageServer MessageEvent[1714713135]] (CardRangeBuilder:430) -  Card Range: 3095+-3095+ "DINERS_CLUB" card type 80
2024-12-31 11:32:38,478 INFO  [OPIMessageServer MessageEvent[1714713135]] (CardRangeBuilder:430) -  Card Range: 300+-305+ "DINERS_CLUB" card type 80
2024-12-31 11:32:38,478 INFO  [OPIMessageServer MessageEvent[1714713135]] (CardRangeBuilder:430) -  Card Range: 34+-34+ "AMERICAN_EXPRESS" card type 80
2024-12-31 11:32:38,478 INFO  [OPIMessageServer MessageEvent[1714713135]] (CardRangeBuilder:435) -  Card Range: <(?i)m.*card.*> "MASTERCARD" card type 80
2024-12-31 11:32:38,478 INFO  [OPIMessageServer MessageEvent[1714713135]] (CardRangeBuilder:435) -  Card Range: <(?i)disc.*> "DISCOVER" card type 80
2024-12-31 11:32:38,478 INFO  [OPIMessageServer MessageEvent[1714713135]] (CardRangeBuilder:435) -  Card Range: <(?i)visa.*> "VISA" card type 80
2024-12-31 11:32:38,478 INFO  [OPIMessageServer MessageEvent[1714713135]] (CardRangeBuilder:435) -  Card Range: <(?i)reserve.*10.*> "RESERVE_10" card type 80
2024-12-31 11:32:38,478 INFO  [OPIMessageServer MessageEvent[1714713135]] (CardRangeBuilder:435) -  Card Range: <(?i)reserve.*11.*> "RESERVE_11" card type 80
2024-12-31 11:32:38,479 INFO  [OPIMessageServer MessageEvent[1714713135]] (CardRangeBuilder:435) -  Card Range: <(?i)reserve.*12.*> "RESERVE_12" card type 80
2024-12-31 11:32:38,479 INFO  [OPIMessageServer MessageEvent[1714713135]] (CardRangeBuilder:435) -  Card Range: <(?i)reserve.*13.*> "RESERVE_13" card type 80
2024-12-31 11:32:38,479 INFO  [OPIMessageServer MessageEvent[1714713135]] (CardRangeBuilder:435) -  Card Range: <(?i)reserve.*14.*> "RESERVE_14" card type 80
2024-12-31 11:32:38,479 INFO  [OPIMessageServer MessageEvent[1714713135]] (CardRangeBuilder:435) -  Card Range: <(?i)reserve.*15.*> "RESERVE_15" card type 80
2024-12-31 11:32:38,479 INFO  [OPIMessageServer MessageEvent[1714713135]] (CardRangeBuilder:435) -  Card Range: <(?i)reserve.*16.*> "RESERVE_16" card type 80
2024-12-31 11:32:38,480 INFO  [OPIMessageServer MessageEvent[1714713135]] (CardRangeBuilder:435) -  Card Range: <(?i)reserve.*17.*> "RESERVE_17" card type 80
2024-12-31 11:32:38,480 INFO  [OPIMessageServer MessageEvent[1714713135]] (CardRangeBuilder:435) -  Card Range: <(?i)reserve.*18.*> "RESERVE_18" card type 80
2024-12-31 11:32:38,480 INFO  [OPIMessageServer MessageEvent[1714713135]] (CardRangeBuilder:435) -  Card Range: <(?i)reserve.*19.*> "RESERVE_19" card type 80
2024-12-31 11:32:38,480 INFO  [OPIMessageServer MessageEvent[1714713135]] (CardRangeBuilder:435) -  Card Range: <(?i)reserve.*20.*> "RESERVE_20" card type 80
2024-12-31 11:32:38,480 INFO  [OPIMessageServer MessageEvent[1714713135]] (CardRangeBuilder:435) -  Card Range: <(?i)reserve.*21.*> "RESERVE_21" card type 80
2024-12-31 11:32:38,480 INFO  [OPIMessageServer MessageEvent[1714713135]] (CardRangeBuilder:435) -  Card Range: <(?i)reserve.*22.*> "RESERVE_22" card type 80
2024-12-31 11:32:38,480 INFO  [OPIMessageServer MessageEvent[1714713135]] (CardRangeBuilder:435) -  Card Range: <(?i)reserve.*23.*> "RESERVE_23" card type 80
2024-12-31 11:32:38,480 INFO  [OPIMessageServer MessageEvent[1714713135]] (CardRangeBuilder:435) -  Card Range: <(?i)reserve.*24.*> "RESERVE_24" card type 80
2024-12-31 11:32:38,482 INFO  [OPIMessageServer MessageEvent[1714713135]] (CardRangeBuilder:435) -  Card Range: <(?i)reserve.*25.*> "RESERVE_25" card type 80
2024-12-31 11:32:38,482 INFO  [OPIMessageServer MessageEvent[1714713135]] (CardRangeBuilder:435) -  Card Range: <(?i)reserve.*26.*> "RESERVE_26" card type 80
2024-12-31 11:32:38,482 INFO  [OPIMessageServer MessageEvent[1714713135]] (CardRangeBuilder:435) -  Card Range: <(?i)reserve.*27.*> "RESERVE_27" card type 80
2024-12-31 11:32:38,482 INFO  [OPIMessageServer MessageEvent[1714713135]] (CardRangeBuilder:435) -  Card Range: <(?i)reserve.*28.*> "RESERVE_28" card type 80
2024-12-31 11:32:38,485 INFO  [OPIMessageServer MessageEvent[1714713135]] (CardRangeBuilder:435) -  Card Range: <(?i)reserve.*29.*> "RESERVE_29" card type 80
2024-12-31 11:32:38,485 INFO  [OPIMessageServer MessageEvent[1714713135]] (CardRangeBuilder:435) -  Card Range: <(?i)alipay.*> "ALIPAY" card type 88
2024-12-31 11:32:38,486 INFO  [OPIMessageServer MessageEvent[1714713135]] (CardRangeBuilder:435) -  Card Range: <(?i)wechat.*> "WECHAT_PAY" card type 88
2024-12-31 11:32:38,486 INFO  [OPIMessageServer MessageEvent[1714713135]] (CardRangeBuilder:435) -  Card Range: <(?i)paypal.*> "PAYPAL" card type 88
2024-12-31 11:32:38,486 INFO  [OPIMessageServer MessageEvent[1714713135]] (CardRangeBuilder:435) -  Card Range: <(?i)apple.*> "APPLE_PAY" card type 88
2024-12-31 11:32:38,486 INFO  [OPIMessageServer MessageEvent[1714713135]] (CardRangeBuilder:435) -  Card Range: <(?i)samsung.*> "SAMSUNG_PAY" card type 88
2024-12-31 11:32:38,486 INFO  [OPIMessageServer MessageEvent[1714713135]] (CardRangeBuilder:435) -  Card Range: <(?i)android.*> "ANDROID_PAY" card type 88
2024-12-31 11:32:38,487 INFO  [OPIMessageServer MessageEvent[1714713135]] (CardRangeBuilder:435) -  Card Range: <(?i)google.*> "GOOGLE_PAY" card type 88
2024-12-31 11:32:38,487 INFO  [OPIMessageServer MessageEvent[1714713135]] (CardRangeBuilder:435) -  Card Range: <(?i)m.*pass.*> "MASTERPASS" card type 88
2024-12-31 11:32:38,487 INFO  [OPIMessageServer MessageEvent[1714713135]] (CardRangeBuilder:435) -  Card Range: <(?i)paylib.*> "PAYLIB" card type 88
2024-12-31 11:32:38,487 INFO  [OPIMessageServer MessageEvent[1714713135]] (CardRangeBuilder:435) -  Card Range: <(?i)amazon.*> "AMAZON_PAY" card type 88
2024-12-31 11:32:38,488 INFO  [OPIMessageServer MessageEvent[1714713135]] (CardRangeBuilder:435) -  Card Range: <(?i)seqr.*> "SEQR" card type 88
2024-12-31 11:32:38,488 INFO  [OPIMessageServer MessageEvent[1714713135]] (CardRangeBuilder:435) -  Card Range: <(?i)mobile.*> "MOBILEPAY" card type 88
2024-12-31 11:32:38,488 INFO  [OPIMessageServer MessageEvent[1714713135]] (CardRangeBuilder:435) -  Card Range: <(?i)lyf.*> "LYF_PAY" card type 88
2024-12-31 11:32:38,488 INFO  [OPIMessageServer MessageEvent[1714713135]] (CardRangeBuilder:435) -  Card Range: <(?i)yoyo.*> "YOYO_WALLET" card type 88
2024-12-31 11:32:38,488 INFO  [OPIMessageServer MessageEvent[1714713135]] (CardRangeBuilder:435) -  Card Range: <(?i)chase.*> "CHASE_PAY" card type 88
2024-12-31 11:32:38,489 INFO  [OPIMessageServer MessageEvent[1714713135]] (CardRangeBuilder:435) -  Card Range: <(?i)allied.*> "ALLIED_WALLET" card type 88
2024-12-31 11:32:38,489 INFO  [OPIMessageServer MessageEvent[1714713135]] (CardRangeBuilder:435) -  Card Range: <(?i)dwolla.*> "DWOLLA" card type 88
2024-12-31 11:32:38,489 INFO  [OPIMessageServer MessageEvent[1714713135]] (CardRangeBuilder:435) -  Card Range: <(?i)paytm.*> "PAYTM" card type 88
2024-12-31 11:32:38,489 INFO  [OPIMessageServer MessageEvent[1714713135]] (CardRangeBuilder:435) -  Card Range: <(?i)mobikwik.*> "MOBIKWIK" card type 88
2024-12-31 11:32:38,490 INFO  [OPIMessageServer MessageEvent[1714713135]] (CardRangeBuilder:435) -  Card Range: <(?i).*bank.*> "PAY_BY_BANK_APP" card type 88
2024-12-31 11:32:38,490 INFO  [OPIMessageServer MessageEvent[1714713135]] (CardRangeBuilder:435) -  Card Range: <(?i)payback.*> "PAYBACK" card type 88
2024-12-31 11:32:38,490 INFO  [OPIMessageServer MessageEvent[1714713135]] (CardRangeBuilder:435) -  Card Range: <(?i)after.*> "AFTERPAY" card type 88
2024-12-31 11:32:38,490 INFO  [OPIMessageServer MessageEvent[1714713135]] (CardRangeBuilder:435) -  Card Range: <(?i)affirm.*> "AFFIRM" card type 88
2024-12-31 11:32:38,491 INFO  [OPIMessageServer MessageEvent[1714713135]] (CardRangeBuilder:435) -  Card Range: <(?i)venmo.*> "VENMO" card type 88
2024-12-31 11:32:38,491 INFO  [OPIMessageServer MessageEvent[1714713135]] (CardRangeBuilder:435) -  Card Range: <(?i)klarna.*> "KLARNA" card type 88
2024-12-31 11:32:38,492 INFO  [OPIMessageServer MessageEvent[1714713135]] (CardRangeBuilder:435) -  Card Range: <(?i)sezzle.*> "SEZZLE" card type 88
2024-12-31 11:32:38,492 INFO  [OPIMessageServer MessageEvent[1714713135]] (CardRangeBuilder:435) -  Card Range: <(?i)quad.*> "QUADPAY" card type 88
2024-12-31 11:32:38,492 INFO  [OPIMessageServer MessageEvent[1714713135]] (CardRangeBuilder:435) -  Card Range: <(?i)laybuy.*> "LAYBUY" card type 88
2024-12-31 11:32:38,492 INFO  [OPIMessageServer MessageEvent[1714713135]] (CardRangeBuilder:435) -  Card Range: <(?i)zip.*> "ZIP" card type 88
2024-12-31 11:32:38,492 INFO  [OPIMessageServer MessageEvent[1714713135]] (CardRangeBuilder:435) -  Card Range: <(?i)open.*> "OPENPAY" card type 88
2024-12-31 11:32:38,492 INFO  [OPIMessageServer MessageEvent[1714713135]] (CardRangeBuilder:435) -  Card Range: <(?i)splitit.*> "SPLITIT" card type 88
2024-12-31 11:32:38,493 INFO  [OPIMessageServer MessageEvent[1714713135]] (CardRangeBuilder:435) -  Card Range: <(?i)swish.*> "SWISH" card type 88
2024-12-31 11:32:38,493 INFO  [OPIMessageServer MessageEvent[1714713135]] (CardRangeBuilder:435) -  Card Range: <(?i)twint.*> "TWINT" card type 88
2024-12-31 11:32:38,493 INFO  [OPIMessageServer MessageEvent[1714713135]] (CardRangeBuilder:435) -  Card Range: <(?i)line.*> "LINE" card type 88
2024-12-31 11:32:38,493 INFO  [OPIMessageServer MessageEvent[1714713135]] (CardRangeBuilder:435) -  Card Range: <(?i)airtel.*> "AIRTEL" card type 88
2024-12-31 11:32:38,494 INFO  [OPIMessageServer MessageEvent[1714713135]] (CardRangeBuilder:435) -  Card Range: <(?i)african.*> "AFRICAN_EWALLETS" card type 88
2024-12-31 11:32:38,494 INFO  [OPIMessageServer MessageEvent[1714713135]] (CardRangeBuilder:435) -  Card Range: <(?i)dana.*> "DANA" card type 88
2024-12-31 11:32:38,494 INFO  [OPIMessageServer MessageEvent[1714713135]] (CardRangeBuilder:435) -  Card Range: <(?i)gcash.*> "GCASH" card type 88
2024-12-31 11:32:38,494 INFO  [OPIMessageServer MessageEvent[1714713135]] (CardRangeBuilder:435) -  Card Range: <(?i)grab.*> "GRAB_PAY" card type 88
2024-12-31 11:32:38,495 INFO  [OPIMessageServer MessageEvent[1714713135]] (CardRangeBuilder:435) -  Card Range: <(?i)kakao.*> "KAKAO_PAY" card type 88
2024-12-31 11:32:38,495 INFO  [OPIMessageServer MessageEvent[1714713135]] (CardRangeBuilder:435) -  Card Range: <(?i)momo.*> "MOMO_WALLET" card type 88
2024-12-31 11:32:38,495 INFO  [OPIMessageServer MessageEvent[1714713135]] (CardRangeBuilder:435) -  Card Range: <(?i).*maya.*> "PAYMAYA" card type 88
2024-12-31 11:32:38,495 INFO  [OPIMessageServer MessageEvent[1714713135]] (CardRangeBuilder:435) -  Card Range: <(?i)vipps.*> "VIPPS" card type 88
2024-12-31 11:32:38,495 INFO  [OPIMessageServer MessageEvent[1714713135]] (CardRangeBuilder:435) -  Card Range: <(?i)pix.*> "PIX" card type 88
2024-12-31 11:32:38,496 INFO  [OPIMessageServer MessageEvent[1714713135]] (CardRangeBuilder:435) -  Card Range: <(?i)aci.*> "ACIPAYAFTER" card type 88
2024-12-31 11:32:38,496 INFO  [OPIMessageServer MessageEvent[1714713135]] (CardRangeBuilder:435) -  Card Range: <(?i)ame.*> "AME" card type 88
2024-12-31 11:32:38,496 INFO  [OPIMessageServer MessageEvent[1714713135]] (CardRangeBuilder:435) -  Card Range: <(?i)atome.*> "ATOME" card type 88
2024-12-31 11:32:38,497 INFO  [OPIMessageServer MessageEvent[1714713135]] (CardRangeBuilder:435) -  Card Range: <(?i)fourall.*> "FOURALL" card type 88
2024-12-31 11:32:38,497 INFO  [OPIMessageServer MessageEvent[1714713135]] (CardRangeBuilder:435) -  Card Range: <(?i)izpay.*> "IZPAY" card type 88
2024-12-31 11:32:38,497 INFO  [OPIMessageServer MessageEvent[1714713135]] (CardRangeBuilder:435) -  Card Range: <(?i)mercado.*> "MERCADO_PAGO" card type 88
2024-12-31 11:32:38,498 INFO  [OPIMessageServer MessageEvent[1714713135]] (CardRangeBuilder:435) -  Card Range: <(?i)pagseguro.*> "PAGSEGURO" card type 88
2024-12-31 11:32:38,498 INFO  [OPIMessageServer MessageEvent[1714713135]] (CardRangeBuilder:435) -  Card Range: <(?i)payunique.*> "PAYUNIQUE" card type 88
2024-12-31 11:32:38,498 INFO  [OPIMessageServer MessageEvent[1714713135]] (CardRangeBuilder:435) -  Card Range: <(?i)picpay.*> "PICPAY" card type 88
2024-12-31 11:32:38,499 INFO  [OPIMessageServer MessageEvent[1714713135]] (CardRangeBuilder:435) -  Card Range: <(?i)riachuelo.*> "RIACHUELO" card type 88
2024-12-31 11:32:38,500 INFO  [OPIMessageServer MessageEvent[1714713135]] (CardRangeBuilder:435) -  Card Range: <(?i)semparar.*> "SEMPARAR" card type 88
2024-12-31 11:32:38,500 INFO  [OPIMessageServer MessageEvent[1714713135]] (CardRangeBuilder:435) -  Card Range: <(?i)tapago.*> "TAPAGO" card type 88
2024-12-31 11:32:38,500 INFO  [OPIMessageServer MessageEvent[1714713135]] (CardRangeBuilder:435) -  Card Range: <(?i)ticketlog.*> "TICKETLOG" card type 88
2024-12-31 11:32:38,500 INFO  [OPIMessageServer MessageEvent[1714713135]] (CardRangeBuilder:435) -  Card Range: <(?i)troco.*> "TROCO_SIMPLES" card type 88
2024-12-31 11:32:38,500 INFO  [OPIMessageServer MessageEvent[1714713135]] (CardRangeBuilder:435) -  Card Range: <(?i)veedigital.*> "VEEDIGITAL" card type 88
2024-12-31 11:32:38,500 INFO  [OPIMessageServer MessageEvent[1714713135]] (CardRangeBuilder:435) -  Card Range: <(?i)generic.*ewallet> "GENERIC_EWALLET" card type 88
2024-12-31 11:32:38,502 INFO  [OPIMessageServer MessageEvent[1714713135]] (CardRangeBuilder:435) -  Card Range: <(?i)reserve.*1.*> "RESERVE_1" card type 88
2024-12-31 11:32:38,502 INFO  [OPIMessageServer MessageEvent[1714713135]] (CardRangeBuilder:435) -  Card Range: <(?i)reserve.*2.*> "RESERVE_2" card type 88
2024-12-31 11:32:38,502 INFO  [OPIMessageServer MessageEvent[1714713135]] (CardRangeBuilder:435) -  Card Range: <(?i)reserve.*3.*> "RESERVE_3" card type 88
2024-12-31 11:32:38,503 INFO  [OPIMessageServer MessageEvent[1714713135]] (CardRangeBuilder:435) -  Card Range: <(?i)reserve.*4.*> "RESERVE_4" card type 88
2024-12-31 11:32:38,503 INFO  [OPIMessageServer MessageEvent[1714713135]] (CardRangeBuilder:435) -  Card Range: <(?i)reserve.*5.*> "RESERVE_5" card type 88
2024-12-31 11:32:38,503 INFO  [OPIMessageServer MessageEvent[1714713135]] (CardRangeBuilder:435) -  Card Range: <(?i)reserve.*6.*> "RESERVE_6" card type 88
2024-12-31 11:32:38,504 INFO  [OPIMessageServer MessageEvent[1714713135]] (CardRangeBuilder:435) -  Card Range: <(?i)reserve.*7.*> "RESERVE_7" card type 88
2024-12-31 11:32:38,504 INFO  [OPIMessageServer MessageEvent[1714713135]] (CardRangeBuilder:435) -  Card Range: <(?i)reserve.*8.*> "RESERVE_8" card type 88
2024-12-31 11:32:38,504 INFO  [OPIMessageServer MessageEvent[1714713135]] (CardRangeBuilder:435) -  Card Range: <(?i)reserve.*9.*> "RESERVE_9" card type 88
2024-12-31 11:32:38,504 INFO  [OPIMessageServer MessageEvent[1714713135]] (CardRangeBuilder:435) -  Card Range: <.+> "UNKNOWN CARD" card type 80
2024-12-31 11:32:38,505 INFO  [OPIMessageServer MessageEvent[1714713135]] (CardRangeBuilder:611) -  MaskingCRC matches
2024-12-31 11:32:38,505 INFO  [OPIMessageServer MessageEvent[1714713135]] (OPIServer:1318) -  > POS: ServiceRequest/Login/1
2024-12-31 11:32:38,506 INFO  [OPIMessageServer MessageEvent[1714713135]] (OPISession:888) -  sending to 10100/61649-TLS:
<?xml version="1.0" encoding="UTF-8"?>
<ServiceResponse RequestID="1" WorkstationID="1" OverallResult="Uninitialised" ApplicationSender="XSTORE" RequestType="Login"/>
2024-12-31 11:32:38,522 INFO  [OPIMessageServerSession[423698534]] (OPISession:970) -  socket 10100/61649-TLS closed at other end (bytes read 0)
2024-12-31 11:32:38,523 INFO  [OPIMessageServerSession[423698534]] (OPIServer:757) -  POS disconnected - message session 423698534 socket 10100/61649-TLS
2024-12-31 11:32:38,524 INFO  [OPIMessageServer[1659999783]] (OPIMessageServer$ConnectionHandler:819) -  messageSession 127.0.0.1/10100/61649-TLS starting message session 423698534/894135504 terminated
2024-12-31 11:32:38,714 INFO  [OPIMessageServer[1659999783]] (OPIMessageServer$ConnectionHandler:811) -  connection accepted from 127.0.0.1/10100/61650-TLS starting message session 1097805778/1593059720
2024-12-31 11:32:38,717 INFO  [OPIMessageServerSession[1097805778]] (OPIServer:569) -  POS connected - message session 1097805778 socket 10100/61650-TLS
2024-12-31 11:32:38,722 INFO  [OPIMessageServerSession[1097805778]] (OPISession:744) -  received from 10100/61650-TLS:
<?xml version='1.0' encoding='UTF-8'?>
<ServiceRequest RequestType="Login" ApplicationSender="XSTORE" WorkstationID="1" RequestID="1">
  <POSdata LanguageCode="eng">
    <POSTimeStamp>2024-12-31T11:32:37</POSTimeStamp>
    <StoreID>11347</StoreID>
    <StoreName>Salama Centre Showroom - Jeddah</StoreName>
    <StoreAddress1>30500 Bruce Industrial Pkwy</StoreAddress1>
    <StoreCity>Jeddah</StoreCity>
    <StoreCountry>SA</StoreCountry>
    <StoreLatitude>0.0</StoreLatitude>
    <StoreLongitude>0.0</StoreLongitude>
  </POSdata>
</ServiceRequest>
2024-12-31 11:32:38,726 INFO  [OPIMessageServer MessageEvent[1145904448]] (DeviceAccessHandler:162) -  DeviceAccessHandler loaded
2024-12-31 11:32:38,726 INFO  [OPIMessageServer MessageEvent[1145904448]] (DataAccessHandler:34) -  DataAccessHandler loaded
2024-12-31 11:32:38,727 INFO  [OPIMessageServer MessageEvent[1145904448]] (Text:81) -  found local translation file C:\eftlink\LangEN.properties
2024-12-31 11:32:38,727 INFO  [OPIMessageServer MessageEvent[1145904448]] (EPSFileProperties:65) -  loading properties file LangEN.properties from C:\eftlink
2024-12-31 11:32:38,728 INFO  [OPIMessageServer MessageEvent[1145904448]] (EPSProduct:226) -  fuel product codes: ,0,1,2,3,4,5,6,8,10,11,12,13,14,15,16,17,18,19,20,21,22,23,28,30,31,
2024-12-31 11:32:38,728 INFO  [OPIMessageServer MessageEvent[1145904448]] (EPSProduct:231) -  dispensable fuel product codes: ,1,2,3,4,5,6,20,21,22,23,28,30,31,
2024-12-31 11:32:38,728 INFO  [OPIMessageServer MessageEvent[1145904448]] (OPIServer:2943) -  setting 2 decimal places
2024-12-31 11:32:38,729 ERROR [OPIMessageServer MessageEvent[1145904448]] (EPSCoreFactory:240) -  failed to instantiate core com.asq.geidea.AsqGeideaCore: 
java.lang.NoClassDefFoundError: Could not initialize class com.asq.geidea.AsqGeideaCore
	at java.lang.Class.forName0(Native Method) ~[?:?]
	at java.lang.Class.forName(Class.java:315) ~[?:?]
	at manito.eft.common.EPSCoreFactory.instantiateCore(EPSCoreFactory.java:217) [eftlink.jar:?]
	at manito.eft.common.EPSCoreFactory.getCores(EPSCoreFactory.java:135) [eftlink.jar:?]
	at manito.eft.common.EPSCoreFactory.getCores(EPSCoreFactory.java:51) [eftlink.jar:?]
	at manito.eft.opi.server.OPIServer.completeInitialisation(OPIServer.java:2967) [eftlink.jar:?]
	at manito.eft.opi.server.OPIServer.messageReceived(OPIServer.java:1087) [eftlink.jar:?]
	at manito.eft.opi.messages.OPIMessageServer$MessageEvent.run(OPIMessageServer.java:894) [eftlink.jar:?]
	at java.lang.Thread.run(Thread.java:834) [?:?]
2024-12-31 11:32:38,729 ERROR [OPIMessageServer MessageEvent[1145904448]] (EPSCoreFactory:144) -  primary core failed - aborting initialisation
2024-12-31 11:32:38,730 INFO  [OPIMessageServer MessageEvent[1145904448]] (CardRangeBuilder:245) -  Loading card ranges from C:\eftlink\CardRange.xml
2024-12-31 11:32:38,736 INFO  [OPIMessageServer MessageEvent[1145904448]] (CardRangeBuilder:322) -  attributes set for card type 80: [[Attribute: CardType="80"], [Attribute: MaskTo="12"], [Attribute: MaskFrom="7"], [Attribute: LoyaltyEligible="true"]]
2024-12-31 11:32:38,736 INFO  [OPIMessageServer MessageEvent[1145904448]] (CardRangeBuilder:430) -  Card Range: 650611+-659999+ "DISCOVER" card type 80
2024-12-31 11:32:38,736 INFO  [OPIMessageServer MessageEvent[1145904448]] (CardRangeBuilder:430) -  Card Range: 650601+-650609+ "DISCOVER" card type 80
2024-12-31 11:32:38,736 INFO  [OPIMessageServer MessageEvent[1145904448]] (CardRangeBuilder:430) -  Card Range: 650000+-650600+ "DISCOVER" card type 80
2024-12-31 11:32:38,736 INFO  [OPIMessageServer MessageEvent[1145904448]] (CardRangeBuilder:430) -  Card Range: 6440+-6499+ "DISCOVER" card type 80
2024-12-31 11:32:38,737 INFO  [OPIMessageServer MessageEvent[1145904448]] (CardRangeBuilder:430) -  Card Range: 6282+-6288+ "UNIONPAY" card type 80
2024-12-31 11:32:38,737 INFO  [OPIMessageServer MessageEvent[1145904448]] (CardRangeBuilder:430) -  Card Range: 6240+-6269+ "UNIONPAY" card type 80
2024-12-31 11:32:38,737 INFO  [OPIMessageServer MessageEvent[1145904448]] (CardRangeBuilder:430) -  Card Range: 622126+-622925+ "UNIONPAY" card type 80
2024-12-31 11:32:38,737 INFO  [OPIMessageServer MessageEvent[1145904448]] (CardRangeBuilder:430) -  Card Range: 601105+-601199+ "DISCOVER" card type 80
2024-12-31 11:32:38,737 INFO  [OPIMessageServer MessageEvent[1145904448]] (CardRangeBuilder:430) -  Card Range: 601100+-601103+ "DISCOVER" card type 80
2024-12-31 11:32:38,737 INFO  [OPIMessageServer MessageEvent[1145904448]] (CardRangeBuilder:430) -  Card Range: 51+-55+ "MASTERCARD" card type 80
2024-12-31 11:32:38,737 INFO  [OPIMessageServer MessageEvent[1145904448]] (CardRangeBuilder:430) -  Card Range: 222100+-272099+ "MASTERCARD" card type 80
2024-12-31 11:32:38,737 INFO  [OPIMessageServer MessageEvent[1145904448]] (CardRangeBuilder:430) -  Card Range: 3528+-3589+ "JCB" card type 80
2024-12-31 11:32:38,737 INFO  [OPIMessageServer MessageEvent[1145904448]] (CardRangeBuilder:430) -  Card Range: 4+-4+ "VISA" card type 80
2024-12-31 11:32:38,738 INFO  [OPIMessageServer MessageEvent[1145904448]] (CardRangeBuilder:430) -  Card Range: 37+-37+ "AMERICAN_EXPRESS" card type 80
2024-12-31 11:32:38,738 INFO  [OPIMessageServer MessageEvent[1145904448]] (CardRangeBuilder:430) -  Card Range: 38+-39+ "DINERS_CLUB" card type 80
2024-12-31 11:32:38,738 INFO  [OPIMessageServer MessageEvent[1145904448]] (CardRangeBuilder:430) -  Card Range: 36+-36+ "DINERS_CLUB" card type 80
2024-12-31 11:32:38,738 INFO  [OPIMessageServer MessageEvent[1145904448]] (CardRangeBuilder:430) -  Card Range: 3095+-3095+ "DINERS_CLUB" card type 80
2024-12-31 11:32:38,738 INFO  [OPIMessageServer MessageEvent[1145904448]] (CardRangeBuilder:430) -  Card Range: 300+-305+ "DINERS_CLUB" card type 80
2024-12-31 11:32:38,738 INFO  [OPIMessageServer MessageEvent[1145904448]] (CardRangeBuilder:430) -  Card Range: 34+-34+ "AMERICAN_EXPRESS" card type 80
2024-12-31 11:32:38,738 INFO  [OPIMessageServer MessageEvent[1145904448]] (CardRangeBuilder:435) -  Card Range: <(?i)m.*card.*> "MASTERCARD" card type 80
2024-12-31 11:32:38,739 INFO  [OPIMessageServer MessageEvent[1145904448]] (CardRangeBuilder:435) -  Card Range: <(?i)disc.*> "DISCOVER" card type 80
2024-12-31 11:32:38,739 INFO  [OPIMessageServer MessageEvent[1145904448]] (CardRangeBuilder:435) -  Card Range: <(?i)visa.*> "VISA" card type 80
2024-12-31 11:32:38,739 INFO  [OPIMessageServer MessageEvent[1145904448]] (CardRangeBuilder:435) -  Card Range: <(?i)reserve.*10.*> "RESERVE_10" card type 80
2024-12-31 11:32:38,739 INFO  [OPIMessageServer MessageEvent[1145904448]] (CardRangeBuilder:435) -  Card Range: <(?i)reserve.*11.*> "RESERVE_11" card type 80
2024-12-31 11:32:38,739 INFO  [OPIMessageServer MessageEvent[1145904448]] (CardRangeBuilder:435) -  Card Range: <(?i)reserve.*12.*> "RESERVE_12" card type 80
2024-12-31 11:32:38,739 INFO  [OPIMessageServer MessageEvent[1145904448]] (CardRangeBuilder:435) -  Card Range: <(?i)reserve.*13.*> "RESERVE_13" card type 80
2024-12-31 11:32:38,740 INFO  [OPIMessageServer MessageEvent[1145904448]] (CardRangeBuilder:435) -  Card Range: <(?i)reserve.*14.*> "RESERVE_14" card type 80
2024-12-31 11:32:38,740 INFO  [OPIMessageServer MessageEvent[1145904448]] (CardRangeBuilder:435) -  Card Range: <(?i)reserve.*15.*> "RESERVE_15" card type 80
2024-12-31 11:32:38,740 INFO  [OPIMessageServer MessageEvent[1145904448]] (CardRangeBuilder:435) -  Card Range: <(?i)reserve.*16.*> "RESERVE_16" card type 80
2024-12-31 11:32:38,740 INFO  [OPIMessageServer MessageEvent[1145904448]] (CardRangeBuilder:435) -  Card Range: <(?i)reserve.*17.*> "RESERVE_17" card type 80
2024-12-31 11:32:38,740 INFO  [OPIMessageServer MessageEvent[1145904448]] (CardRangeBuilder:435) -  Card Range: <(?i)reserve.*18.*> "RESERVE_18" card type 80
2024-12-31 11:32:38,741 INFO  [OPIMessageServer MessageEvent[1145904448]] (CardRangeBuilder:435) -  Card Range: <(?i)reserve.*19.*> "RESERVE_19" card type 80
2024-12-31 11:32:38,741 INFO  [OPIMessageServer MessageEvent[1145904448]] (CardRangeBuilder:435) -  Card Range: <(?i)reserve.*20.*> "RESERVE_20" card type 80
2024-12-31 11:32:38,741 INFO  [OPIMessageServer MessageEvent[1145904448]] (CardRangeBuilder:435) -  Card Range: <(?i)reserve.*21.*> "RESERVE_21" card type 80
2024-12-31 11:32:38,741 INFO  [OPIMessageServer MessageEvent[1145904448]] (CardRangeBuilder:435) -  Card Range: <(?i)reserve.*22.*> "RESERVE_22" card type 80
2024-12-31 11:32:38,742 INFO  [OPIMessageServer MessageEvent[1145904448]] (CardRangeBuilder:435) -  Card Range: <(?i)reserve.*23.*> "RESERVE_23" card type 80
2024-12-31 11:32:38,742 INFO  [OPIMessageServer MessageEvent[1145904448]] (CardRangeBuilder:435) -  Card Range: <(?i)reserve.*24.*> "RESERVE_24" card type 80
2024-12-31 11:32:38,742 INFO  [OPIMessageServer MessageEvent[1145904448]] (CardRangeBuilder:435) -  Card Range: <(?i)reserve.*25.*> "RESERVE_25" card type 80
2024-12-31 11:32:38,742 INFO  [OPIMessageServer MessageEvent[1145904448]] (CardRangeBuilder:435) -  Card Range: <(?i)reserve.*26.*> "RESERVE_26" card type 80
2024-12-31 11:32:38,742 INFO  [OPIMessageServer MessageEvent[1145904448]] (CardRangeBuilder:435) -  Card Range: <(?i)reserve.*27.*> "RESERVE_27" card type 80
2024-12-31 11:32:38,742 INFO  [OPIMessageServer MessageEvent[1145904448]] (CardRangeBuilder:435) -  Card Range: <(?i)reserve.*28.*> "RESERVE_28" card type 80
2024-12-31 11:32:38,742 INFO  [OPIMessageServer MessageEvent[1145904448]] (CardRangeBuilder:435) -  Card Range: <(?i)reserve.*29.*> "RESERVE_29" card type 80
2024-12-31 11:32:38,742 INFO  [OPIMessageServer MessageEvent[1145904448]] (CardRangeBuilder:435) -  Card Range: <(?i)alipay.*> "ALIPAY" card type 88
2024-12-31 11:32:38,742 INFO  [OPIMessageServer MessageEvent[1145904448]] (CardRangeBuilder:435) -  Card Range: <(?i)wechat.*> "WECHAT_PAY" card type 88
2024-12-31 11:32:38,742 INFO  [OPIMessageServer MessageEvent[1145904448]] (CardRangeBuilder:435) -  Card Range: <(?i)paypal.*> "PAYPAL" card type 88
2024-12-31 11:32:38,743 INFO  [OPIMessageServer MessageEvent[1145904448]] (CardRangeBuilder:435) -  Card Range: <(?i)apple.*> "APPLE_PAY" card type 88
2024-12-31 11:32:38,743 INFO  [OPIMessageServer MessageEvent[1145904448]] (CardRangeBuilder:435) -  Card Range: <(?i)samsung.*> "SAMSUNG_PAY" card type 88
2024-12-31 11:32:38,743 INFO  [OPIMessageServer MessageEvent[1145904448]] (CardRangeBuilder:435) -  Card Range: <(?i)android.*> "ANDROID_PAY" card type 88
2024-12-31 11:32:38,743 INFO  [OPIMessageServer MessageEvent[1145904448]] (CardRangeBuilder:435) -  Card Range: <(?i)google.*> "GOOGLE_PAY" card type 88
2024-12-31 11:32:38,743 INFO  [OPIMessageServer MessageEvent[1145904448]] (CardRangeBuilder:435) -  Card Range: <(?i)m.*pass.*> "MASTERPASS" card type 88
2024-12-31 11:32:38,743 INFO  [OPIMessageServer MessageEvent[1145904448]] (CardRangeBuilder:435) -  Card Range: <(?i)paylib.*> "PAYLIB" card type 88
2024-12-31 11:32:38,743 INFO  [OPIMessageServer MessageEvent[1145904448]] (CardRangeBuilder:435) -  Card Range: <(?i)amazon.*> "AMAZON_PAY" card type 88
2024-12-31 11:32:38,743 INFO  [OPIMessageServer MessageEvent[1145904448]] (CardRangeBuilder:435) -  Card Range: <(?i)seqr.*> "SEQR" card type 88
2024-12-31 11:32:38,744 INFO  [OPIMessageServer MessageEvent[1145904448]] (CardRangeBuilder:435) -  Card Range: <(?i)mobile.*> "MOBILEPAY" card type 88
2024-12-31 11:32:38,744 INFO  [OPIMessageServer MessageEvent[1145904448]] (CardRangeBuilder:435) -  Card Range: <(?i)lyf.*> "LYF_PAY" card type 88
2024-12-31 11:32:38,744 INFO  [OPIMessageServer MessageEvent[1145904448]] (CardRangeBuilder:435) -  Card Range: <(?i)yoyo.*> "YOYO_WALLET" card type 88
2024-12-31 11:32:38,744 INFO  [OPIMessageServer MessageEvent[1145904448]] (CardRangeBuilder:435) -  Card Range: <(?i)chase.*> "CHASE_PAY" card type 88
2024-12-31 11:32:38,744 INFO  [OPIMessageServer MessageEvent[1145904448]] (CardRangeBuilder:435) -  Card Range: <(?i)allied.*> "ALLIED_WALLET" card type 88
2024-12-31 11:32:38,744 INFO  [OPIMessageServer MessageEvent[1145904448]] (CardRangeBuilder:435) -  Card Range: <(?i)dwolla.*> "DWOLLA" card type 88
2024-12-31 11:32:38,744 INFO  [OPIMessageServer MessageEvent[1145904448]] (CardRangeBuilder:435) -  Card Range: <(?i)paytm.*> "PAYTM" card type 88
2024-12-31 11:32:38,744 INFO  [OPIMessageServer MessageEvent[1145904448]] (CardRangeBuilder:435) -  Card Range: <(?i)mobikwik.*> "MOBIKWIK" card type 88
2024-12-31 11:32:38,745 INFO  [OPIMessageServer MessageEvent[1145904448]] (CardRangeBuilder:435) -  Card Range: <(?i).*bank.*> "PAY_BY_BANK_APP" card type 88
2024-12-31 11:32:38,745 INFO  [OPIMessageServer MessageEvent[1145904448]] (CardRangeBuilder:435) -  Card Range: <(?i)payback.*> "PAYBACK" card type 88
2024-12-31 11:32:38,745 INFO  [OPIMessageServer MessageEvent[1145904448]] (CardRangeBuilder:435) -  Card Range: <(?i)after.*> "AFTERPAY" card type 88
2024-12-31 11:32:38,745 INFO  [OPIMessageServer MessageEvent[1145904448]] (CardRangeBuilder:435) -  Card Range: <(?i)affirm.*> "AFFIRM" card type 88
2024-12-31 11:32:38,745 INFO  [OPIMessageServer MessageEvent[1145904448]] (CardRangeBuilder:435) -  Card Range: <(?i)venmo.*> "VENMO" card type 88
2024-12-31 11:32:38,745 INFO  [OPIMessageServer MessageEvent[1145904448]] (CardRangeBuilder:435) -  Card Range: <(?i)klarna.*> "KLARNA" card type 88
2024-12-31 11:32:38,745 INFO  [OPIMessageServer MessageEvent[1145904448]] (CardRangeBuilder:435) -  Card Range: <(?i)sezzle.*> "SEZZLE" card type 88
2024-12-31 11:32:38,745 INFO  [OPIMessageServer MessageEvent[1145904448]] (CardRangeBuilder:435) -  Card Range: <(?i)quad.*> "QUADPAY" card type 88
2024-12-31 11:32:38,746 INFO  [OPIMessageServer MessageEvent[1145904448]] (CardRangeBuilder:435) -  Card Range: <(?i)laybuy.*> "LAYBUY" card type 88
2024-12-31 11:32:38,746 INFO  [OPIMessageServer MessageEvent[1145904448]] (CardRangeBuilder:435) -  Card Range: <(?i)zip.*> "ZIP" card type 88
2024-12-31 11:32:38,746 INFO  [OPIMessageServer MessageEvent[1145904448]] (CardRangeBuilder:435) -  Card Range: <(?i)open.*> "OPENPAY" card type 88
2024-12-31 11:32:38,747 INFO  [OPIMessageServer MessageEvent[1145904448]] (CardRangeBuilder:435) -  Card Range: <(?i)splitit.*> "SPLITIT" card type 88
2024-12-31 11:32:38,747 INFO  [OPIMessageServer MessageEvent[1145904448]] (CardRangeBuilder:435) -  Card Range: <(?i)swish.*> "SWISH" card type 88
2024-12-31 11:32:38,748 INFO  [OPIMessageServer MessageEvent[1145904448]] (CardRangeBuilder:435) -  Card Range: <(?i)twint.*> "TWINT" card type 88
2024-12-31 11:32:38,748 INFO  [OPIMessageServer MessageEvent[1145904448]] (CardRangeBuilder:435) -  Card Range: <(?i)line.*> "LINE" card type 88
2024-12-31 11:32:38,748 INFO  [OPIMessageServer MessageEvent[1145904448]] (CardRangeBuilder:435) -  Card Range: <(?i)airtel.*> "AIRTEL" card type 88
2024-12-31 11:32:38,748 INFO  [OPIMessageServer MessageEvent[1145904448]] (CardRangeBuilder:435) -  Card Range: <(?i)african.*> "AFRICAN_EWALLETS" card type 88
2024-12-31 11:32:38,748 INFO  [OPIMessageServer MessageEvent[1145904448]] (CardRangeBuilder:435) -  Card Range: <(?i)dana.*> "DANA" card type 88
2024-12-31 11:32:38,749 INFO  [OPIMessageServer MessageEvent[1145904448]] (CardRangeBuilder:435) -  Card Range: <(?i)gcash.*> "GCASH" card type 88
2024-12-31 11:32:38,749 INFO  [OPIMessageServer MessageEvent[1145904448]] (CardRangeBuilder:435) -  Card Range: <(?i)grab.*> "GRAB_PAY" card type 88
2024-12-31 11:32:38,749 INFO  [OPIMessageServer MessageEvent[1145904448]] (CardRangeBuilder:435) -  Card Range: <(?i)kakao.*> "KAKAO_PAY" card type 88
2024-12-31 11:32:38,749 INFO  [OPIMessageServer MessageEvent[1145904448]] (CardRangeBuilder:435) -  Card Range: <(?i)momo.*> "MOMO_WALLET" card type 88
2024-12-31 11:32:38,749 INFO  [OPIMessageServer MessageEvent[1145904448]] (CardRangeBuilder:435) -  Card Range: <(?i).*maya.*> "PAYMAYA" card type 88
2024-12-31 11:32:38,749 INFO  [OPIMessageServer MessageEvent[1145904448]] (CardRangeBuilder:435) -  Card Range: <(?i)vipps.*> "VIPPS" card type 88
2024-12-31 11:32:38,749 INFO  [OPIMessageServer MessageEvent[1145904448]] (CardRangeBuilder:435) -  Card Range: <(?i)pix.*> "PIX" card type 88
2024-12-31 11:32:38,750 INFO  [OPIMessageServer MessageEvent[1145904448]] (CardRangeBuilder:435) -  Card Range: <(?i)aci.*> "ACIPAYAFTER" card type 88
2024-12-31 11:32:38,750 INFO  [OPIMessageServer MessageEvent[1145904448]] (CardRangeBuilder:435) -  Card Range: <(?i)ame.*> "AME" card type 88
2024-12-31 11:32:38,750 INFO  [OPIMessageServer MessageEvent[1145904448]] (CardRangeBuilder:435) -  Card Range: <(?i)atome.*> "ATOME" card type 88
2024-12-31 11:32:38,750 INFO  [OPIMessageServer MessageEvent[1145904448]] (CardRangeBuilder:435) -  Card Range: <(?i)fourall.*> "FOURALL" card type 88
2024-12-31 11:32:38,750 INFO  [OPIMessageServer MessageEvent[1145904448]] (CardRangeBuilder:435) -  Card Range: <(?i)izpay.*> "IZPAY" card type 88
2024-12-31 11:32:38,750 INFO  [OPIMessageServer MessageEvent[1145904448]] (CardRangeBuilder:435) -  Card Range: <(?i)mercado.*> "MERCADO_PAGO" card type 88
2024-12-31 11:32:38,750 INFO  [OPIMessageServer MessageEvent[1145904448]] (CardRangeBuilder:435) -  Card Range: <(?i)pagseguro.*> "PAGSEGURO" card type 88
2024-12-31 11:32:38,750 INFO  [OPIMessageServer MessageEvent[1145904448]] (CardRangeBuilder:435) -  Card Range: <(?i)payunique.*> "PAYUNIQUE" card type 88
2024-12-31 11:32:38,750 INFO  [OPIMessageServer MessageEvent[1145904448]] (CardRangeBuilder:435) -  Card Range: <(?i)picpay.*> "PICPAY" card type 88
2024-12-31 11:32:38,751 INFO  [OPIMessageServer MessageEvent[1145904448]] (CardRangeBuilder:435) -  Card Range: <(?i)riachuelo.*> "RIACHUELO" card type 88
2024-12-31 11:32:38,751 INFO  [OPIMessageServer MessageEvent[1145904448]] (CardRangeBuilder:435) -  Card Range: <(?i)semparar.*> "SEMPARAR" card type 88
2024-12-31 11:32:38,751 INFO  [OPIMessageServer MessageEvent[1145904448]] (CardRangeBuilder:435) -  Card Range: <(?i)tapago.*> "TAPAGO" card type 88
2024-12-31 11:32:38,751 INFO  [OPIMessageServer MessageEvent[1145904448]] (CardRangeBuilder:435) -  Card Range: <(?i)ticketlog.*> "TICKETLOG" card type 88
2024-12-31 11:32:38,751 INFO  [OPIMessageServer MessageEvent[1145904448]] (CardRangeBuilder:435) -  Card Range: <(?i)troco.*> "TROCO_SIMPLES" card type 88
2024-12-31 11:32:38,751 INFO  [OPIMessageServer MessageEvent[1145904448]] (CardRangeBuilder:435) -  Card Range: <(?i)veedigital.*> "VEEDIGITAL" card type 88
2024-12-31 11:32:38,752 INFO  [OPIMessageServer MessageEvent[1145904448]] (CardRangeBuilder:435) -  Card Range: <(?i)generic.*ewallet> "GENERIC_EWALLET" card type 88
2024-12-31 11:32:38,752 INFO  [OPIMessageServer MessageEvent[1145904448]] (CardRangeBuilder:435) -  Card Range: <(?i)reserve.*1.*> "RESERVE_1" card type 88
2024-12-31 11:32:38,752 INFO  [OPIMessageServer MessageEvent[1145904448]] (CardRangeBuilder:435) -  Card Range: <(?i)reserve.*2.*> "RESERVE_2" card type 88
2024-12-31 11:32:38,752 INFO  [OPIMessageServer MessageEvent[1145904448]] (CardRangeBuilder:435) -  Card Range: <(?i)reserve.*3.*> "RESERVE_3" card type 88
2024-12-31 11:32:38,752 INFO  [OPIMessageServer MessageEvent[1145904448]] (CardRangeBuilder:435) -  Card Range: <(?i)reserve.*4.*> "RESERVE_4" card type 88
2024-12-31 11:32:38,752 INFO  [OPIMessageServer MessageEvent[1145904448]] (CardRangeBuilder:435) -  Card Range: <(?i)reserve.*5.*> "RESERVE_5" card type 88
2024-12-31 11:32:38,753 INFO  [OPIMessageServer MessageEvent[1145904448]] (CardRangeBuilder:435) -  Card Range: <(?i)reserve.*6.*> "RESERVE_6" card type 88
2024-12-31 11:32:38,753 INFO  [OPIMessageServer MessageEvent[1145904448]] (CardRangeBuilder:435) -  Card Range: <(?i)reserve.*7.*> "RESERVE_7" card type 88
2024-12-31 11:32:38,753 INFO  [OPIMessageServer MessageEvent[1145904448]] (CardRangeBuilder:435) -  Card Range: <(?i)reserve.*8.*> "RESERVE_8" card type 88
2024-12-31 11:32:38,753 INFO  [OPIMessageServer MessageEvent[1145904448]] (CardRangeBuilder:435) -  Card Range: <(?i)reserve.*9.*> "RESERVE_9" card type 88
2024-12-31 11:32:38,753 INFO  [OPIMessageServer MessageEvent[1145904448]] (CardRangeBuilder:435) -  Card Range: <.+> "UNKNOWN CARD" card type 80
2024-12-31 11:32:38,754 INFO  [OPIMessageServer MessageEvent[1145904448]] (CardRangeBuilder:611) -  MaskingCRC matches
2024-12-31 11:32:38,755 INFO  [OPIMessageServer MessageEvent[1145904448]] (OPIServer:1318) -  > POS: ServiceRequest/Login/1
2024-12-31 11:32:38,757 INFO  [OPIMessageServer MessageEvent[1145904448]] (OPISession:888) -  sending to 10100/61650-TLS:
<?xml version="1.0" encoding="UTF-8"?>
<ServiceResponse RequestID="1" WorkstationID="1" OverallResult="Uninitialised" ApplicationSender="XSTORE" RequestType="Login"/>
2024-12-31 11:32:38,786 INFO  [OPIMessageServerSession[1097805778]] (OPISession:970) -  socket 10100/61650-TLS closed at other end (bytes read 0)
2024-12-31 11:32:38,786 INFO  [OPIMessageServerSession[1097805778]] (OPIServer:757) -  POS disconnected - message session 1097805778 socket 10100/61650-TLS
2024-12-31 11:32:38,786 INFO  [OPIMessageServer[1659999783]] (OPIMessageServer$ConnectionHandler:819) -  messageSession 127.0.0.1/10100/61650-TLS starting message session 1097805778/1593059720 terminated
2024-12-31 11:35:14,472 INFO  [OPIMessageServer[1659999783]] (OPIMessageServer$ConnectionHandler:811) -  connection accepted from 127.0.0.1/10100/61897-TLS starting message session 1319526432/551925960
2024-12-31 11:35:14,484 INFO  [OPIMessageServerSession[1319526432]] (OPIServer:569) -  POS connected - message session 1319526432 socket 10100/61897-TLS
2024-12-31 11:35:14,498 INFO  [OPIMessageServerSession[1319526432]] (OPISession:744) -  received from 10100/61897-TLS:
<?xml version='1.0' encoding='UTF-8'?>
<CardServiceRequest RequestType="CardPayment" ApplicationSender="XSTORE" WorkstationID="1" RequestID="2">
  <POSdata LanguageCode="eng">
    <POSTimeStamp>2024-12-31T11:35:14</POSTimeStamp>
    <TransactionNumber>414</TransactionNumber>
    <StoreID>11347</StoreID>
    <DisableCashback>N</DisableCashback>
  </POSdata>
  <TotalAmount Currency="SAR">207.50</TotalAmount>
  <SaleItem ItemID="_1">
    <ProductCode>1616</ProductCode>
    <Department>10001</Department>
    <Amount OriginalAmount="207.50">207.50</Amount>
    <UnitPrice>207.50</UnitPrice>
    <Quantity>1</Quantity>
    <TaxCode>VAT</TaxCode>
    <TaxRate>0.15</TaxRate>
    <UnitTaxAmount>27.06521739</UnitTaxAmount>
    <AdditionalProductCode>1616</AdditionalProductCode>
    <AdditionalProductInfo>    - 2500</AdditionalProductInfo>
    </SaleItem>
      <PaymentProviderName/>
        <TotalTaxAmount>27.07</TotalTaxAmount>
        <DestinationPostalCode>123456</DestinationPostalCode>
        </CardServiceRequest>
2024-12-31 11:35:14,525 INFO  [OPIMessageServer MessageEvent[625581382]] (DeviceAccessHandler:162) -  DeviceAccessHandler loaded
2024-12-31 11:35:14,525 INFO  [OPIMessageServer MessageEvent[625581382]] (DataAccessHandler:34) -  DataAccessHandler loaded
2024-12-31 11:35:14,528 INFO  [OPIMessageServer MessageEvent[625581382]] (Text:81) -  found local translation file C:\eftlink\LangEN.properties
2024-12-31 11:35:14,531 INFO  [OPIMessageServer MessageEvent[625581382]] (EPSFileProperties:65) -  loading properties file LangEN.properties from C:\eftlink
2024-12-31 11:35:14,532 INFO  [OPIMessageServer MessageEvent[625581382]] (EPSProduct:226) -  fuel product codes: ,0,1,2,3,4,5,6,8,10,11,12,13,14,15,16,17,18,19,20,21,22,23,28,30,31,
2024-12-31 11:35:14,533 INFO  [OPIMessageServer MessageEvent[625581382]] (EPSProduct:231) -  dispensable fuel product codes: ,1,2,3,4,5,6,20,21,22,23,28,30,31,
2024-12-31 11:35:14,533 INFO  [OPIMessageServer MessageEvent[625581382]] (OPIServer:2943) -  setting 2 decimal places
2024-12-31 11:35:14,533 ERROR [OPIMessageServer MessageEvent[625581382]] (EPSCoreFactory:240) -  failed to instantiate core com.asq.geidea.AsqGeideaCore: 
java.lang.NoClassDefFoundError: Could not initialize class com.asq.geidea.AsqGeideaCore
	at java.lang.Class.forName0(Native Method) ~[?:?]
	at java.lang.Class.forName(Class.java:315) ~[?:?]
	at manito.eft.common.EPSCoreFactory.instantiateCore(EPSCoreFactory.java:217) [eftlink.jar:?]
	at manito.eft.common.EPSCoreFactory.getCores(EPSCoreFactory.java:135) [eftlink.jar:?]
	at manito.eft.common.EPSCoreFactory.getCores(EPSCoreFactory.java:51) [eftlink.jar:?]
	at manito.eft.opi.server.OPIServer.completeInitialisation(OPIServer.java:2967) [eftlink.jar:?]
	at manito.eft.opi.server.OPIServer.messageReceived(OPIServer.java:1087) [eftlink.jar:?]
	at manito.eft.opi.messages.OPIMessageServer$MessageEvent.run(OPIMessageServer.java:894) [eftlink.jar:?]
	at java.lang.Thread.run(Thread.java:834) [?:?]
2024-12-31 11:35:14,533 ERROR [OPIMessageServer MessageEvent[625581382]] (EPSCoreFactory:144) -  primary core failed - aborting initialisation
2024-12-31 11:35:14,555 INFO  [OPIMessageServer MessageEvent[625581382]] (CardRangeBuilder:245) -  Loading card ranges from C:\eftlink\CardRange.xml
2024-12-31 11:35:14,566 INFO  [OPIMessageServer MessageEvent[625581382]] (CardRangeBuilder:322) -  attributes set for card type 80: [[Attribute: CardType="80"], [Attribute: MaskTo="12"], [Attribute: MaskFrom="7"], [Attribute: LoyaltyEligible="true"]]
2024-12-31 11:35:14,566 INFO  [OPIMessageServer MessageEvent[625581382]] (CardRangeBuilder:430) -  Card Range: 650611+-659999+ "DISCOVER" card type 80
2024-12-31 11:35:14,567 INFO  [OPIMessageServer MessageEvent[625581382]] (CardRangeBuilder:430) -  Card Range: 650601+-650609+ "DISCOVER" card type 80
2024-12-31 11:35:14,567 INFO  [OPIMessageServer MessageEvent[625581382]] (CardRangeBuilder:430) -  Card Range: 650000+-650600+ "DISCOVER" card type 80
2024-12-31 11:35:14,567 INFO  [OPIMessageServer MessageEvent[625581382]] (CardRangeBuilder:430) -  Card Range: 6440+-6499+ "DISCOVER" card type 80
2024-12-31 11:35:14,567 INFO  [OPIMessageServer MessageEvent[625581382]] (CardRangeBuilder:430) -  Card Range: 6282+-6288+ "UNIONPAY" card type 80
2024-12-31 11:35:14,567 INFO  [OPIMessageServer MessageEvent[625581382]] (CardRangeBuilder:430) -  Card Range: 6240+-6269+ "UNIONPAY" card type 80
2024-12-31 11:35:14,567 INFO  [OPIMessageServer MessageEvent[625581382]] (CardRangeBuilder:430) -  Card Range: 622126+-622925+ "UNIONPAY" card type 80
2024-12-31 11:35:14,567 INFO  [OPIMessageServer MessageEvent[625581382]] (CardRangeBuilder:430) -  Card Range: 601105+-601199+ "DISCOVER" card type 80
2024-12-31 11:35:14,567 INFO  [OPIMessageServer MessageEvent[625581382]] (CardRangeBuilder:430) -  Card Range: 601100+-601103+ "DISCOVER" card type 80
2024-12-31 11:35:14,568 INFO  [OPIMessageServer MessageEvent[625581382]] (CardRangeBuilder:430) -  Card Range: 51+-55+ "MASTERCARD" card type 80
2024-12-31 11:35:14,568 INFO  [OPIMessageServer MessageEvent[625581382]] (CardRangeBuilder:430) -  Card Range: 222100+-272099+ "MASTERCARD" card type 80
2024-12-31 11:35:14,568 INFO  [OPIMessageServer MessageEvent[625581382]] (CardRangeBuilder:430) -  Card Range: 3528+-3589+ "JCB" card type 80
2024-12-31 11:35:14,568 INFO  [OPIMessageServer MessageEvent[625581382]] (CardRangeBuilder:430) -  Card Range: 4+-4+ "VISA" card type 80
2024-12-31 11:35:14,568 INFO  [OPIMessageServer MessageEvent[625581382]] (CardRangeBuilder:430) -  Card Range: 37+-37+ "AMERICAN_EXPRESS" card type 80
2024-12-31 11:35:14,568 INFO  [OPIMessageServer MessageEvent[625581382]] (CardRangeBuilder:430) -  Card Range: 38+-39+ "DINERS_CLUB" card type 80
2024-12-31 11:35:14,568 INFO  [OPIMessageServer MessageEvent[625581382]] (CardRangeBuilder:430) -  Card Range: 36+-36+ "DINERS_CLUB" card type 80
2024-12-31 11:35:14,568 INFO  [OPIMessageServer MessageEvent[625581382]] (CardRangeBuilder:430) -  Card Range: 3095+-3095+ "DINERS_CLUB" card type 80
2024-12-31 11:35:14,568 INFO  [OPIMessageServer MessageEvent[625581382]] (CardRangeBuilder:430) -  Card Range: 300+-305+ "DINERS_CLUB" card type 80
2024-12-31 11:35:14,568 INFO  [OPIMessageServer MessageEvent[625581382]] (CardRangeBuilder:430) -  Card Range: 34+-34+ "AMERICAN_EXPRESS" card type 80
2024-12-31 11:35:14,568 INFO  [OPIMessageServer MessageEvent[625581382]] (CardRangeBuilder:435) -  Card Range: <(?i)m.*card.*> "MASTERCARD" card type 80
2024-12-31 11:35:14,569 INFO  [OPIMessageServer MessageEvent[625581382]] (CardRangeBuilder:435) -  Card Range: <(?i)disc.*> "DISCOVER" card type 80
2024-12-31 11:35:14,569 INFO  [OPIMessageServer MessageEvent[625581382]] (CardRangeBuilder:435) -  Card Range: <(?i)visa.*> "VISA" card type 80
2024-12-31 11:35:14,569 INFO  [OPIMessageServer MessageEvent[625581382]] (CardRangeBuilder:435) -  Card Range: <(?i)reserve.*10.*> "RESERVE_10" card type 80
2024-12-31 11:35:14,569 INFO  [OPIMessageServer MessageEvent[625581382]] (CardRangeBuilder:435) -  Card Range: <(?i)reserve.*11.*> "RESERVE_11" card type 80
2024-12-31 11:35:14,569 INFO  [OPIMessageServer MessageEvent[625581382]] (CardRangeBuilder:435) -  Card Range: <(?i)reserve.*12.*> "RESERVE_12" card type 80
2024-12-31 11:35:14,569 INFO  [OPIMessageServer MessageEvent[625581382]] (CardRangeBuilder:435) -  Card Range: <(?i)reserve.*13.*> "RESERVE_13" card type 80
2024-12-31 11:35:14,569 INFO  [OPIMessageServer MessageEvent[625581382]] (CardRangeBuilder:435) -  Card Range: <(?i)reserve.*14.*> "RESERVE_14" card type 80
2024-12-31 11:35:14,569 INFO  [OPIMessageServer MessageEvent[625581382]] (CardRangeBuilder:435) -  Card Range: <(?i)reserve.*15.*> "RESERVE_15" card type 80
2024-12-31 11:35:14,570 INFO  [OPIMessageServer MessageEvent[625581382]] (CardRangeBuilder:435) -  Card Range: <(?i)reserve.*16.*> "RESERVE_16" card type 80
2024-12-31 11:35:14,570 INFO  [OPIMessageServer MessageEvent[625581382]] (CardRangeBuilder:435) -  Card Range: <(?i)reserve.*17.*> "RESERVE_17" card type 80
2024-12-31 11:35:14,570 INFO  [OPIMessageServer MessageEvent[625581382]] (CardRangeBuilder:435) -  Card Range: <(?i)reserve.*18.*> "RESERVE_18" card type 80
2024-12-31 11:35:14,570 INFO  [OPIMessageServer MessageEvent[625581382]] (CardRangeBuilder:435) -  Card Range: <(?i)reserve.*19.*> "RESERVE_19" card type 80
2024-12-31 11:35:14,570 INFO  [OPIMessageServer MessageEvent[625581382]] (CardRangeBuilder:435) -  Card Range: <(?i)reserve.*20.*> "RESERVE_20" card type 80
2024-12-31 11:35:14,570 INFO  [OPIMessageServer MessageEvent[625581382]] (CardRangeBuilder:435) -  Card Range: <(?i)reserve.*21.*> "RESERVE_21" card type 80
2024-12-31 11:35:14,570 INFO  [OPIMessageServer MessageEvent[625581382]] (CardRangeBuilder:435) -  Card Range: <(?i)reserve.*22.*> "RESERVE_22" card type 80
2024-12-31 11:35:14,570 INFO  [OPIMessageServer MessageEvent[625581382]] (CardRangeBuilder:435) -  Card Range: <(?i)reserve.*23.*> "RESERVE_23" card type 80
2024-12-31 11:35:14,574 INFO  [OPIMessageServer MessageEvent[625581382]] (CardRangeBuilder:435) -  Card Range: <(?i)reserve.*24.*> "RESERVE_24" card type 80
2024-12-31 11:35:14,574 INFO  [OPIMessageServer MessageEvent[625581382]] (CardRangeBuilder:435) -  Card Range: <(?i)reserve.*25.*> "RESERVE_25" card type 80
2024-12-31 11:35:14,574 INFO  [OPIMessageServer MessageEvent[625581382]] (CardRangeBuilder:435) -  Card Range: <(?i)reserve.*26.*> "RESERVE_26" card type 80
2024-12-31 11:35:14,574 INFO  [OPIMessageServer MessageEvent[625581382]] (CardRangeBuilder:435) -  Card Range: <(?i)reserve.*27.*> "RESERVE_27" card type 80
2024-12-31 11:35:14,575 INFO  [OPIMessageServer MessageEvent[625581382]] (CardRangeBuilder:435) -  Card Range: <(?i)reserve.*28.*> "RESERVE_28" card type 80
2024-12-31 11:35:14,575 INFO  [OPIMessageServer MessageEvent[625581382]] (CardRangeBuilder:435) -  Card Range: <(?i)reserve.*29.*> "RESERVE_29" card type 80
2024-12-31 11:35:14,575 INFO  [OPIMessageServer MessageEvent[625581382]] (CardRangeBuilder:435) -  Card Range: <(?i)alipay.*> "ALIPAY" card type 88
2024-12-31 11:35:14,575 INFO  [OPIMessageServer MessageEvent[625581382]] (CardRangeBuilder:435) -  Card Range: <(?i)wechat.*> "WECHAT_PAY" card type 88
2024-12-31 11:35:14,575 INFO  [OPIMessageServer MessageEvent[625581382]] (CardRangeBuilder:435) -  Card Range: <(?i)paypal.*> "PAYPAL" card type 88
2024-12-31 11:35:14,576 INFO  [OPIMessageServer MessageEvent[625581382]] (CardRangeBuilder:435) -  Card Range: <(?i)apple.*> "APPLE_PAY" card type 88
2024-12-31 11:35:14,576 INFO  [OPIMessageServer MessageEvent[625581382]] (CardRangeBuilder:435) -  Card Range: <(?i)samsung.*> "SAMSUNG_PAY" card type 88
2024-12-31 11:35:14,576 INFO  [OPIMessageServer MessageEvent[625581382]] (CardRangeBuilder:435) -  Card Range: <(?i)android.*> "ANDROID_PAY" card type 88
2024-12-31 11:35:14,576 INFO  [OPIMessageServer MessageEvent[625581382]] (CardRangeBuilder:435) -  Card Range: <(?i)google.*> "GOOGLE_PAY" card type 88
2024-12-31 11:35:14,576 INFO  [OPIMessageServer MessageEvent[625581382]] (CardRangeBuilder:435) -  Card Range: <(?i)m.*pass.*> "MASTERPASS" card type 88
2024-12-31 11:35:14,576 INFO  [OPIMessageServer MessageEvent[625581382]] (CardRangeBuilder:435) -  Card Range: <(?i)paylib.*> "PAYLIB" card type 88
2024-12-31 11:35:14,577 INFO  [OPIMessageServer MessageEvent[625581382]] (CardRangeBuilder:435) -  Card Range: <(?i)amazon.*> "AMAZON_PAY" card type 88
2024-12-31 11:35:14,577 INFO  [OPIMessageServer MessageEvent[625581382]] (CardRangeBuilder:435) -  Card Range: <(?i)seqr.*> "SEQR" card type 88
2024-12-31 11:35:14,577 INFO  [OPIMessageServer MessageEvent[625581382]] (CardRangeBuilder:435) -  Card Range: <(?i)mobile.*> "MOBILEPAY" card type 88
2024-12-31 11:35:14,577 INFO  [OPIMessageServer MessageEvent[625581382]] (CardRangeBuilder:435) -  Card Range: <(?i)lyf.*> "LYF_PAY" card type 88
2024-12-31 11:35:14,577 INFO  [OPIMessageServer MessageEvent[625581382]] (CardRangeBuilder:435) -  Card Range: <(?i)yoyo.*> "YOYO_WALLET" card type 88
2024-12-31 11:35:14,578 INFO  [OPIMessageServer MessageEvent[625581382]] (CardRangeBuilder:435) -  Card Range: <(?i)chase.*> "CHASE_PAY" card type 88
2024-12-31 11:35:14,578 INFO  [OPIMessageServer MessageEvent[625581382]] (CardRangeBuilder:435) -  Card Range: <(?i)allied.*> "ALLIED_WALLET" card type 88
2024-12-31 11:35:14,578 INFO  [OPIMessageServer MessageEvent[625581382]] (CardRangeBuilder:435) -  Card Range: <(?i)dwolla.*> "DWOLLA" card type 88
2024-12-31 11:35:14,578 INFO  [OPIMessageServer MessageEvent[625581382]] (CardRangeBuilder:435) -  Card Range: <(?i)paytm.*> "PAYTM" card type 88
2024-12-31 11:35:14,578 INFO  [OPIMessageServer MessageEvent[625581382]] (CardRangeBuilder:435) -  Card Range: <(?i)mobikwik.*> "MOBIKWIK" card type 88
2024-12-31 11:35:14,578 INFO  [OPIMessageServer MessageEvent[625581382]] (CardRangeBuilder:435) -  Card Range: <(?i).*bank.*> "PAY_BY_BANK_APP" card type 88
2024-12-31 11:35:14,578 INFO  [OPIMessageServer MessageEvent[625581382]] (CardRangeBuilder:435) -  Card Range: <(?i)payback.*> "PAYBACK" card type 88
2024-12-31 11:35:14,579 INFO  [OPIMessageServer MessageEvent[625581382]] (CardRangeBuilder:435) -  Card Range: <(?i)after.*> "AFTERPAY" card type 88
2024-12-31 11:35:14,579 INFO  [OPIMessageServer MessageEvent[625581382]] (CardRangeBuilder:435) -  Card Range: <(?i)affirm.*> "AFFIRM" card type 88
2024-12-31 11:35:14,579 INFO  [OPIMessageServer MessageEvent[625581382]] (CardRangeBuilder:435) -  Card Range: <(?i)venmo.*> "VENMO" card type 88
2024-12-31 11:35:14,579 INFO  [OPIMessageServer MessageEvent[625581382]] (CardRangeBuilder:435) -  Card Range: <(?i)klarna.*> "KLARNA" card type 88
2024-12-31 11:35:14,579 INFO  [OPIMessageServer MessageEvent[625581382]] (CardRangeBuilder:435) -  Card Range: <(?i)sezzle.*> "SEZZLE" card type 88
2024-12-31 11:35:14,579 INFO  [OPIMessageServer MessageEvent[625581382]] (CardRangeBuilder:435) -  Card Range: <(?i)quad.*> "QUADPAY" card type 88
2024-12-31 11:35:14,580 INFO  [OPIMessageServer MessageEvent[625581382]] (CardRangeBuilder:435) -  Card Range: <(?i)laybuy.*> "LAYBUY" card type 88
2024-12-31 11:35:14,580 INFO  [OPIMessageServer MessageEvent[625581382]] (CardRangeBuilder:435) -  Card Range: <(?i)zip.*> "ZIP" card type 88
2024-12-31 11:35:14,580 INFO  [OPIMessageServer MessageEvent[625581382]] (CardRangeBuilder:435) -  Card Range: <(?i)open.*> "OPENPAY" card type 88
2024-12-31 11:35:14,580 INFO  [OPIMessageServer MessageEvent[625581382]] (CardRangeBuilder:435) -  Card Range: <(?i)splitit.*> "SPLITIT" card type 88
2024-12-31 11:35:14,580 INFO  [OPIMessageServer MessageEvent[625581382]] (CardRangeBuilder:435) -  Card Range: <(?i)swish.*> "SWISH" card type 88
2024-12-31 11:35:14,580 INFO  [OPIMessageServer MessageEvent[625581382]] (CardRangeBuilder:435) -  Card Range: <(?i)twint.*> "TWINT" card type 88
2024-12-31 11:35:14,582 INFO  [OPIMessageServer MessageEvent[625581382]] (CardRangeBuilder:435) -  Card Range: <(?i)line.*> "LINE" card type 88
2024-12-31 11:35:14,584 INFO  [OPIMessageServer MessageEvent[625581382]] (CardRangeBuilder:435) -  Card Range: <(?i)airtel.*> "AIRTEL" card type 88
2024-12-31 11:35:14,584 INFO  [OPIMessageServer MessageEvent[625581382]] (CardRangeBuilder:435) -  Card Range: <(?i)african.*> "AFRICAN_EWALLETS" card type 88
2024-12-31 11:35:14,585 INFO  [OPIMessageServer MessageEvent[625581382]] (CardRangeBuilder:435) -  Card Range: <(?i)dana.*> "DANA" card type 88
2024-12-31 11:35:14,585 INFO  [OPIMessageServer MessageEvent[625581382]] (CardRangeBuilder:435) -  Card Range: <(?i)gcash.*> "GCASH" card type 88
2024-12-31 11:35:14,585 INFO  [OPIMessageServer MessageEvent[625581382]] (CardRangeBuilder:435) -  Card Range: <(?i)grab.*> "GRAB_PAY" card type 88
2024-12-31 11:35:14,585 INFO  [OPIMessageServer MessageEvent[625581382]] (CardRangeBuilder:435) -  Card Range: <(?i)kakao.*> "KAKAO_PAY" card type 88
2024-12-31 11:35:14,585 INFO  [OPIMessageServer MessageEvent[625581382]] (CardRangeBuilder:435) -  Card Range: <(?i)momo.*> "MOMO_WALLET" card type 88
2024-12-31 11:35:14,585 INFO  [OPIMessageServer MessageEvent[625581382]] (CardRangeBuilder:435) -  Card Range: <(?i).*maya.*> "PAYMAYA" card type 88
2024-12-31 11:35:14,585 INFO  [OPIMessageServer MessageEvent[625581382]] (CardRangeBuilder:435) -  Card Range: <(?i)vipps.*> "VIPPS" card type 88
2024-12-31 11:35:14,589 INFO  [OPIMessageServer MessageEvent[625581382]] (CardRangeBuilder:435) -  Card Range: <(?i)pix.*> "PIX" card type 88
2024-12-31 11:35:14,589 INFO  [OPIMessageServer MessageEvent[625581382]] (CardRangeBuilder:435) -  Card Range: <(?i)aci.*> "ACIPAYAFTER" card type 88
2024-12-31 11:35:14,589 INFO  [OPIMessageServer MessageEvent[625581382]] (CardRangeBuilder:435) -  Card Range: <(?i)ame.*> "AME" card type 88
2024-12-31 11:35:14,590 INFO  [OPIMessageServer MessageEvent[625581382]] (CardRangeBuilder:435) -  Card Range: <(?i)atome.*> "ATOME" card type 88
2024-12-31 11:35:14,590 INFO  [OPIMessageServer MessageEvent[625581382]] (CardRangeBuilder:435) -  Card Range: <(?i)fourall.*> "FOURALL" card type 88
2024-12-31 11:35:14,590 INFO  [OPIMessageServer MessageEvent[625581382]] (CardRangeBuilder:435) -  Card Range: <(?i)izpay.*> "IZPAY" card type 88
2024-12-31 11:35:14,590 INFO  [OPIMessageServer MessageEvent[625581382]] (CardRangeBuilder:435) -  Card Range: <(?i)mercado.*> "MERCADO_PAGO" card type 88
2024-12-31 11:35:14,590 INFO  [OPIMessageServer MessageEvent[625581382]] (CardRangeBuilder:435) -  Card Range: <(?i)pagseguro.*> "PAGSEGURO" card type 88
2024-12-31 11:35:14,590 INFO  [OPIMessageServer MessageEvent[625581382]] (CardRangeBuilder:435) -  Card Range: <(?i)payunique.*> "PAYUNIQUE" card type 88
2024-12-31 11:35:14,590 INFO  [OPIMessageServer MessageEvent[625581382]] (CardRangeBuilder:435) -  Card Range: <(?i)picpay.*> "PICPAY" card type 88
2024-12-31 11:35:14,590 INFO  [OPIMessageServer MessageEvent[625581382]] (CardRangeBuilder:435) -  Card Range: <(?i)riachuelo.*> "RIACHUELO" card type 88
2024-12-31 11:35:14,591 INFO  [OPIMessageServer MessageEvent[625581382]] (CardRangeBuilder:435) -  Card Range: <(?i)semparar.*> "SEMPARAR" card type 88
2024-12-31 11:35:14,591 INFO  [OPIMessageServer MessageEvent[625581382]] (CardRangeBuilder:435) -  Card Range: <(?i)tapago.*> "TAPAGO" card type 88
2024-12-31 11:35:14,591 INFO  [OPIMessageServer MessageEvent[625581382]] (CardRangeBuilder:435) -  Card Range: <(?i)ticketlog.*> "TICKETLOG" card type 88
2024-12-31 11:35:14,591 INFO  [OPIMessageServer MessageEvent[625581382]] (CardRangeBuilder:435) -  Card Range: <(?i)troco.*> "TROCO_SIMPLES" card type 88
2024-12-31 11:35:14,591 INFO  [OPIMessageServer MessageEvent[625581382]] (CardRangeBuilder:435) -  Card Range: <(?i)veedigital.*> "VEEDIGITAL" card type 88
2024-12-31 11:35:14,592 INFO  [OPIMessageServer MessageEvent[625581382]] (CardRangeBuilder:435) -  Card Range: <(?i)generic.*ewallet> "GENERIC_EWALLET" card type 88
2024-12-31 11:35:14,592 INFO  [OPIMessageServer MessageEvent[625581382]] (CardRangeBuilder:435) -  Card Range: <(?i)reserve.*1.*> "RESERVE_1" card type 88
2024-12-31 11:35:14,592 INFO  [OPIMessageServer MessageEvent[625581382]] (CardRangeBuilder:435) -  Card Range: <(?i)reserve.*2.*> "RESERVE_2" card type 88
2024-12-31 11:35:14,592 INFO  [OPIMessageServer MessageEvent[625581382]] (CardRangeBuilder:435) -  Card Range: <(?i)reserve.*3.*> "RESERVE_3" card type 88
2024-12-31 11:35:14,592 INFO  [OPIMessageServer MessageEvent[625581382]] (CardRangeBuilder:435) -  Card Range: <(?i)reserve.*4.*> "RESERVE_4" card type 88
2024-12-31 11:35:14,592 INFO  [OPIMessageServer MessageEvent[625581382]] (CardRangeBuilder:435) -  Card Range: <(?i)reserve.*5.*> "RESERVE_5" card type 88
2024-12-31 11:35:14,592 INFO  [OPIMessageServer MessageEvent[625581382]] (CardRangeBuilder:435) -  Card Range: <(?i)reserve.*6.*> "RESERVE_6" card type 88
2024-12-31 11:35:14,593 INFO  [OPIMessageServer MessageEvent[625581382]] (CardRangeBuilder:435) -  Card Range: <(?i)reserve.*7.*> "RESERVE_7" card type 88
2024-12-31 11:35:14,593 INFO  [OPIMessageServer MessageEvent[625581382]] (CardRangeBuilder:435) -  Card Range: <(?i)reserve.*8.*> "RESERVE_8" card type 88
2024-12-31 11:35:14,593 INFO  [OPIMessageServer MessageEvent[625581382]] (CardRangeBuilder:435) -  Card Range: <(?i)reserve.*9.*> "RESERVE_9" card type 88
2024-12-31 11:35:14,593 INFO  [OPIMessageServer MessageEvent[625581382]] (CardRangeBuilder:435) -  Card Range: <.+> "UNKNOWN CARD" card type 80
2024-12-31 11:35:14,594 INFO  [OPIMessageServer MessageEvent[625581382]] (CardRangeBuilder:611) -  MaskingCRC matches
2024-12-31 11:35:14,594 INFO  [OPIMessageServer MessageEvent[625581382]] (OPIServer:1318) -  > POS: CardServiceRequest/CardPayment/2
2024-12-31 11:35:14,595 INFO  [OPIMessageServer MessageEvent[625581382]] (OPISession:888) -  sending to 10100/61897-TLS:
<?xml version="1.0" encoding="UTF-8"?>
<CardServiceResponse RequestID="2" WorkstationID="1" OverallResult="Uninitialised" ApplicationSender="XSTORE" RequestType="CardPayment"/>
2024-12-31 11:35:14,604 INFO  [OPIMessageServerSession[1319526432]] (OPISession:970) -  socket 10100/61897-TLS closed at other end (bytes read 0)
2024-12-31 11:35:14,605 INFO  [OPIMessageServerSession[1319526432]] (OPIServer:757) -  POS disconnected - message session 1319526432 socket 10100/61897-TLS
2024-12-31 11:35:14,606 INFO  [OPIMessageServer[1659999783]] (OPIMessageServer$ConnectionHandler:819) -  messageSession 127.0.0.1/10100/61897-TLS starting message session 1319526432/551925960 terminated
