**LOG BEGUN     2024-12-31 11:16:47,045
loading C:eftlink.log4j2.xml
2024-12-31 11:16:47,284 INFO  [WrapperSimpleAppMain] (EFTLink:340) -  EftlinkConfig.properties found on classpath, already in local folder - update check n/a
2024-12-31 11:16:47,309 INFO  [WrapperSimpleAppMain] (EPSFileProperties:65) -  loading properties file EftlinkConfig.properties from C:\eftlink
2024-12-31 11:16:47,318 INFO  [WrapperSimpleAppMain] (OPIServer:3444) - EF/0730 OPI Server v23.0.0.14 20230719-1616 primary root C:\eftlink instance root C:\eftlink
2024-12-31 11:16:47,929 INFO  [WrapperSimpleAppMain] (EPSFileProperties:65) - EF/0730 loading properties file comms.keystore.properties from C:\eftlink\keys
2024-12-31 11:16:48,386 INFO  [WrapperSimpleAppMain] (OPIMessageServer:118) - EF/0730 executing OPIMessageServer for eftlink application/service
2024-12-31 11:16:48,644 INFO  [WrapperSimpleAppMain] (OPIServer:3591) - EF/0730 deferring all initialisation till POS type is known
2024-12-31 11:16:48,931 INFO  [WrapperSimpleAppMain] (Utils:701) - EF/0730 Startup information 
  System hardware / OS information 
   OS name                 Windows 10
   OS arch                 amd64
   OS version              10.0
   Available CPU cores     8
   Free memory bytes       7778024
   Max memory bytes        268435456
   encoding                UTF8
  File system      
   File system root        C:\
   Usable space bytes      66877554688
   File system root        D:\
   Usable space bytes      ########7264
  Java information 
   Java version            11.0.3
   Java home               c:\jre
   Java path               null
  Total memory available to JVM (bytes): 20971520
   Available JVM mem bytes 20971520
  User information 
   User name               AT20315667
  Libraries versions - class path 
   lib/angus-activation-1.0.0.jar                              1.0.0              
   lib/gson-2.10.1.jar                                         2.10.1             
   lib/jakarta.activation-api-2.1.1.jar                        2.1.1              
   lib/jakarta.json-1.1.1.jar                                  1.1.1              
   lib/jakarta.servlet-api-4.0.4.jar                           4.0.0              
   lib/jakarta.xml.bind-api-4.0.0.jar                          4.0.0              
   lib/jakarta.xml.soap-api-3.0.0.jar                          3.0.0              
   lib/jetty-client-9.4.51.v20230217.jar                       9.4.51.v20230217   
   lib/jetty-http-9.4.51.v20230217.jar                         9.4.51.v20230217   
   lib/jetty-io-9.4.51.v20230217.jar                           9.4.51.v20230217   
   lib/jetty-security-9.4.51.v20230217.jar                     9.4.51.v20230217   
   lib/jetty-server-9.4.51.v20230217.jar                       9.4.51.v20230217   
   lib/jetty-servlet-9.4.51.v20230217.jar                      9.4.51.v20230217   
   lib/jetty-util-9.4.51.v20230217.jar                         9.4.51.v20230217   
   lib/jetty-util-ajax-9.4.51.v20230217.jar                    9.4.51.v20230217   
   lib/jetty-xml-9.4.51.v20230217.jar                          9.4.51.v20230217   
   lib/log4j-api-2.20.0.jar                                    2.20.0             
   lib/log4j-core-2.20.0.jar                                   2.20.0             
   lib/saaj-impl-3.0.0.jar                                     3.0.0              
   lib/stax-ex-2.1.0.jar                                       2.1.0              
   lib/websocket-api-9.4.51.v20230217.jar                      9.4.51.v20230217   
   lib/websocket-client-9.4.51.v20230217.jar                   9.4.51.v20230217   
   lib/websocket-common-9.4.51.v20230217.jar                   9.4.51.v20230217   
   lib/websocket-server-9.4.51.v20230217.jar                   9.4.51.v20230217   
   lib/websocket-servlet-9.4.51.v20230217.jar                  9.4.51.v20230217   
   lib/wrapper.jar                                             3.5.53             
   cores/Adyen/AdyenCore.jar                                   v23.0.0.5           EFTLink v23.0.0.5-141        
   cores/Cayan/cayancore.jar                                   v23.0.0.3           EFTLink v23.0.0.3-141        
   cores/FIPay/FIPayCore.jar                                   v23.0.0.2           EFTLink v23.0.0.2-141        
   cores/OciusSentinel/ociussentinelcore.jar                   v23.0.0.2           EFTLink v23.0.0.2-141        
   cores/opiRetail/opiretail.jar                               v23.0.0.24          EFTLink v23.0.0.24-141       
   cores/paybylink/paybylink.jar                               v23.0.0.2           EFTLink v23.0.0.2-141        
   cores/PointUS/Pointuscore.jar                               v23.0.0.4           EFTLink v23.0.0.4-141        
   cores/SixPay/sixpaycore.jar                                 v23.0.0.1           EFTLink v23.0.0.1-141        
   cores/SolveConnect/SolveConnect.jar                         v23.0.0.1           EFTLink v23.0.0.1-141        
   cores/TenderRetail/epstenderretail.jar                      v23.0.0.2           EFTLink v23.0.0.2-141        
   cores/WorldPay/worldpaycore.jar                             v23.0.0.1           EFTLink v23.0.0.1-141        
   cores/PayPal/PayPalCore.jar                                 v23.0.0.1           EFTLink v23.0.0.1-141        
   cores/Geidea/GeideaCore.jar                                 1.0                
2024-12-31 11:16:48,932 INFO  [WrapperSimpleAppMain] (OPIMessageServer:349) - EF/0730 starting TLS message server localhost/10100
2024-12-31 11:16:48,966 INFO  [WrapperSimpleAppMain] (OPIMessageServer$ConnectionHandler:687) - EF/0730 starting connection handler on 10100/2041249336
2024-12-31 11:16:48,973 INFO  [OPIMessageServer[2041249336]] (OPIMessageServer$ConnectionHandler:714) -  Configured to check for expired TLS certificates, TLSExpiryWarningLogDays: 90
2024-12-31 11:18:27,732 INFO  [OPIMessageServer[2041249336]] (OPIMessageServer$ConnectionHandler:811) -  connection accepted from 127.0.0.1/10100/60518-TLS starting message session 1143661397/1531029682
2024-12-31 11:18:27,744 INFO  [OPIMessageServerSession[1143661397]] (OPIServer:569) -  POS connected - message session 1143661397 socket 10100/60518-TLS
2024-12-31 11:18:27,817 INFO  [OPIMessageServerSession[1143661397]] (OPISession:744) -  received from 10100/60518-TLS:
<?xml version='1.0' encoding='UTF-8'?>
<ServiceRequest RequestType="Login" ApplicationSender="XSTORE" WorkstationID="1" RequestID="1">
  <POSdata LanguageCode="eng">
    <POSTimeStamp>2024-12-31T11:18:27</POSTimeStamp>
    <StoreID>11347</StoreID>
    <StoreName>Salama Centre Showroom - Jeddah</StoreName>
    <StoreAddress1>30500 Bruce Industrial Pkwy</StoreAddress1>
    <StoreCity>Jeddah</StoreCity>
    <StoreCountry>SA</StoreCountry>
    <StoreLatitude>0.0</StoreLatitude>
    <StoreLongitude>0.0</StoreLongitude>
  </POSdata>
</ServiceRequest>
2024-12-31 11:18:27,836 INFO  [OPIMessageServer MessageEvent[2081098104]] (OPIServer:3308) -  pre-initialisation for POS type: xstore
2024-12-31 11:18:27,838 INFO  [OPIMessageServer MessageEvent[2081098104]] (OPIServer:3344) -  PosType set to 6
2024-12-31 11:18:27,839 INFO  [OPIMessageServer MessageEvent[2081098104]] (OPIServer:3365) -  PosIfsfCompliance set to 0
2024-12-31 11:18:27,840 INFO  [OPIMessageServer MessageEvent[2081098104]] (OPIServer:3368) -  Adopting Comms Language <eng> from POS message
2024-12-31 11:18:27,857 INFO  [OPIMessageServer MessageEvent[2081098104]] (DeviceAccessHandler:162) -  DeviceAccessHandler loaded
2024-12-31 11:18:27,858 INFO  [OPIMessageServer MessageEvent[2081098104]] (DataAccessHandler:34) -  DataAccessHandler loaded
2024-12-31 11:18:27,864 INFO  [OPIMessageServer MessageEvent[2081098104]] (Text:81) -  found local translation file C:\eftlink\LangEN.properties
2024-12-31 11:18:27,865 INFO  [OPIMessageServer MessageEvent[2081098104]] (EPSFileProperties:65) -  loading properties file LangEN.properties from C:\eftlink
2024-12-31 11:18:27,870 INFO  [OPIMessageServer MessageEvent[2081098104]] (EPSProduct:226) -  fuel product codes: ,0,1,2,3,4,5,6,8,10,11,12,13,14,15,16,17,18,19,20,21,22,23,28,30,31,
2024-12-31 11:18:27,870 INFO  [OPIMessageServer MessageEvent[2081098104]] (EPSProduct:231) -  dispensable fuel product codes: ,1,2,3,4,5,6,20,21,22,23,28,30,31,
2024-12-31 11:18:27,870 INFO  [OPIMessageServer MessageEvent[2081098104]] (OPIServer:2943) -  setting 2 decimal places
2024-12-31 11:18:27,880 ERROR [OPIMessageServer MessageEvent[2081098104]] (EPSCoreFactory:240) -  failed to instantiate core com.asq.geidea.AsqGeideaCore: 
java.lang.NoClassDefFoundError: net/geidea/ecr/ECRWrapper
	at com.asq.geidea.AsqGeideaCore.<clinit>(AsqGeideaCore.java:22) ~[GeideaCore.jar:?]
	at java.lang.Class.forName0(Native Method) ~[?:?]
	at java.lang.Class.forName(Class.java:315) ~[?:?]
	at manito.eft.common.EPSCoreFactory.instantiateCore(EPSCoreFactory.java:217) [eftlink.jar:?]
	at manito.eft.common.EPSCoreFactory.getCores(EPSCoreFactory.java:135) [eftlink.jar:?]
	at manito.eft.common.EPSCoreFactory.getCores(EPSCoreFactory.java:51) [eftlink.jar:?]
	at manito.eft.opi.server.OPIServer.completeInitialisation(OPIServer.java:2967) [eftlink.jar:?]
	at manito.eft.opi.server.OPIServer.messageReceived(OPIServer.java:1087) [eftlink.jar:?]
	at manito.eft.opi.messages.OPIMessageServer$MessageEvent.run(OPIMessageServer.java:894) [eftlink.jar:?]
	at java.lang.Thread.run(Thread.java:834) [?:?]
Caused by: java.lang.ClassNotFoundException: net.geidea.ecr.ECRWrapper
	at jdk.internal.loader.BuiltinClassLoader.loadClass(BuiltinClassLoader.java:583) ~[?:?]
	at jdk.internal.loader.ClassLoaders$AppClassLoader.loadClass(ClassLoaders.java:178) ~[?:?]
	at java.lang.ClassLoader.loadClass(ClassLoader.java:521) ~[?:?]
	... 10 more
2024-12-31 11:18:27,894 ERROR [OPIMessageServer MessageEvent[2081098104]] (EPSCoreFactory:144) -  primary core failed - aborting initialisation
2024-12-31 11:18:27,910 INFO  [OPIMessageServer MessageEvent[2081098104]] (CardRangeBuilder:245) -  Loading card ranges from C:\eftlink\CardRange.xml
2024-12-31 11:18:27,950 INFO  [OPIMessageServer MessageEvent[2081098104]] (CardRangeBuilder:322) -  attributes set for card type 80: [[Attribute: CardType="80"], [Attribute: MaskTo="12"], [Attribute: MaskFrom="7"], [Attribute: LoyaltyEligible="true"]]
2024-12-31 11:18:27,952 INFO  [OPIMessageServer MessageEvent[2081098104]] (CardRangeBuilder:430) -  Card Range: 650611+-659999+ "DISCOVER" card type 80
2024-12-31 11:18:27,952 INFO  [OPIMessageServer MessageEvent[2081098104]] (CardRangeBuilder:430) -  Card Range: 650601+-650609+ "DISCOVER" card type 80
2024-12-31 11:18:27,952 INFO  [OPIMessageServer MessageEvent[2081098104]] (CardRangeBuilder:430) -  Card Range: 650000+-650600+ "DISCOVER" card type 80
2024-12-31 11:18:27,953 INFO  [OPIMessageServer MessageEvent[2081098104]] (CardRangeBuilder:430) -  Card Range: 6440+-6499+ "DISCOVER" card type 80
2024-12-31 11:18:27,953 INFO  [OPIMessageServer MessageEvent[2081098104]] (CardRangeBuilder:430) -  Card Range: 6282+-6288+ "UNIONPAY" card type 80
2024-12-31 11:18:27,953 INFO  [OPIMessageServer MessageEvent[2081098104]] (CardRangeBuilder:430) -  Card Range: 6240+-6269+ "UNIONPAY" card type 80
2024-12-31 11:18:27,954 INFO  [OPIMessageServer MessageEvent[2081098104]] (CardRangeBuilder:430) -  Card Range: 622126+-622925+ "UNIONPAY" card type 80
2024-12-31 11:18:27,954 INFO  [OPIMessageServer MessageEvent[2081098104]] (CardRangeBuilder:430) -  Card Range: 601105+-601199+ "DISCOVER" card type 80
2024-12-31 11:18:27,954 INFO  [OPIMessageServer MessageEvent[2081098104]] (CardRangeBuilder:430) -  Card Range: 601100+-601103+ "DISCOVER" card type 80
2024-12-31 11:18:27,954 INFO  [OPIMessageServer MessageEvent[2081098104]] (CardRangeBuilder:430) -  Card Range: 51+-55+ "MASTERCARD" card type 80
2024-12-31 11:18:27,955 INFO  [OPIMessageServer MessageEvent[2081098104]] (CardRangeBuilder:430) -  Card Range: 222100+-272099+ "MASTERCARD" card type 80
2024-12-31 11:18:27,955 INFO  [OPIMessageServer MessageEvent[2081098104]] (CardRangeBuilder:430) -  Card Range: 3528+-3589+ "JCB" card type 80
2024-12-31 11:18:27,956 INFO  [OPIMessageServer MessageEvent[2081098104]] (CardRangeBuilder:430) -  Card Range: 4+-4+ "VISA" card type 80
2024-12-31 11:18:27,957 INFO  [OPIMessageServer MessageEvent[2081098104]] (CardRangeBuilder:430) -  Card Range: 37+-37+ "AMERICAN_EXPRESS" card type 80
2024-12-31 11:18:27,959 INFO  [OPIMessageServer MessageEvent[2081098104]] (CardRangeBuilder:430) -  Card Range: 38+-39+ "DINERS_CLUB" card type 80
2024-12-31 11:18:27,960 INFO  [OPIMessageServer MessageEvent[2081098104]] (CardRangeBuilder:430) -  Card Range: 36+-36+ "DINERS_CLUB" card type 80
2024-12-31 11:18:27,960 INFO  [OPIMessageServer MessageEvent[2081098104]] (CardRangeBuilder:430) -  Card Range: 3095+-3095+ "DINERS_CLUB" card type 80
2024-12-31 11:18:27,960 INFO  [OPIMessageServer MessageEvent[2081098104]] (CardRangeBuilder:430) -  Card Range: 300+-305+ "DINERS_CLUB" card type 80
2024-12-31 11:18:27,962 INFO  [OPIMessageServer MessageEvent[2081098104]] (CardRangeBuilder:430) -  Card Range: 34+-34+ "AMERICAN_EXPRESS" card type 80
2024-12-31 11:18:27,962 INFO  [OPIMessageServer MessageEvent[2081098104]] (CardRangeBuilder:435) -  Card Range: <(?i)m.*card.*> "MASTERCARD" card type 80
2024-12-31 11:18:27,963 INFO  [OPIMessageServer MessageEvent[2081098104]] (CardRangeBuilder:435) -  Card Range: <(?i)disc.*> "DISCOVER" card type 80
2024-12-31 11:18:27,963 INFO  [OPIMessageServer MessageEvent[2081098104]] (CardRangeBuilder:435) -  Card Range: <(?i)visa.*> "VISA" card type 80
2024-12-31 11:18:27,963 INFO  [OPIMessageServer MessageEvent[2081098104]] (CardRangeBuilder:435) -  Card Range: <(?i)reserve.*10.*> "RESERVE_10" card type 80
2024-12-31 11:18:27,964 INFO  [OPIMessageServer MessageEvent[2081098104]] (CardRangeBuilder:435) -  Card Range: <(?i)reserve.*11.*> "RESERVE_11" card type 80
2024-12-31 11:18:27,964 INFO  [OPIMessageServer MessageEvent[2081098104]] (CardRangeBuilder:435) -  Card Range: <(?i)reserve.*12.*> "RESERVE_12" card type 80
2024-12-31 11:18:27,965 INFO  [OPIMessageServer MessageEvent[2081098104]] (CardRangeBuilder:435) -  Card Range: <(?i)reserve.*13.*> "RESERVE_13" card type 80
2024-12-31 11:18:27,965 INFO  [OPIMessageServer MessageEvent[2081098104]] (CardRangeBuilder:435) -  Card Range: <(?i)reserve.*14.*> "RESERVE_14" card type 80
2024-12-31 11:18:27,965 INFO  [OPIMessageServer MessageEvent[2081098104]] (CardRangeBuilder:435) -  Card Range: <(?i)reserve.*15.*> "RESERVE_15" card type 80
2024-12-31 11:18:27,966 INFO  [OPIMessageServer MessageEvent[2081098104]] (CardRangeBuilder:435) -  Card Range: <(?i)reserve.*16.*> "RESERVE_16" card type 80
2024-12-31 11:18:27,966 INFO  [OPIMessageServer MessageEvent[2081098104]] (CardRangeBuilder:435) -  Card Range: <(?i)reserve.*17.*> "RESERVE_17" card type 80
2024-12-31 11:18:27,967 INFO  [OPIMessageServer MessageEvent[2081098104]] (CardRangeBuilder:435) -  Card Range: <(?i)reserve.*18.*> "RESERVE_18" card type 80
2024-12-31 11:18:27,968 INFO  [OPIMessageServer MessageEvent[2081098104]] (CardRangeBuilder:435) -  Card Range: <(?i)reserve.*19.*> "RESERVE_19" card type 80
2024-12-31 11:18:27,968 INFO  [OPIMessageServer MessageEvent[2081098104]] (CardRangeBuilder:435) -  Card Range: <(?i)reserve.*20.*> "RESERVE_20" card type 80
2024-12-31 11:18:27,968 INFO  [OPIMessageServer MessageEvent[2081098104]] (CardRangeBuilder:435) -  Card Range: <(?i)reserve.*21.*> "RESERVE_21" card type 80
2024-12-31 11:18:27,969 INFO  [OPIMessageServer MessageEvent[2081098104]] (CardRangeBuilder:435) -  Card Range: <(?i)reserve.*22.*> "RESERVE_22" card type 80
2024-12-31 11:18:27,969 INFO  [OPIMessageServer MessageEvent[2081098104]] (CardRangeBuilder:435) -  Card Range: <(?i)reserve.*23.*> "RESERVE_23" card type 80
2024-12-31 11:18:27,970 INFO  [OPIMessageServer MessageEvent[2081098104]] (CardRangeBuilder:435) -  Card Range: <(?i)reserve.*24.*> "RESERVE_24" card type 80
2024-12-31 11:18:27,970 INFO  [OPIMessageServer MessageEvent[2081098104]] (CardRangeBuilder:435) -  Card Range: <(?i)reserve.*25.*> "RESERVE_25" card type 80
2024-12-31 11:18:27,970 INFO  [OPIMessageServer MessageEvent[2081098104]] (CardRangeBuilder:435) -  Card Range: <(?i)reserve.*26.*> "RESERVE_26" card type 80
2024-12-31 11:18:27,972 INFO  [OPIMessageServer MessageEvent[2081098104]] (CardRangeBuilder:435) -  Card Range: <(?i)reserve.*27.*> "RESERVE_27" card type 80
2024-12-31 11:18:27,972 INFO  [OPIMessageServer MessageEvent[2081098104]] (CardRangeBuilder:435) -  Card Range: <(?i)reserve.*28.*> "RESERVE_28" card type 80
2024-12-31 11:18:27,973 INFO  [OPIMessageServer MessageEvent[2081098104]] (CardRangeBuilder:435) -  Card Range: <(?i)reserve.*29.*> "RESERVE_29" card type 80
2024-12-31 11:18:27,974 INFO  [OPIMessageServer MessageEvent[2081098104]] (CardRangeBuilder:435) -  Card Range: <(?i)alipay.*> "ALIPAY" card type 88
2024-12-31 11:18:27,975 INFO  [OPIMessageServer MessageEvent[2081098104]] (CardRangeBuilder:435) -  Card Range: <(?i)wechat.*> "WECHAT_PAY" card type 88
2024-12-31 11:18:27,976 INFO  [OPIMessageServer MessageEvent[2081098104]] (CardRangeBuilder:435) -  Card Range: <(?i)paypal.*> "PAYPAL" card type 88
2024-12-31 11:18:27,976 INFO  [OPIMessageServer MessageEvent[2081098104]] (CardRangeBuilder:435) -  Card Range: <(?i)apple.*> "APPLE_PAY" card type 88
2024-12-31 11:18:27,977 INFO  [OPIMessageServer MessageEvent[2081098104]] (CardRangeBuilder:435) -  Card Range: <(?i)samsung.*> "SAMSUNG_PAY" card type 88
2024-12-31 11:18:27,978 INFO  [OPIMessageServer MessageEvent[2081098104]] (CardRangeBuilder:435) -  Card Range: <(?i)android.*> "ANDROID_PAY" card type 88
2024-12-31 11:18:27,979 INFO  [OPIMessageServer MessageEvent[2081098104]] (CardRangeBuilder:435) -  Card Range: <(?i)google.*> "GOOGLE_PAY" card type 88
2024-12-31 11:18:27,980 INFO  [OPIMessageServer MessageEvent[2081098104]] (CardRangeBuilder:435) -  Card Range: <(?i)m.*pass.*> "MASTERPASS" card type 88
2024-12-31 11:18:27,980 INFO  [OPIMessageServer MessageEvent[2081098104]] (CardRangeBuilder:435) -  Card Range: <(?i)paylib.*> "PAYLIB" card type 88
2024-12-31 11:18:27,981 INFO  [OPIMessageServer MessageEvent[2081098104]] (CardRangeBuilder:435) -  Card Range: <(?i)amazon.*> "AMAZON_PAY" card type 88
2024-12-31 11:18:27,982 INFO  [OPIMessageServer MessageEvent[2081098104]] (CardRangeBuilder:435) -  Card Range: <(?i)seqr.*> "SEQR" card type 88
2024-12-31 11:18:27,984 INFO  [OPIMessageServer MessageEvent[2081098104]] (CardRangeBuilder:435) -  Card Range: <(?i)mobile.*> "MOBILEPAY" card type 88
2024-12-31 11:18:27,986 INFO  [OPIMessageServer MessageEvent[2081098104]] (CardRangeBuilder:435) -  Card Range: <(?i)lyf.*> "LYF_PAY" card type 88
2024-12-31 11:18:27,987 INFO  [OPIMessageServer MessageEvent[2081098104]] (CardRangeBuilder:435) -  Card Range: <(?i)yoyo.*> "YOYO_WALLET" card type 88
2024-12-31 11:18:27,989 INFO  [OPIMessageServer MessageEvent[2081098104]] (CardRangeBuilder:435) -  Card Range: <(?i)chase.*> "CHASE_PAY" card type 88
2024-12-31 11:18:27,989 INFO  [OPIMessageServer MessageEvent[2081098104]] (CardRangeBuilder:435) -  Card Range: <(?i)allied.*> "ALLIED_WALLET" card type 88
2024-12-31 11:18:27,990 INFO  [OPIMessageServer MessageEvent[2081098104]] (CardRangeBuilder:435) -  Card Range: <(?i)dwolla.*> "DWOLLA" card type 88
2024-12-31 11:18:27,991 INFO  [OPIMessageServer MessageEvent[2081098104]] (CardRangeBuilder:435) -  Card Range: <(?i)paytm.*> "PAYTM" card type 88
2024-12-31 11:18:27,991 INFO  [OPIMessageServer MessageEvent[2081098104]] (CardRangeBuilder:435) -  Card Range: <(?i)mobikwik.*> "MOBIKWIK" card type 88
2024-12-31 11:18:27,993 INFO  [OPIMessageServer MessageEvent[2081098104]] (CardRangeBuilder:435) -  Card Range: <(?i).*bank.*> "PAY_BY_BANK_APP" card type 88
2024-12-31 11:18:27,994 INFO  [OPIMessageServer MessageEvent[2081098104]] (CardRangeBuilder:435) -  Card Range: <(?i)payback.*> "PAYBACK" card type 88
2024-12-31 11:18:27,995 INFO  [OPIMessageServer MessageEvent[2081098104]] (CardRangeBuilder:435) -  Card Range: <(?i)after.*> "AFTERPAY" card type 88
2024-12-31 11:18:27,996 INFO  [OPIMessageServer MessageEvent[2081098104]] (CardRangeBuilder:435) -  Card Range: <(?i)affirm.*> "AFFIRM" card type 88
2024-12-31 11:18:27,998 INFO  [OPIMessageServer MessageEvent[2081098104]] (CardRangeBuilder:435) -  Card Range: <(?i)venmo.*> "VENMO" card type 88
2024-12-31 11:18:28,000 INFO  [OPIMessageServer MessageEvent[2081098104]] (CardRangeBuilder:435) -  Card Range: <(?i)klarna.*> "KLARNA" card type 88
2024-12-31 11:18:28,002 INFO  [OPIMessageServer MessageEvent[2081098104]] (CardRangeBuilder:435) -  Card Range: <(?i)sezzle.*> "SEZZLE" card type 88
2024-12-31 11:18:28,003 INFO  [OPIMessageServer MessageEvent[2081098104]] (CardRangeBuilder:435) -  Card Range: <(?i)quad.*> "QUADPAY" card type 88
2024-12-31 11:18:28,004 INFO  [OPIMessageServer MessageEvent[2081098104]] (CardRangeBuilder:435) -  Card Range: <(?i)laybuy.*> "LAYBUY" card type 88
2024-12-31 11:18:28,005 INFO  [OPIMessageServer MessageEvent[2081098104]] (CardRangeBuilder:435) -  Card Range: <(?i)zip.*> "ZIP" card type 88
2024-12-31 11:18:28,007 INFO  [OPIMessageServer MessageEvent[2081098104]] (CardRangeBuilder:435) -  Card Range: <(?i)open.*> "OPENPAY" card type 88
2024-12-31 11:18:28,008 INFO  [OPIMessageServer MessageEvent[2081098104]] (CardRangeBuilder:435) -  Card Range: <(?i)splitit.*> "SPLITIT" card type 88
2024-12-31 11:18:28,009 INFO  [OPIMessageServer MessageEvent[2081098104]] (CardRangeBuilder:435) -  Card Range: <(?i)swish.*> "SWISH" card type 88
2024-12-31 11:18:28,011 INFO  [OPIMessageServer MessageEvent[2081098104]] (CardRangeBuilder:435) -  Card Range: <(?i)twint.*> "TWINT" card type 88
2024-12-31 11:18:28,012 INFO  [OPIMessageServer MessageEvent[2081098104]] (CardRangeBuilder:435) -  Card Range: <(?i)line.*> "LINE" card type 88
2024-12-31 11:18:28,013 INFO  [OPIMessageServer MessageEvent[2081098104]] (CardRangeBuilder:435) -  Card Range: <(?i)airtel.*> "AIRTEL" card type 88
2024-12-31 11:18:28,014 INFO  [OPIMessageServer MessageEvent[2081098104]] (CardRangeBuilder:435) -  Card Range: <(?i)african.*> "AFRICAN_EWALLETS" card type 88
2024-12-31 11:18:28,015 INFO  [OPIMessageServer MessageEvent[2081098104]] (CardRangeBuilder:435) -  Card Range: <(?i)dana.*> "DANA" card type 88
2024-12-31 11:18:28,016 INFO  [OPIMessageServer MessageEvent[2081098104]] (CardRangeBuilder:435) -  Card Range: <(?i)gcash.*> "GCASH" card type 88
2024-12-31 11:18:28,016 INFO  [OPIMessageServer MessageEvent[2081098104]] (CardRangeBuilder:435) -  Card Range: <(?i)grab.*> "GRAB_PAY" card type 88
2024-12-31 11:18:28,017 INFO  [OPIMessageServer MessageEvent[2081098104]] (CardRangeBuilder:435) -  Card Range: <(?i)kakao.*> "KAKAO_PAY" card type 88
2024-12-31 11:18:28,018 INFO  [OPIMessageServer MessageEvent[2081098104]] (CardRangeBuilder:435) -  Card Range: <(?i)momo.*> "MOMO_WALLET" card type 88
2024-12-31 11:18:28,019 INFO  [OPIMessageServer MessageEvent[2081098104]] (CardRangeBuilder:435) -  Card Range: <(?i).*maya.*> "PAYMAYA" card type 88
2024-12-31 11:18:28,020 INFO  [OPIMessageServer MessageEvent[2081098104]] (CardRangeBuilder:435) -  Card Range: <(?i)vipps.*> "VIPPS" card type 88
2024-12-31 11:18:28,023 INFO  [OPIMessageServer MessageEvent[2081098104]] (CardRangeBuilder:435) -  Card Range: <(?i)pix.*> "PIX" card type 88
2024-12-31 11:18:28,028 INFO  [OPIMessageServer MessageEvent[2081098104]] (CardRangeBuilder:435) -  Card Range: <(?i)aci.*> "ACIPAYAFTER" card type 88
2024-12-31 11:18:28,034 INFO  [OPIMessageServer MessageEvent[2081098104]] (CardRangeBuilder:435) -  Card Range: <(?i)ame.*> "AME" card type 88
2024-12-31 11:18:28,044 INFO  [OPIMessageServer MessageEvent[2081098104]] (CardRangeBuilder:435) -  Card Range: <(?i)atome.*> "ATOME" card type 88
2024-12-31 11:18:28,047 INFO  [OPIMessageServer MessageEvent[2081098104]] (CardRangeBuilder:435) -  Card Range: <(?i)fourall.*> "FOURALL" card type 88
2024-12-31 11:18:28,049 INFO  [OPIMessageServer MessageEvent[2081098104]] (CardRangeBuilder:435) -  Card Range: <(?i)izpay.*> "IZPAY" card type 88
2024-12-31 11:18:28,050 INFO  [OPIMessageServer MessageEvent[2081098104]] (CardRangeBuilder:435) -  Card Range: <(?i)mercado.*> "MERCADO_PAGO" card type 88
2024-12-31 11:18:28,052 INFO  [OPIMessageServer MessageEvent[2081098104]] (CardRangeBuilder:435) -  Card Range: <(?i)pagseguro.*> "PAGSEGURO" card type 88
2024-12-31 11:18:28,052 INFO  [OPIMessageServer MessageEvent[2081098104]] (CardRangeBuilder:435) -  Card Range: <(?i)payunique.*> "PAYUNIQUE" card type 88
2024-12-31 11:18:28,053 INFO  [OPIMessageServer MessageEvent[2081098104]] (CardRangeBuilder:435) -  Card Range: <(?i)picpay.*> "PICPAY" card type 88
2024-12-31 11:18:28,054 INFO  [OPIMessageServer MessageEvent[2081098104]] (CardRangeBuilder:435) -  Card Range: <(?i)riachuelo.*> "RIACHUELO" card type 88
2024-12-31 11:18:28,060 INFO  [OPIMessageServer MessageEvent[2081098104]] (CardRangeBuilder:435) -  Card Range: <(?i)semparar.*> "SEMPARAR" card type 88
2024-12-31 11:18:28,061 INFO  [OPIMessageServer MessageEvent[2081098104]] (CardRangeBuilder:435) -  Card Range: <(?i)tapago.*> "TAPAGO" card type 88
2024-12-31 11:18:28,062 INFO  [OPIMessageServer MessageEvent[2081098104]] (CardRangeBuilder:435) -  Card Range: <(?i)ticketlog.*> "TICKETLOG" card type 88
2024-12-31 11:18:28,064 INFO  [OPIMessageServer MessageEvent[2081098104]] (CardRangeBuilder:435) -  Card Range: <(?i)troco.*> "TROCO_SIMPLES" card type 88
2024-12-31 11:18:28,065 INFO  [OPIMessageServer MessageEvent[2081098104]] (CardRangeBuilder:435) -  Card Range: <(?i)veedigital.*> "VEEDIGITAL" card type 88
2024-12-31 11:18:28,068 INFO  [OPIMessageServer MessageEvent[2081098104]] (CardRangeBuilder:435) -  Card Range: <(?i)generic.*ewallet> "GENERIC_EWALLET" card type 88
2024-12-31 11:18:28,071 INFO  [OPIMessageServer MessageEvent[2081098104]] (CardRangeBuilder:435) -  Card Range: <(?i)reserve.*1.*> "RESERVE_1" card type 88
2024-12-31 11:18:28,072 INFO  [OPIMessageServer MessageEvent[2081098104]] (CardRangeBuilder:435) -  Card Range: <(?i)reserve.*2.*> "RESERVE_2" card type 88
2024-12-31 11:18:28,075 INFO  [OPIMessageServer MessageEvent[2081098104]] (CardRangeBuilder:435) -  Card Range: <(?i)reserve.*3.*> "RESERVE_3" card type 88
2024-12-31 11:18:28,077 INFO  [OPIMessageServer MessageEvent[2081098104]] (CardRangeBuilder:435) -  Card Range: <(?i)reserve.*4.*> "RESERVE_4" card type 88
2024-12-31 11:18:28,079 INFO  [OPIMessageServer MessageEvent[2081098104]] (CardRangeBuilder:435) -  Card Range: <(?i)reserve.*5.*> "RESERVE_5" card type 88
2024-12-31 11:18:28,080 INFO  [OPIMessageServer MessageEvent[2081098104]] (CardRangeBuilder:435) -  Card Range: <(?i)reserve.*6.*> "RESERVE_6" card type 88
2024-12-31 11:18:28,084 INFO  [OPIMessageServer MessageEvent[2081098104]] (CardRangeBuilder:435) -  Card Range: <(?i)reserve.*7.*> "RESERVE_7" card type 88
2024-12-31 11:18:28,086 INFO  [OPIMessageServer MessageEvent[2081098104]] (CardRangeBuilder:435) -  Card Range: <(?i)reserve.*8.*> "RESERVE_8" card type 88
2024-12-31 11:18:28,087 INFO  [OPIMessageServer MessageEvent[2081098104]] (CardRangeBuilder:435) -  Card Range: <(?i)reserve.*9.*> "RESERVE_9" card type 88
2024-12-31 11:18:28,089 INFO  [OPIMessageServer MessageEvent[2081098104]] (CardRangeBuilder:435) -  Card Range: <.+> "UNKNOWN CARD" card type 80
2024-12-31 11:18:28,090 INFO  [OPIMessageServer MessageEvent[2081098104]] (CardRangeBuilder:611) -  MaskingCRC matches
2024-12-31 11:18:28,093 INFO  [OPIMessageServer MessageEvent[2081098104]] (OPIServer:1318) -  > POS: ServiceRequest/Login/1
2024-12-31 11:18:28,109 INFO  [OPIMessageServer MessageEvent[2081098104]] (OPISession:888) -  sending to 10100/60518-TLS:
<?xml version="1.0" encoding="UTF-8"?>
<ServiceResponse RequestID="1" WorkstationID="1" OverallResult="Uninitialised" ApplicationSender="XSTORE" RequestType="Login"/>
2024-12-31 11:18:28,125 INFO  [OPIMessageServerSession[1143661397]] (OPISession:970) -  socket 10100/60518-TLS closed at other end (bytes read 0)
2024-12-31 11:18:28,127 INFO  [OPIMessageServerSession[1143661397]] (OPIServer:757) -  POS disconnected - message session 1143661397 socket 10100/60518-TLS
2024-12-31 11:18:28,128 INFO  [OPIMessageServer[2041249336]] (OPIMessageServer$ConnectionHandler:819) -  messageSession 127.0.0.1/10100/60518-TLS starting message session 1143661397/1531029682 terminated
2024-12-31 11:18:28,321 INFO  [OPIMessageServer[2041249336]] (OPIMessageServer$ConnectionHandler:811) -  connection accepted from 127.0.0.1/10100/60525-TLS starting message session 1571441688/77999893
2024-12-31 11:18:28,323 INFO  [OPIMessageServerSession[1571441688]] (OPIServer:569) -  POS connected - message session 1571441688 socket 10100/60525-TLS
2024-12-31 11:18:28,329 INFO  [OPIMessageServerSession[1571441688]] (OPISession:744) -  received from 10100/60525-TLS:
<?xml version='1.0' encoding='UTF-8'?>
<ServiceRequest RequestType="Login" ApplicationSender="XSTORE" WorkstationID="1" RequestID="1">
  <POSdata LanguageCode="eng">
    <POSTimeStamp>2024-12-31T11:18:27</POSTimeStamp>
    <StoreID>11347</StoreID>
    <StoreName>Salama Centre Showroom - Jeddah</StoreName>
    <StoreAddress1>30500 Bruce Industrial Pkwy</StoreAddress1>
    <StoreCity>Jeddah</StoreCity>
    <StoreCountry>SA</StoreCountry>
    <StoreLatitude>0.0</StoreLatitude>
    <StoreLongitude>0.0</StoreLongitude>
  </POSdata>
</ServiceRequest>
2024-12-31 11:18:28,336 INFO  [OPIMessageServer MessageEvent[1444755232]] (DeviceAccessHandler:162) -  DeviceAccessHandler loaded
2024-12-31 11:18:28,337 INFO  [OPIMessageServer MessageEvent[1444755232]] (DataAccessHandler:34) -  DataAccessHandler loaded
2024-12-31 11:18:28,337 INFO  [OPIMessageServer MessageEvent[1444755232]] (Text:81) -  found local translation file C:\eftlink\LangEN.properties
2024-12-31 11:18:28,338 INFO  [OPIMessageServer MessageEvent[1444755232]] (EPSFileProperties:65) -  loading properties file LangEN.properties from C:\eftlink
2024-12-31 11:18:28,342 INFO  [OPIMessageServer MessageEvent[1444755232]] (EPSProduct:226) -  fuel product codes: ,0,1,2,3,4,5,6,8,10,11,12,13,14,15,16,17,18,19,20,21,22,23,28,30,31,
2024-12-31 11:18:28,343 INFO  [OPIMessageServer MessageEvent[1444755232]] (EPSProduct:231) -  dispensable fuel product codes: ,1,2,3,4,5,6,20,21,22,23,28,30,31,
2024-12-31 11:18:28,343 INFO  [OPIMessageServer MessageEvent[1444755232]] (OPIServer:2943) -  setting 2 decimal places
2024-12-31 11:18:28,344 ERROR [OPIMessageServer MessageEvent[1444755232]] (EPSCoreFactory:240) -  failed to instantiate core com.asq.geidea.AsqGeideaCore: 
java.lang.NoClassDefFoundError: Could not initialize class com.asq.geidea.AsqGeideaCore
	at java.lang.Class.forName0(Native Method) ~[?:?]
	at java.lang.Class.forName(Class.java:315) ~[?:?]
	at manito.eft.common.EPSCoreFactory.instantiateCore(EPSCoreFactory.java:217) [eftlink.jar:?]
	at manito.eft.common.EPSCoreFactory.getCores(EPSCoreFactory.java:135) [eftlink.jar:?]
	at manito.eft.common.EPSCoreFactory.getCores(EPSCoreFactory.java:51) [eftlink.jar:?]
	at manito.eft.opi.server.OPIServer.completeInitialisation(OPIServer.java:2967) [eftlink.jar:?]
	at manito.eft.opi.server.OPIServer.messageReceived(OPIServer.java:1087) [eftlink.jar:?]
	at manito.eft.opi.messages.OPIMessageServer$MessageEvent.run(OPIMessageServer.java:894) [eftlink.jar:?]
	at java.lang.Thread.run(Thread.java:834) [?:?]
2024-12-31 11:18:28,345 ERROR [OPIMessageServer MessageEvent[1444755232]] (EPSCoreFactory:144) -  primary core failed - aborting initialisation
2024-12-31 11:18:28,348 INFO  [OPIMessageServer MessageEvent[1444755232]] (CardRangeBuilder:245) -  Loading card ranges from C:\eftlink\CardRange.xml
2024-12-31 11:18:28,373 INFO  [OPIMessageServer MessageEvent[1444755232]] (CardRangeBuilder:322) -  attributes set for card type 80: [[Attribute: CardType="80"], [Attribute: MaskTo="12"], [Attribute: MaskFrom="7"], [Attribute: LoyaltyEligible="true"]]
2024-12-31 11:18:28,374 INFO  [OPIMessageServer MessageEvent[1444755232]] (CardRangeBuilder:430) -  Card Range: 650611+-659999+ "DISCOVER" card type 80
2024-12-31 11:18:28,374 INFO  [OPIMessageServer MessageEvent[1444755232]] (CardRangeBuilder:430) -  Card Range: 650601+-650609+ "DISCOVER" card type 80
2024-12-31 11:18:28,374 INFO  [OPIMessageServer MessageEvent[1444755232]] (CardRangeBuilder:430) -  Card Range: 650000+-650600+ "DISCOVER" card type 80
2024-12-31 11:18:28,375 INFO  [OPIMessageServer MessageEvent[1444755232]] (CardRangeBuilder:430) -  Card Range: 6440+-6499+ "DISCOVER" card type 80
2024-12-31 11:18:28,375 INFO  [OPIMessageServer MessageEvent[1444755232]] (CardRangeBuilder:430) -  Card Range: 6282+-6288+ "UNIONPAY" card type 80
2024-12-31 11:18:28,375 INFO  [OPIMessageServer MessageEvent[1444755232]] (CardRangeBuilder:430) -  Card Range: 6240+-6269+ "UNIONPAY" card type 80
2024-12-31 11:18:28,375 INFO  [OPIMessageServer MessageEvent[1444755232]] (CardRangeBuilder:430) -  Card Range: 622126+-622925+ "UNIONPAY" card type 80
2024-12-31 11:18:28,375 INFO  [OPIMessageServer MessageEvent[1444755232]] (CardRangeBuilder:430) -  Card Range: 601105+-601199+ "DISCOVER" card type 80
2024-12-31 11:18:28,375 INFO  [OPIMessageServer MessageEvent[1444755232]] (CardRangeBuilder:430) -  Card Range: 601100+-601103+ "DISCOVER" card type 80
2024-12-31 11:18:28,376 INFO  [OPIMessageServer MessageEvent[1444755232]] (CardRangeBuilder:430) -  Card Range: 51+-55+ "MASTERCARD" card type 80
2024-12-31 11:18:28,376 INFO  [OPIMessageServer MessageEvent[1444755232]] (CardRangeBuilder:430) -  Card Range: 222100+-272099+ "MASTERCARD" card type 80
2024-12-31 11:18:28,376 INFO  [OPIMessageServer MessageEvent[1444755232]] (CardRangeBuilder:430) -  Card Range: 3528+-3589+ "JCB" card type 80
2024-12-31 11:18:28,376 INFO  [OPIMessageServer MessageEvent[1444755232]] (CardRangeBuilder:430) -  Card Range: 4+-4+ "VISA" card type 80
2024-12-31 11:18:28,376 INFO  [OPIMessageServer MessageEvent[1444755232]] (CardRangeBuilder:430) -  Card Range: 37+-37+ "AMERICAN_EXPRESS" card type 80
2024-12-31 11:18:28,376 INFO  [OPIMessageServer MessageEvent[1444755232]] (CardRangeBuilder:430) -  Card Range: 38+-39+ "DINERS_CLUB" card type 80
2024-12-31 11:18:28,379 INFO  [OPIMessageServer MessageEvent[1444755232]] (CardRangeBuilder:430) -  Card Range: 36+-36+ "DINERS_CLUB" card type 80
2024-12-31 11:18:28,379 INFO  [OPIMessageServer MessageEvent[1444755232]] (CardRangeBuilder:430) -  Card Range: 3095+-3095+ "DINERS_CLUB" card type 80
2024-12-31 11:18:28,379 INFO  [OPIMessageServer MessageEvent[1444755232]] (CardRangeBuilder:430) -  Card Range: 300+-305+ "DINERS_CLUB" card type 80
2024-12-31 11:18:28,380 INFO  [OPIMessageServer MessageEvent[1444755232]] (CardRangeBuilder:430) -  Card Range: 34+-34+ "AMERICAN_EXPRESS" card type 80
2024-12-31 11:18:28,380 INFO  [OPIMessageServer MessageEvent[1444755232]] (CardRangeBuilder:435) -  Card Range: <(?i)m.*card.*> "MASTERCARD" card type 80
2024-12-31 11:18:28,380 INFO  [OPIMessageServer MessageEvent[1444755232]] (CardRangeBuilder:435) -  Card Range: <(?i)disc.*> "DISCOVER" card type 80
2024-12-31 11:18:28,380 INFO  [OPIMessageServer MessageEvent[1444755232]] (CardRangeBuilder:435) -  Card Range: <(?i)visa.*> "VISA" card type 80
2024-12-31 11:18:28,380 INFO  [OPIMessageServer MessageEvent[1444755232]] (CardRangeBuilder:435) -  Card Range: <(?i)reserve.*10.*> "RESERVE_10" card type 80
2024-12-31 11:18:28,381 INFO  [OPIMessageServer MessageEvent[1444755232]] (CardRangeBuilder:435) -  Card Range: <(?i)reserve.*11.*> "RESERVE_11" card type 80
2024-12-31 11:18:28,381 INFO  [OPIMessageServer MessageEvent[1444755232]] (CardRangeBuilder:435) -  Card Range: <(?i)reserve.*12.*> "RESERVE_12" card type 80
2024-12-31 11:18:28,381 INFO  [OPIMessageServer MessageEvent[1444755232]] (CardRangeBuilder:435) -  Card Range: <(?i)reserve.*13.*> "RESERVE_13" card type 80
2024-12-31 11:18:28,382 INFO  [OPIMessageServer MessageEvent[1444755232]] (CardRangeBuilder:435) -  Card Range: <(?i)reserve.*14.*> "RESERVE_14" card type 80
2024-12-31 11:18:28,382 INFO  [OPIMessageServer MessageEvent[1444755232]] (CardRangeBuilder:435) -  Card Range: <(?i)reserve.*15.*> "RESERVE_15" card type 80
2024-12-31 11:18:28,382 INFO  [OPIMessageServer MessageEvent[1444755232]] (CardRangeBuilder:435) -  Card Range: <(?i)reserve.*16.*> "RESERVE_16" card type 80
2024-12-31 11:18:28,383 INFO  [OPIMessageServer MessageEvent[1444755232]] (CardRangeBuilder:435) -  Card Range: <(?i)reserve.*17.*> "RESERVE_17" card type 80
2024-12-31 11:18:28,384 INFO  [OPIMessageServer MessageEvent[1444755232]] (CardRangeBuilder:435) -  Card Range: <(?i)reserve.*18.*> "RESERVE_18" card type 80
2024-12-31 11:18:28,385 INFO  [OPIMessageServer MessageEvent[1444755232]] (CardRangeBuilder:435) -  Card Range: <(?i)reserve.*19.*> "RESERVE_19" card type 80
2024-12-31 11:18:28,385 INFO  [OPIMessageServer MessageEvent[1444755232]] (CardRangeBuilder:435) -  Card Range: <(?i)reserve.*20.*> "RESERVE_20" card type 80
2024-12-31 11:18:28,385 INFO  [OPIMessageServer MessageEvent[1444755232]] (CardRangeBuilder:435) -  Card Range: <(?i)reserve.*21.*> "RESERVE_21" card type 80
2024-12-31 11:18:28,386 INFO  [OPIMessageServer MessageEvent[1444755232]] (CardRangeBuilder:435) -  Card Range: <(?i)reserve.*22.*> "RESERVE_22" card type 80
2024-12-31 11:18:28,386 INFO  [OPIMessageServer MessageEvent[1444755232]] (CardRangeBuilder:435) -  Card Range: <(?i)reserve.*23.*> "RESERVE_23" card type 80
2024-12-31 11:18:28,386 INFO  [OPIMessageServer MessageEvent[1444755232]] (CardRangeBuilder:435) -  Card Range: <(?i)reserve.*24.*> "RESERVE_24" card type 80
2024-12-31 11:18:28,386 INFO  [OPIMessageServer MessageEvent[1444755232]] (CardRangeBuilder:435) -  Card Range: <(?i)reserve.*25.*> "RESERVE_25" card type 80
2024-12-31 11:18:28,387 INFO  [OPIMessageServer MessageEvent[1444755232]] (CardRangeBuilder:435) -  Card Range: <(?i)reserve.*26.*> "RESERVE_26" card type 80
2024-12-31 11:18:28,387 INFO  [OPIMessageServer MessageEvent[1444755232]] (CardRangeBuilder:435) -  Card Range: <(?i)reserve.*27.*> "RESERVE_27" card type 80
2024-12-31 11:18:28,387 INFO  [OPIMessageServer MessageEvent[1444755232]] (CardRangeBuilder:435) -  Card Range: <(?i)reserve.*28.*> "RESERVE_28" card type 80
2024-12-31 11:18:28,388 INFO  [OPIMessageServer MessageEvent[1444755232]] (CardRangeBuilder:435) -  Card Range: <(?i)reserve.*29.*> "RESERVE_29" card type 80
2024-12-31 11:18:28,388 INFO  [OPIMessageServer MessageEvent[1444755232]] (CardRangeBuilder:435) -  Card Range: <(?i)alipay.*> "ALIPAY" card type 88
2024-12-31 11:18:28,388 INFO  [OPIMessageServer MessageEvent[1444755232]] (CardRangeBuilder:435) -  Card Range: <(?i)wechat.*> "WECHAT_PAY" card type 88
2024-12-31 11:18:28,389 INFO  [OPIMessageServer MessageEvent[1444755232]] (CardRangeBuilder:435) -  Card Range: <(?i)paypal.*> "PAYPAL" card type 88
2024-12-31 11:18:28,389 INFO  [OPIMessageServer MessageEvent[1444755232]] (CardRangeBuilder:435) -  Card Range: <(?i)apple.*> "APPLE_PAY" card type 88
2024-12-31 11:18:28,389 INFO  [OPIMessageServer MessageEvent[1444755232]] (CardRangeBuilder:435) -  Card Range: <(?i)samsung.*> "SAMSUNG_PAY" card type 88
2024-12-31 11:18:28,389 INFO  [OPIMessageServer MessageEvent[1444755232]] (CardRangeBuilder:435) -  Card Range: <(?i)android.*> "ANDROID_PAY" card type 88
2024-12-31 11:18:28,390 INFO  [OPIMessageServer MessageEvent[1444755232]] (CardRangeBuilder:435) -  Card Range: <(?i)google.*> "GOOGLE_PAY" card type 88
2024-12-31 11:18:28,390 INFO  [OPIMessageServer MessageEvent[1444755232]] (CardRangeBuilder:435) -  Card Range: <(?i)m.*pass.*> "MASTERPASS" card type 88
2024-12-31 11:18:28,391 INFO  [OPIMessageServer MessageEvent[1444755232]] (CardRangeBuilder:435) -  Card Range: <(?i)paylib.*> "PAYLIB" card type 88
2024-12-31 11:18:28,392 INFO  [OPIMessageServer MessageEvent[1444755232]] (CardRangeBuilder:435) -  Card Range: <(?i)amazon.*> "AMAZON_PAY" card type 88
2024-12-31 11:18:28,392 INFO  [OPIMessageServer MessageEvent[1444755232]] (CardRangeBuilder:435) -  Card Range: <(?i)seqr.*> "SEQR" card type 88
2024-12-31 11:18:28,393 INFO  [OPIMessageServer MessageEvent[1444755232]] (CardRangeBuilder:435) -  Card Range: <(?i)mobile.*> "MOBILEPAY" card type 88
2024-12-31 11:18:28,393 INFO  [OPIMessageServer MessageEvent[1444755232]] (CardRangeBuilder:435) -  Card Range: <(?i)lyf.*> "LYF_PAY" card type 88
2024-12-31 11:18:28,393 INFO  [OPIMessageServer MessageEvent[1444755232]] (CardRangeBuilder:435) -  Card Range: <(?i)yoyo.*> "YOYO_WALLET" card type 88
2024-12-31 11:18:28,394 INFO  [OPIMessageServer MessageEvent[1444755232]] (CardRangeBuilder:435) -  Card Range: <(?i)chase.*> "CHASE_PAY" card type 88
2024-12-31 11:18:28,394 INFO  [OPIMessageServer MessageEvent[1444755232]] (CardRangeBuilder:435) -  Card Range: <(?i)allied.*> "ALLIED_WALLET" card type 88
2024-12-31 11:18:28,395 INFO  [OPIMessageServer MessageEvent[1444755232]] (CardRangeBuilder:435) -  Card Range: <(?i)dwolla.*> "DWOLLA" card type 88
2024-12-31 11:18:28,396 INFO  [OPIMessageServer MessageEvent[1444755232]] (CardRangeBuilder:435) -  Card Range: <(?i)paytm.*> "PAYTM" card type 88
2024-12-31 11:18:28,396 INFO  [OPIMessageServer MessageEvent[1444755232]] (CardRangeBuilder:435) -  Card Range: <(?i)mobikwik.*> "MOBIKWIK" card type 88
2024-12-31 11:18:28,399 INFO  [OPIMessageServer MessageEvent[1444755232]] (CardRangeBuilder:435) -  Card Range: <(?i).*bank.*> "PAY_BY_BANK_APP" card type 88
2024-12-31 11:18:28,400 INFO  [OPIMessageServer MessageEvent[1444755232]] (CardRangeBuilder:435) -  Card Range: <(?i)payback.*> "PAYBACK" card type 88
2024-12-31 11:18:28,400 INFO  [OPIMessageServer MessageEvent[1444755232]] (CardRangeBuilder:435) -  Card Range: <(?i)after.*> "AFTERPAY" card type 88
2024-12-31 11:18:28,400 INFO  [OPIMessageServer MessageEvent[1444755232]] (CardRangeBuilder:435) -  Card Range: <(?i)affirm.*> "AFFIRM" card type 88
2024-12-31 11:18:28,401 INFO  [OPIMessageServer MessageEvent[1444755232]] (CardRangeBuilder:435) -  Card Range: <(?i)venmo.*> "VENMO" card type 88
2024-12-31 11:18:28,401 INFO  [OPIMessageServer MessageEvent[1444755232]] (CardRangeBuilder:435) -  Card Range: <(?i)klarna.*> "KLARNA" card type 88
2024-12-31 11:18:28,401 INFO  [OPIMessageServer MessageEvent[1444755232]] (CardRangeBuilder:435) -  Card Range: <(?i)sezzle.*> "SEZZLE" card type 88
2024-12-31 11:18:28,402 INFO  [OPIMessageServer MessageEvent[1444755232]] (CardRangeBuilder:435) -  Card Range: <(?i)quad.*> "QUADPAY" card type 88
2024-12-31 11:18:28,402 INFO  [OPIMessageServer MessageEvent[1444755232]] (CardRangeBuilder:435) -  Card Range: <(?i)laybuy.*> "LAYBUY" card type 88
2024-12-31 11:18:28,403 INFO  [OPIMessageServer MessageEvent[1444755232]] (CardRangeBuilder:435) -  Card Range: <(?i)zip.*> "ZIP" card type 88
2024-12-31 11:18:28,404 INFO  [OPIMessageServer MessageEvent[1444755232]] (CardRangeBuilder:435) -  Card Range: <(?i)open.*> "OPENPAY" card type 88
2024-12-31 11:18:28,404 INFO  [OPIMessageServer MessageEvent[1444755232]] (CardRangeBuilder:435) -  Card Range: <(?i)splitit.*> "SPLITIT" card type 88
2024-12-31 11:18:28,405 INFO  [OPIMessageServer MessageEvent[1444755232]] (CardRangeBuilder:435) -  Card Range: <(?i)swish.*> "SWISH" card type 88
2024-12-31 11:18:28,406 INFO  [OPIMessageServer MessageEvent[1444755232]] (CardRangeBuilder:435) -  Card Range: <(?i)twint.*> "TWINT" card type 88
2024-12-31 11:18:28,406 INFO  [OPIMessageServer MessageEvent[1444755232]] (CardRangeBuilder:435) -  Card Range: <(?i)line.*> "LINE" card type 88
2024-12-31 11:18:28,407 INFO  [OPIMessageServer MessageEvent[1444755232]] (CardRangeBuilder:435) -  Card Range: <(?i)airtel.*> "AIRTEL" card type 88
2024-12-31 11:18:28,409 INFO  [OPIMessageServer MessageEvent[1444755232]] (CardRangeBuilder:435) -  Card Range: <(?i)african.*> "AFRICAN_EWALLETS" card type 88
2024-12-31 11:18:28,410 INFO  [OPIMessageServer MessageEvent[1444755232]] (CardRangeBuilder:435) -  Card Range: <(?i)dana.*> "DANA" card type 88
2024-12-31 11:18:28,411 INFO  [OPIMessageServer MessageEvent[1444755232]] (CardRangeBuilder:435) -  Card Range: <(?i)gcash.*> "GCASH" card type 88
2024-12-31 11:18:28,411 INFO  [OPIMessageServer MessageEvent[1444755232]] (CardRangeBuilder:435) -  Card Range: <(?i)grab.*> "GRAB_PAY" card type 88
2024-12-31 11:18:28,412 INFO  [OPIMessageServer MessageEvent[1444755232]] (CardRangeBuilder:435) -  Card Range: <(?i)kakao.*> "KAKAO_PAY" card type 88
2024-12-31 11:18:28,412 INFO  [OPIMessageServer MessageEvent[1444755232]] (CardRangeBuilder:435) -  Card Range: <(?i)momo.*> "MOMO_WALLET" card type 88
2024-12-31 11:18:28,412 INFO  [OPIMessageServer MessageEvent[1444755232]] (CardRangeBuilder:435) -  Card Range: <(?i).*maya.*> "PAYMAYA" card type 88
2024-12-31 11:18:28,413 INFO  [OPIMessageServer MessageEvent[1444755232]] (CardRangeBuilder:435) -  Card Range: <(?i)vipps.*> "VIPPS" card type 88
2024-12-31 11:18:28,413 INFO  [OPIMessageServer MessageEvent[1444755232]] (CardRangeBuilder:435) -  Card Range: <(?i)pix.*> "PIX" card type 88
2024-12-31 11:18:28,414 INFO  [OPIMessageServer MessageEvent[1444755232]] (CardRangeBuilder:435) -  Card Range: <(?i)aci.*> "ACIPAYAFTER" card type 88
2024-12-31 11:18:28,414 INFO  [OPIMessageServer MessageEvent[1444755232]] (CardRangeBuilder:435) -  Card Range: <(?i)ame.*> "AME" card type 88
2024-12-31 11:18:28,420 INFO  [OPIMessageServer MessageEvent[1444755232]] (CardRangeBuilder:435) -  Card Range: <(?i)atome.*> "ATOME" card type 88
2024-12-31 11:18:28,420 INFO  [OPIMessageServer MessageEvent[1444755232]] (CardRangeBuilder:435) -  Card Range: <(?i)fourall.*> "FOURALL" card type 88
2024-12-31 11:18:28,423 INFO  [OPIMessageServer MessageEvent[1444755232]] (CardRangeBuilder:435) -  Card Range: <(?i)izpay.*> "IZPAY" card type 88
2024-12-31 11:18:28,423 INFO  [OPIMessageServer MessageEvent[1444755232]] (CardRangeBuilder:435) -  Card Range: <(?i)mercado.*> "MERCADO_PAGO" card type 88
2024-12-31 11:18:28,424 INFO  [OPIMessageServer MessageEvent[1444755232]] (CardRangeBuilder:435) -  Card Range: <(?i)pagseguro.*> "PAGSEGURO" card type 88
2024-12-31 11:18:28,425 INFO  [OPIMessageServer MessageEvent[1444755232]] (CardRangeBuilder:435) -  Card Range: <(?i)payunique.*> "PAYUNIQUE" card type 88
2024-12-31 11:18:28,425 INFO  [OPIMessageServer MessageEvent[1444755232]] (CardRangeBuilder:435) -  Card Range: <(?i)picpay.*> "PICPAY" card type 88
2024-12-31 11:18:28,426 INFO  [OPIMessageServer MessageEvent[1444755232]] (CardRangeBuilder:435) -  Card Range: <(?i)riachuelo.*> "RIACHUELO" card type 88
2024-12-31 11:18:28,427 INFO  [OPIMessageServer MessageEvent[1444755232]] (CardRangeBuilder:435) -  Card Range: <(?i)semparar.*> "SEMPARAR" card type 88
2024-12-31 11:18:28,427 INFO  [OPIMessageServer MessageEvent[1444755232]] (CardRangeBuilder:435) -  Card Range: <(?i)tapago.*> "TAPAGO" card type 88
2024-12-31 11:18:28,427 INFO  [OPIMessageServer MessageEvent[1444755232]] (CardRangeBuilder:435) -  Card Range: <(?i)ticketlog.*> "TICKETLOG" card type 88
2024-12-31 11:18:28,428 INFO  [OPIMessageServer MessageEvent[1444755232]] (CardRangeBuilder:435) -  Card Range: <(?i)troco.*> "TROCO_SIMPLES" card type 88
2024-12-31 11:18:28,428 INFO  [OPIMessageServer MessageEvent[1444755232]] (CardRangeBuilder:435) -  Card Range: <(?i)veedigital.*> "VEEDIGITAL" card type 88
2024-12-31 11:18:28,428 INFO  [OPIMessageServer MessageEvent[1444755232]] (CardRangeBuilder:435) -  Card Range: <(?i)generic.*ewallet> "GENERIC_EWALLET" card type 88
2024-12-31 11:18:28,429 INFO  [OPIMessageServer MessageEvent[1444755232]] (CardRangeBuilder:435) -  Card Range: <(?i)reserve.*1.*> "RESERVE_1" card type 88
2024-12-31 11:18:28,429 INFO  [OPIMessageServer MessageEvent[1444755232]] (CardRangeBuilder:435) -  Card Range: <(?i)reserve.*2.*> "RESERVE_2" card type 88
2024-12-31 11:18:28,429 INFO  [OPIMessageServer MessageEvent[1444755232]] (CardRangeBuilder:435) -  Card Range: <(?i)reserve.*3.*> "RESERVE_3" card type 88
2024-12-31 11:18:28,430 INFO  [OPIMessageServer MessageEvent[1444755232]] (CardRangeBuilder:435) -  Card Range: <(?i)reserve.*4.*> "RESERVE_4" card type 88
2024-12-31 11:18:28,430 INFO  [OPIMessageServer MessageEvent[1444755232]] (CardRangeBuilder:435) -  Card Range: <(?i)reserve.*5.*> "RESERVE_5" card type 88
2024-12-31 11:18:28,432 INFO  [OPIMessageServer MessageEvent[1444755232]] (CardRangeBuilder:435) -  Card Range: <(?i)reserve.*6.*> "RESERVE_6" card type 88
2024-12-31 11:18:28,433 INFO  [OPIMessageServer MessageEvent[1444755232]] (CardRangeBuilder:435) -  Card Range: <(?i)reserve.*7.*> "RESERVE_7" card type 88
2024-12-31 11:18:28,434 INFO  [OPIMessageServer MessageEvent[1444755232]] (CardRangeBuilder:435) -  Card Range: <(?i)reserve.*8.*> "RESERVE_8" card type 88
2024-12-31 11:18:28,435 INFO  [OPIMessageServer MessageEvent[1444755232]] (CardRangeBuilder:435) -  Card Range: <(?i)reserve.*9.*> "RESERVE_9" card type 88
2024-12-31 11:18:28,436 INFO  [OPIMessageServer MessageEvent[1444755232]] (CardRangeBuilder:435) -  Card Range: <.+> "UNKNOWN CARD" card type 80
2024-12-31 11:18:28,436 INFO  [OPIMessageServer MessageEvent[1444755232]] (CardRangeBuilder:611) -  MaskingCRC matches
2024-12-31 11:18:28,436 INFO  [OPIMessageServer MessageEvent[1444755232]] (OPIServer:1318) -  > POS: ServiceRequest/Login/1
2024-12-31 11:18:28,438 INFO  [OPIMessageServer MessageEvent[1444755232]] (OPISession:888) -  sending to 10100/60525-TLS:
<?xml version="1.0" encoding="UTF-8"?>
<ServiceResponse RequestID="1" WorkstationID="1" OverallResult="Uninitialised" ApplicationSender="XSTORE" RequestType="Login"/>
2024-12-31 11:18:28,455 INFO  [OPIMessageServerSession[1571441688]] (OPISession:970) -  socket 10100/60525-TLS closed at other end (bytes read 0)
2024-12-31 11:18:28,460 INFO  [OPIMessageServerSession[1571441688]] (OPIServer:757) -  POS disconnected - message session 1571441688 socket 10100/60525-TLS
2024-12-31 11:18:28,467 INFO  [OPIMessageServer[2041249336]] (OPIMessageServer$ConnectionHandler:819) -  messageSession 127.0.0.1/10100/60525-TLS starting message session 1571441688/77999893 terminated
2024-12-31 11:18:28,763 INFO  [OPIMessageServer[2041249336]] (OPIMessageServer$ConnectionHandler:811) -  connection accepted from 127.0.0.1/10100/60527-TLS starting message session 1156735648/206406874
2024-12-31 11:18:28,820 INFO  [OPIMessageServerSession[1156735648]] (OPIServer:569) -  POS connected - message session 1156735648 socket 10100/60527-TLS
2024-12-31 11:18:28,826 INFO  [OPIMessageServerSession[1156735648]] (OPISession:744) -  received from 10100/60527-TLS:
<?xml version='1.0' encoding='UTF-8'?>
<ServiceRequest RequestType="Login" ApplicationSender="XSTORE" WorkstationID="1" RequestID="1">
  <POSdata LanguageCode="eng">
    <POSTimeStamp>2024-12-31T11:18:27</POSTimeStamp>
    <StoreID>11347</StoreID>
    <StoreName>Salama Centre Showroom - Jeddah</StoreName>
    <StoreAddress1>30500 Bruce Industrial Pkwy</StoreAddress1>
    <StoreCity>Jeddah</StoreCity>
    <StoreCountry>SA</StoreCountry>
    <StoreLatitude>0.0</StoreLatitude>
    <StoreLongitude>0.0</StoreLongitude>
  </POSdata>
</ServiceRequest>
2024-12-31 11:18:28,868 INFO  [OPIMessageServer MessageEvent[292310686]] (DeviceAccessHandler:162) -  DeviceAccessHandler loaded
2024-12-31 11:18:28,869 INFO  [OPIMessageServer MessageEvent[292310686]] (DataAccessHandler:34) -  DataAccessHandler loaded
2024-12-31 11:18:28,884 INFO  [OPIMessageServer MessageEvent[292310686]] (Text:81) -  found local translation file C:\eftlink\LangEN.properties
2024-12-31 11:18:28,892 INFO  [OPIMessageServer MessageEvent[292310686]] (EPSFileProperties:65) -  loading properties file LangEN.properties from C:\eftlink
2024-12-31 11:18:28,897 INFO  [OPIMessageServer MessageEvent[292310686]] (EPSProduct:226) -  fuel product codes: ,0,1,2,3,4,5,6,8,10,11,12,13,14,15,16,17,18,19,20,21,22,23,28,30,31,
2024-12-31 11:18:28,897 INFO  [OPIMessageServer MessageEvent[292310686]] (EPSProduct:231) -  dispensable fuel product codes: ,1,2,3,4,5,6,20,21,22,23,28,30,31,
2024-12-31 11:18:28,897 INFO  [OPIMessageServer MessageEvent[292310686]] (OPIServer:2943) -  setting 2 decimal places
2024-12-31 11:18:28,898 ERROR [OPIMessageServer MessageEvent[292310686]] (EPSCoreFactory:240) -  failed to instantiate core com.asq.geidea.AsqGeideaCore: 
java.lang.NoClassDefFoundError: Could not initialize class com.asq.geidea.AsqGeideaCore
	at java.lang.Class.forName0(Native Method) ~[?:?]
	at java.lang.Class.forName(Class.java:315) ~[?:?]
	at manito.eft.common.EPSCoreFactory.instantiateCore(EPSCoreFactory.java:217) [eftlink.jar:?]
	at manito.eft.common.EPSCoreFactory.getCores(EPSCoreFactory.java:135) [eftlink.jar:?]
	at manito.eft.common.EPSCoreFactory.getCores(EPSCoreFactory.java:51) [eftlink.jar:?]
	at manito.eft.opi.server.OPIServer.completeInitialisation(OPIServer.java:2967) [eftlink.jar:?]
	at manito.eft.opi.server.OPIServer.messageReceived(OPIServer.java:1087) [eftlink.jar:?]
	at manito.eft.opi.messages.OPIMessageServer$MessageEvent.run(OPIMessageServer.java:894) [eftlink.jar:?]
	at java.lang.Thread.run(Thread.java:834) [?:?]
2024-12-31 11:18:28,898 ERROR [OPIMessageServer MessageEvent[292310686]] (EPSCoreFactory:144) -  primary core failed - aborting initialisation
2024-12-31 11:18:28,900 INFO  [OPIMessageServer MessageEvent[292310686]] (CardRangeBuilder:245) -  Loading card ranges from C:\eftlink\CardRange.xml
2024-12-31 11:18:28,919 INFO  [OPIMessageServer MessageEvent[292310686]] (CardRangeBuilder:322) -  attributes set for card type 80: [[Attribute: CardType="80"], [Attribute: MaskTo="12"], [Attribute: MaskFrom="7"], [Attribute: LoyaltyEligible="true"]]
2024-12-31 11:18:28,920 INFO  [OPIMessageServer MessageEvent[292310686]] (CardRangeBuilder:430) -  Card Range: 650611+-659999+ "DISCOVER" card type 80
2024-12-31 11:18:28,920 INFO  [OPIMessageServer MessageEvent[292310686]] (CardRangeBuilder:430) -  Card Range: 650601+-650609+ "DISCOVER" card type 80
2024-12-31 11:18:28,921 INFO  [OPIMessageServer MessageEvent[292310686]] (CardRangeBuilder:430) -  Card Range: 650000+-650600+ "DISCOVER" card type 80
2024-12-31 11:18:28,921 INFO  [OPIMessageServer MessageEvent[292310686]] (CardRangeBuilder:430) -  Card Range: 6440+-6499+ "DISCOVER" card type 80
2024-12-31 11:18:28,922 INFO  [OPIMessageServer MessageEvent[292310686]] (CardRangeBuilder:430) -  Card Range: 6282+-6288+ "UNIONPAY" card type 80
2024-12-31 11:18:28,922 INFO  [OPIMessageServer MessageEvent[292310686]] (CardRangeBuilder:430) -  Card Range: 6240+-6269+ "UNIONPAY" card type 80
2024-12-31 11:18:28,922 INFO  [OPIMessageServer MessageEvent[292310686]] (CardRangeBuilder:430) -  Card Range: 622126+-622925+ "UNIONPAY" card type 80
2024-12-31 11:18:28,922 INFO  [OPIMessageServer MessageEvent[292310686]] (CardRangeBuilder:430) -  Card Range: 601105+-601199+ "DISCOVER" card type 80
2024-12-31 11:18:28,923 INFO  [OPIMessageServer MessageEvent[292310686]] (CardRangeBuilder:430) -  Card Range: 601100+-601103+ "DISCOVER" card type 80
2024-12-31 11:18:28,923 INFO  [OPIMessageServer MessageEvent[292310686]] (CardRangeBuilder:430) -  Card Range: 51+-55+ "MASTERCARD" card type 80
2024-12-31 11:18:28,923 INFO  [OPIMessageServer MessageEvent[292310686]] (CardRangeBuilder:430) -  Card Range: 222100+-272099+ "MASTERCARD" card type 80
2024-12-31 11:18:28,924 INFO  [OPIMessageServer MessageEvent[292310686]] (CardRangeBuilder:430) -  Card Range: 3528+-3589+ "JCB" card type 80
2024-12-31 11:18:28,925 INFO  [OPIMessageServer MessageEvent[292310686]] (CardRangeBuilder:430) -  Card Range: 4+-4+ "VISA" card type 80
2024-12-31 11:18:28,925 INFO  [OPIMessageServer MessageEvent[292310686]] (CardRangeBuilder:430) -  Card Range: 37+-37+ "AMERICAN_EXPRESS" card type 80
2024-12-31 11:18:28,925 INFO  [OPIMessageServer MessageEvent[292310686]] (CardRangeBuilder:430) -  Card Range: 38+-39+ "DINERS_CLUB" card type 80
2024-12-31 11:18:28,925 INFO  [OPIMessageServer MessageEvent[292310686]] (CardRangeBuilder:430) -  Card Range: 36+-36+ "DINERS_CLUB" card type 80
2024-12-31 11:18:28,925 INFO  [OPIMessageServer MessageEvent[292310686]] (CardRangeBuilder:430) -  Card Range: 3095+-3095+ "DINERS_CLUB" card type 80
2024-12-31 11:18:28,926 INFO  [OPIMessageServer MessageEvent[292310686]] (CardRangeBuilder:430) -  Card Range: 300+-305+ "DINERS_CLUB" card type 80
2024-12-31 11:18:28,926 INFO  [OPIMessageServer MessageEvent[292310686]] (CardRangeBuilder:430) -  Card Range: 34+-34+ "AMERICAN_EXPRESS" card type 80
2024-12-31 11:18:28,926 INFO  [OPIMessageServer MessageEvent[292310686]] (CardRangeBuilder:435) -  Card Range: <(?i)m.*card.*> "MASTERCARD" card type 80
2024-12-31 11:18:28,927 INFO  [OPIMessageServer MessageEvent[292310686]] (CardRangeBuilder:435) -  Card Range: <(?i)disc.*> "DISCOVER" card type 80
2024-12-31 11:18:28,927 INFO  [OPIMessageServer MessageEvent[292310686]] (CardRangeBuilder:435) -  Card Range: <(?i)visa.*> "VISA" card type 80
2024-12-31 11:18:28,928 INFO  [OPIMessageServer MessageEvent[292310686]] (CardRangeBuilder:435) -  Card Range: <(?i)reserve.*10.*> "RESERVE_10" card type 80
2024-12-31 11:18:28,930 INFO  [OPIMessageServer MessageEvent[292310686]] (CardRangeBuilder:435) -  Card Range: <(?i)reserve.*11.*> "RESERVE_11" card type 80
2024-12-31 11:18:28,934 INFO  [OPIMessageServer MessageEvent[292310686]] (CardRangeBuilder:435) -  Card Range: <(?i)reserve.*12.*> "RESERVE_12" card type 80
2024-12-31 11:18:28,935 INFO  [OPIMessageServer MessageEvent[292310686]] (CardRangeBuilder:435) -  Card Range: <(?i)reserve.*13.*> "RESERVE_13" card type 80
2024-12-31 11:18:28,935 INFO  [OPIMessageServer MessageEvent[292310686]] (CardRangeBuilder:435) -  Card Range: <(?i)reserve.*14.*> "RESERVE_14" card type 80
2024-12-31 11:18:28,935 INFO  [OPIMessageServer MessageEvent[292310686]] (CardRangeBuilder:435) -  Card Range: <(?i)reserve.*15.*> "RESERVE_15" card type 80
2024-12-31 11:18:28,936 INFO  [OPIMessageServer MessageEvent[292310686]] (CardRangeBuilder:435) -  Card Range: <(?i)reserve.*16.*> "RESERVE_16" card type 80
2024-12-31 11:18:28,936 INFO  [OPIMessageServer MessageEvent[292310686]] (CardRangeBuilder:435) -  Card Range: <(?i)reserve.*17.*> "RESERVE_17" card type 80
2024-12-31 11:18:28,936 INFO  [OPIMessageServer MessageEvent[292310686]] (CardRangeBuilder:435) -  Card Range: <(?i)reserve.*18.*> "RESERVE_18" card type 80
2024-12-31 11:18:28,936 INFO  [OPIMessageServer MessageEvent[292310686]] (CardRangeBuilder:435) -  Card Range: <(?i)reserve.*19.*> "RESERVE_19" card type 80
2024-12-31 11:18:28,936 INFO  [OPIMessageServer MessageEvent[292310686]] (CardRangeBuilder:435) -  Card Range: <(?i)reserve.*20.*> "RESERVE_20" card type 80
2024-12-31 11:18:28,937 INFO  [OPIMessageServer MessageEvent[292310686]] (CardRangeBuilder:435) -  Card Range: <(?i)reserve.*21.*> "RESERVE_21" card type 80
2024-12-31 11:18:28,938 INFO  [OPIMessageServer MessageEvent[292310686]] (CardRangeBuilder:435) -  Card Range: <(?i)reserve.*22.*> "RESERVE_22" card type 80
2024-12-31 11:18:28,938 INFO  [OPIMessageServer MessageEvent[292310686]] (CardRangeBuilder:435) -  Card Range: <(?i)reserve.*23.*> "RESERVE_23" card type 80
2024-12-31 11:18:28,939 INFO  [OPIMessageServer MessageEvent[292310686]] (CardRangeBuilder:435) -  Card Range: <(?i)reserve.*24.*> "RESERVE_24" card type 80
2024-12-31 11:18:28,940 INFO  [OPIMessageServer MessageEvent[292310686]] (CardRangeBuilder:435) -  Card Range: <(?i)reserve.*25.*> "RESERVE_25" card type 80
2024-12-31 11:18:28,940 INFO  [OPIMessageServer MessageEvent[292310686]] (CardRangeBuilder:435) -  Card Range: <(?i)reserve.*26.*> "RESERVE_26" card type 80
2024-12-31 11:18:28,942 INFO  [OPIMessageServer MessageEvent[292310686]] (CardRangeBuilder:435) -  Card Range: <(?i)reserve.*27.*> "RESERVE_27" card type 80
2024-12-31 11:18:28,943 INFO  [OPIMessageServer MessageEvent[292310686]] (CardRangeBuilder:435) -  Card Range: <(?i)reserve.*28.*> "RESERVE_28" card type 80
2024-12-31 11:18:28,943 INFO  [OPIMessageServer MessageEvent[292310686]] (CardRangeBuilder:435) -  Card Range: <(?i)reserve.*29.*> "RESERVE_29" card type 80
2024-12-31 11:18:28,944 INFO  [OPIMessageServer MessageEvent[292310686]] (CardRangeBuilder:435) -  Card Range: <(?i)alipay.*> "ALIPAY" card type 88
2024-12-31 11:18:28,945 INFO  [OPIMessageServer MessageEvent[292310686]] (CardRangeBuilder:435) -  Card Range: <(?i)wechat.*> "WECHAT_PAY" card type 88
2024-12-31 11:18:28,946 INFO  [OPIMessageServer MessageEvent[292310686]] (CardRangeBuilder:435) -  Card Range: <(?i)paypal.*> "PAYPAL" card type 88
2024-12-31 11:18:28,947 INFO  [OPIMessageServer MessageEvent[292310686]] (CardRangeBuilder:435) -  Card Range: <(?i)apple.*> "APPLE_PAY" card type 88
2024-12-31 11:18:28,948 INFO  [OPIMessageServer MessageEvent[292310686]] (CardRangeBuilder:435) -  Card Range: <(?i)samsung.*> "SAMSUNG_PAY" card type 88
2024-12-31 11:18:28,949 INFO  [OPIMessageServer MessageEvent[292310686]] (CardRangeBuilder:435) -  Card Range: <(?i)android.*> "ANDROID_PAY" card type 88
2024-12-31 11:18:28,950 INFO  [OPIMessageServer MessageEvent[292310686]] (CardRangeBuilder:435) -  Card Range: <(?i)google.*> "GOOGLE_PAY" card type 88
2024-12-31 11:18:28,950 INFO  [OPIMessageServer MessageEvent[292310686]] (CardRangeBuilder:435) -  Card Range: <(?i)m.*pass.*> "MASTERPASS" card type 88
2024-12-31 11:18:28,952 INFO  [OPIMessageServer MessageEvent[292310686]] (CardRangeBuilder:435) -  Card Range: <(?i)paylib.*> "PAYLIB" card type 88
2024-12-31 11:18:28,953 INFO  [OPIMessageServer MessageEvent[292310686]] (CardRangeBuilder:435) -  Card Range: <(?i)amazon.*> "AMAZON_PAY" card type 88
2024-12-31 11:18:28,954 INFO  [OPIMessageServer MessageEvent[292310686]] (CardRangeBuilder:435) -  Card Range: <(?i)seqr.*> "SEQR" card type 88
2024-12-31 11:18:28,956 INFO  [OPIMessageServer MessageEvent[292310686]] (CardRangeBuilder:435) -  Card Range: <(?i)mobile.*> "MOBILEPAY" card type 88
2024-12-31 11:18:28,957 INFO  [OPIMessageServer MessageEvent[292310686]] (CardRangeBuilder:435) -  Card Range: <(?i)lyf.*> "LYF_PAY" card type 88
2024-12-31 11:18:28,958 INFO  [OPIMessageServer MessageEvent[292310686]] (CardRangeBuilder:435) -  Card Range: <(?i)yoyo.*> "YOYO_WALLET" card type 88
2024-12-31 11:18:28,959 INFO  [OPIMessageServer MessageEvent[292310686]] (CardRangeBuilder:435) -  Card Range: <(?i)chase.*> "CHASE_PAY" card type 88
2024-12-31 11:18:28,960 INFO  [OPIMessageServer MessageEvent[292310686]] (CardRangeBuilder:435) -  Card Range: <(?i)allied.*> "ALLIED_WALLET" card type 88
2024-12-31 11:18:28,962 INFO  [OPIMessageServer MessageEvent[292310686]] (CardRangeBuilder:435) -  Card Range: <(?i)dwolla.*> "DWOLLA" card type 88
2024-12-31 11:18:28,963 INFO  [OPIMessageServer MessageEvent[292310686]] (CardRangeBuilder:435) -  Card Range: <(?i)paytm.*> "PAYTM" card type 88
2024-12-31 11:18:28,964 INFO  [OPIMessageServer MessageEvent[292310686]] (CardRangeBuilder:435) -  Card Range: <(?i)mobikwik.*> "MOBIKWIK" card type 88
2024-12-31 11:18:28,964 INFO  [OPIMessageServer MessageEvent[292310686]] (CardRangeBuilder:435) -  Card Range: <(?i).*bank.*> "PAY_BY_BANK_APP" card type 88
2024-12-31 11:18:28,965 INFO  [OPIMessageServer MessageEvent[292310686]] (CardRangeBuilder:435) -  Card Range: <(?i)payback.*> "PAYBACK" card type 88
2024-12-31 11:18:28,965 INFO  [OPIMessageServer MessageEvent[292310686]] (CardRangeBuilder:435) -  Card Range: <(?i)after.*> "AFTERPAY" card type 88
2024-12-31 11:18:28,966 INFO  [OPIMessageServer MessageEvent[292310686]] (CardRangeBuilder:435) -  Card Range: <(?i)affirm.*> "AFFIRM" card type 88
2024-12-31 11:18:28,966 INFO  [OPIMessageServer MessageEvent[292310686]] (CardRangeBuilder:435) -  Card Range: <(?i)venmo.*> "VENMO" card type 88
2024-12-31 11:18:28,967 INFO  [OPIMessageServer MessageEvent[292310686]] (CardRangeBuilder:435) -  Card Range: <(?i)klarna.*> "KLARNA" card type 88
2024-12-31 11:18:28,967 INFO  [OPIMessageServer MessageEvent[292310686]] (CardRangeBuilder:435) -  Card Range: <(?i)sezzle.*> "SEZZLE" card type 88
2024-12-31 11:18:28,967 INFO  [OPIMessageServer MessageEvent[292310686]] (CardRangeBuilder:435) -  Card Range: <(?i)quad.*> "QUADPAY" card type 88
2024-12-31 11:18:28,967 INFO  [OPIMessageServer MessageEvent[292310686]] (CardRangeBuilder:435) -  Card Range: <(?i)laybuy.*> "LAYBUY" card type 88
2024-12-31 11:18:28,968 INFO  [OPIMessageServer MessageEvent[292310686]] (CardRangeBuilder:435) -  Card Range: <(?i)zip.*> "ZIP" card type 88
2024-12-31 11:18:28,968 INFO  [OPIMessageServer MessageEvent[292310686]] (CardRangeBuilder:435) -  Card Range: <(?i)open.*> "OPENPAY" card type 88
2024-12-31 11:18:28,970 INFO  [OPIMessageServer MessageEvent[292310686]] (CardRangeBuilder:435) -  Card Range: <(?i)splitit.*> "SPLITIT" card type 88
2024-12-31 11:18:28,970 INFO  [OPIMessageServer MessageEvent[292310686]] (CardRangeBuilder:435) -  Card Range: <(?i)swish.*> "SWISH" card type 88
2024-12-31 11:18:28,970 INFO  [OPIMessageServer MessageEvent[292310686]] (CardRangeBuilder:435) -  Card Range: <(?i)twint.*> "TWINT" card type 88
2024-12-31 11:18:28,972 INFO  [OPIMessageServer MessageEvent[292310686]] (CardRangeBuilder:435) -  Card Range: <(?i)line.*> "LINE" card type 88
2024-12-31 11:18:28,973 INFO  [OPIMessageServer MessageEvent[292310686]] (CardRangeBuilder:435) -  Card Range: <(?i)airtel.*> "AIRTEL" card type 88
2024-12-31 11:18:28,973 INFO  [OPIMessageServer MessageEvent[292310686]] (CardRangeBuilder:435) -  Card Range: <(?i)african.*> "AFRICAN_EWALLETS" card type 88
2024-12-31 11:18:28,974 INFO  [OPIMessageServer MessageEvent[292310686]] (CardRangeBuilder:435) -  Card Range: <(?i)dana.*> "DANA" card type 88
2024-12-31 11:18:28,975 INFO  [OPIMessageServer MessageEvent[292310686]] (CardRangeBuilder:435) -  Card Range: <(?i)gcash.*> "GCASH" card type 88
2024-12-31 11:18:28,976 INFO  [OPIMessageServer MessageEvent[292310686]] (CardRangeBuilder:435) -  Card Range: <(?i)grab.*> "GRAB_PAY" card type 88
2024-12-31 11:18:28,976 INFO  [OPIMessageServer MessageEvent[292310686]] (CardRangeBuilder:435) -  Card Range: <(?i)kakao.*> "KAKAO_PAY" card type 88
2024-12-31 11:18:28,977 INFO  [OPIMessageServer MessageEvent[292310686]] (CardRangeBuilder:435) -  Card Range: <(?i)momo.*> "MOMO_WALLET" card type 88
2024-12-31 11:18:28,978 INFO  [OPIMessageServer MessageEvent[292310686]] (CardRangeBuilder:435) -  Card Range: <(?i).*maya.*> "PAYMAYA" card type 88
2024-12-31 11:18:28,978 INFO  [OPIMessageServer MessageEvent[292310686]] (CardRangeBuilder:435) -  Card Range: <(?i)vipps.*> "VIPPS" card type 88
2024-12-31 11:18:28,980 INFO  [OPIMessageServer MessageEvent[292310686]] (CardRangeBuilder:435) -  Card Range: <(?i)pix.*> "PIX" card type 88
2024-12-31 11:18:28,983 INFO  [OPIMessageServer MessageEvent[292310686]] (CardRangeBuilder:435) -  Card Range: <(?i)aci.*> "ACIPAYAFTER" card type 88
2024-12-31 11:18:28,983 INFO  [OPIMessageServer MessageEvent[292310686]] (CardRangeBuilder:435) -  Card Range: <(?i)ame.*> "AME" card type 88
2024-12-31 11:18:28,985 INFO  [OPIMessageServer MessageEvent[292310686]] (CardRangeBuilder:435) -  Card Range: <(?i)atome.*> "ATOME" card type 88
2024-12-31 11:18:28,986 INFO  [OPIMessageServer MessageEvent[292310686]] (CardRangeBuilder:435) -  Card Range: <(?i)fourall.*> "FOURALL" card type 88
2024-12-31 11:18:28,987 INFO  [OPIMessageServer MessageEvent[292310686]] (CardRangeBuilder:435) -  Card Range: <(?i)izpay.*> "IZPAY" card type 88
2024-12-31 11:18:28,987 INFO  [OPIMessageServer MessageEvent[292310686]] (CardRangeBuilder:435) -  Card Range: <(?i)mercado.*> "MERCADO_PAGO" card type 88
2024-12-31 11:18:28,991 INFO  [OPIMessageServer MessageEvent[292310686]] (CardRangeBuilder:435) -  Card Range: <(?i)pagseguro.*> "PAGSEGURO" card type 88
2024-12-31 11:18:28,992 INFO  [OPIMessageServer MessageEvent[292310686]] (CardRangeBuilder:435) -  Card Range: <(?i)payunique.*> "PAYUNIQUE" card type 88
2024-12-31 11:18:28,993 INFO  [OPIMessageServer MessageEvent[292310686]] (CardRangeBuilder:435) -  Card Range: <(?i)picpay.*> "PICPAY" card type 88
2024-12-31 11:18:28,997 INFO  [OPIMessageServer MessageEvent[292310686]] (CardRangeBuilder:435) -  Card Range: <(?i)riachuelo.*> "RIACHUELO" card type 88
2024-12-31 11:18:28,999 INFO  [OPIMessageServer MessageEvent[292310686]] (CardRangeBuilder:435) -  Card Range: <(?i)semparar.*> "SEMPARAR" card type 88
2024-12-31 11:18:29,002 INFO  [OPIMessageServer MessageEvent[292310686]] (CardRangeBuilder:435) -  Card Range: <(?i)tapago.*> "TAPAGO" card type 88
2024-12-31 11:18:29,002 INFO  [OPIMessageServer MessageEvent[292310686]] (CardRangeBuilder:435) -  Card Range: <(?i)ticketlog.*> "TICKETLOG" card type 88
2024-12-31 11:18:29,003 INFO  [OPIMessageServer MessageEvent[292310686]] (CardRangeBuilder:435) -  Card Range: <(?i)troco.*> "TROCO_SIMPLES" card type 88
2024-12-31 11:18:29,005 INFO  [OPIMessageServer MessageEvent[292310686]] (CardRangeBuilder:435) -  Card Range: <(?i)veedigital.*> "VEEDIGITAL" card type 88
2024-12-31 11:18:29,009 INFO  [OPIMessageServer MessageEvent[292310686]] (CardRangeBuilder:435) -  Card Range: <(?i)generic.*ewallet> "GENERIC_EWALLET" card type 88
2024-12-31 11:18:29,015 INFO  [OPIMessageServer MessageEvent[292310686]] (CardRangeBuilder:435) -  Card Range: <(?i)reserve.*1.*> "RESERVE_1" card type 88
2024-12-31 11:18:29,017 INFO  [OPIMessageServer MessageEvent[292310686]] (CardRangeBuilder:435) -  Card Range: <(?i)reserve.*2.*> "RESERVE_2" card type 88
2024-12-31 11:18:29,019 INFO  [OPIMessageServer MessageEvent[292310686]] (CardRangeBuilder:435) -  Card Range: <(?i)reserve.*3.*> "RESERVE_3" card type 88
2024-12-31 11:18:29,021 INFO  [OPIMessageServer MessageEvent[292310686]] (CardRangeBuilder:435) -  Card Range: <(?i)reserve.*4.*> "RESERVE_4" card type 88
2024-12-31 11:18:29,026 INFO  [OPIMessageServer MessageEvent[292310686]] (CardRangeBuilder:435) -  Card Range: <(?i)reserve.*5.*> "RESERVE_5" card type 88
2024-12-31 11:18:29,027 INFO  [OPIMessageServer MessageEvent[292310686]] (CardRangeBuilder:435) -  Card Range: <(?i)reserve.*6.*> "RESERVE_6" card type 88
2024-12-31 11:18:29,028 INFO  [OPIMessageServer MessageEvent[292310686]] (CardRangeBuilder:435) -  Card Range: <(?i)reserve.*7.*> "RESERVE_7" card type 88
2024-12-31 11:18:29,030 INFO  [OPIMessageServer MessageEvent[292310686]] (CardRangeBuilder:435) -  Card Range: <(?i)reserve.*8.*> "RESERVE_8" card type 88
2024-12-31 11:18:29,030 INFO  [OPIMessageServer MessageEvent[292310686]] (CardRangeBuilder:435) -  Card Range: <(?i)reserve.*9.*> "RESERVE_9" card type 88
2024-12-31 11:18:29,032 INFO  [OPIMessageServer MessageEvent[292310686]] (CardRangeBuilder:435) -  Card Range: <.+> "UNKNOWN CARD" card type 80
2024-12-31 11:18:29,034 INFO  [OPIMessageServer MessageEvent[292310686]] (CardRangeBuilder:611) -  MaskingCRC matches
2024-12-31 11:18:29,034 INFO  [OPIMessageServer MessageEvent[292310686]] (OPIServer:1318) -  > POS: ServiceRequest/Login/1
2024-12-31 11:18:29,035 INFO  [OPIMessageServer MessageEvent[292310686]] (OPISession:888) -  sending to 10100/60527-TLS:
<?xml version="1.0" encoding="UTF-8"?>
<ServiceResponse RequestID="1" WorkstationID="1" OverallResult="Uninitialised" ApplicationSender="XSTORE" RequestType="Login"/>
2024-12-31 11:18:29,044 INFO  [OPIMessageServerSession[1156735648]] (OPISession:970) -  socket 10100/60527-TLS closed at other end (bytes read 0)
2024-12-31 11:18:29,045 INFO  [OPIMessageServerSession[1156735648]] (OPIServer:757) -  POS disconnected - message session 1156735648 socket 10100/60527-TLS
2024-12-31 11:18:29,047 INFO  [OPIMessageServer[2041249336]] (OPIMessageServer$ConnectionHandler:819) -  messageSession 127.0.0.1/10100/60527-TLS starting message session 1156735648/206406874 terminated
